0x555555555187: => 0x555555555187 <main+4>:	push   %rbp

0x555555555188: => 0x555555555188 <main+5>:	mov    %rsp,%rbp

0x55555555518b: => 0x55555555518b <main+8>:	sub    $0x10,%rsp

0x55555555518f: => 0x55555555518f <main+12>:	movl   $0x28,-0xc(%rbp)

0x555555555196: => 0x555555555196 <main+19>:	movl   $0x0,-0x10(%rbp)

0x55555555519d: => 0x55555555519d <main+26>:	jmp    0x5555555551b4 <main+49>

0x5555555551b4: => 0x5555555551b4 <main+49>:	mov    -0x10(%rbp),%eax

0x5555555551b7: => 0x5555555551b7 <main+52>:	cmp    -0xc(%rbp),%eax

0x5555555551ba: => 0x5555555551ba <main+55>:	jl     0x55555555519f <main+28>

0x55555555519f: => 0x55555555519f <main+28>:	mov    -0x10(%rbp),%eax

0x5555555551a2: => 0x5555555551a2 <main+31>:	cltq   

0x5555555551a4: => 0x5555555551a4 <main+33>:	mov    %rax,%rdi

0x5555555551a7: => 0x5555555551a7 <main+36>:	callq  0x555555555129 <fibonacci>

0x5555555551ac: => 0x5555555551ac <main+41>:	mov    %rax,-0x8(%rbp)

0x5555555551b0: => 0x5555555551b0 <main+45>:	addl   $0x1,-0x10(%rbp)

0x5555555551b4: => 0x5555555551b4 <main+49>:	mov    -0x10(%rbp),%eax

0x5555555551b7: => 0x5555555551b7 <main+52>:	cmp    -0xc(%rbp),%eax

0x5555555551ba: => 0x5555555551ba <main+55>:	jl     0x55555555519f <main+28>

0x55555555519f: => 0x55555555519f <main+28>:	mov    -0x10(%rbp),%eax

0x5555555551a2: => 0x5555555551a2 <main+31>:	cltq   

0x5555555551a4: => 0x5555555551a4 <main+33>:	mov    %rax,%rdi

0x5555555551a7: => 0x5555555551a7 <main+36>:	callq  0x555555555129 <fibonacci>

0x5555555551ac: => 0x5555555551ac <main+41>:	mov    %rax,-0x8(%rbp)

0x5555555551b0: => 0x5555555551b0 <main+45>:	addl   $0x1,-0x10(%rbp)

0x5555555551b4: => 0x5555555551b4 <main+49>:	mov    -0x10(%rbp),%eax

0x5555555551b7: => 0x5555555551b7 <main+52>:	cmp    -0xc(%rbp),%eax

0x5555555551ba: => 0x5555555551ba <main+55>:	jl     0x55555555519f <main+28>

0x55555555519f: => 0x55555555519f <main+28>:	mov    -0x10(%rbp),%eax

0x5555555551a2: => 0x5555555551a2 <main+31>:	cltq   

0x5555555551a4: => 0x5555555551a4 <main+33>:	mov    %rax,%rdi

0x5555555551a7: => 0x5555555551a7 <main+36>:	callq  0x555555555129 <fibonacci>

0x5555555551ac: => 0x5555555551ac <main+41>:	mov    %rax,-0x8(%rbp)

0x5555555551b0: => 0x5555555551b0 <main+45>:	addl   $0x1,-0x10(%rbp)

0x5555555551b4: => 0x5555555551b4 <main+49>:	mov    -0x10(%rbp),%eax

0x5555555551b7: => 0x5555555551b7 <main+52>:	cmp    -0xc(%rbp),%eax

0x5555555551ba: => 0x5555555551ba <main+55>:	jl     0x55555555519f <main+28>

0x55555555519f: => 0x55555555519f <main+28>:	mov    -0x10(%rbp),%eax

0x5555555551a2: => 0x5555555551a2 <main+31>:	cltq   

0x5555555551a4: => 0x5555555551a4 <main+33>:	mov    %rax,%rdi

0x5555555551a7: => 0x5555555551a7 <main+36>:	callq  0x555555555129 <fibonacci>

0x5555555551ac: => 0x5555555551ac <main+41>:	mov    %rax,-0x8(%rbp)

0x5555555551b0: => 0x5555555551b0 <main+45>:	addl   $0x1,-0x10(%rbp)

0x5555555551b4: => 0x5555555551b4 <main+49>:	mov    -0x10(%rbp),%eax

0x5555555551b7: => 0x5555555551b7 <main+52>:	cmp    -0xc(%rbp),%eax

0x5555555551ba: => 0x5555555551ba <main+55>:	jl     0x55555555519f <main+28>

0x55555555519f: => 0x55555555519f <main+28>:	mov    -0x10(%rbp),%eax

0x5555555551a2: => 0x5555555551a2 <main+31>:	cltq   

0x5555555551a4: => 0x5555555551a4 <main+33>:	mov    %rax,%rdi

0x5555555551a7: => 0x5555555551a7 <main+36>:	callq  0x555555555129 <fibonacci>

0x5555555551ac: => 0x5555555551ac <main+41>:	mov    %rax,-0x8(%rbp)

0x5555555551b0: => 0x5555555551b0 <main+45>:	addl   $0x1,-0x10(%rbp)

0x5555555551b4: => 0x5555555551b4 <main+49>:	mov    -0x10(%rbp),%eax

0x5555555551b7: => 0x5555555551b7 <main+52>:	cmp    -0xc(%rbp),%eax

0x5555555551ba: => 0x5555555551ba <main+55>:	jl     0x55555555519f <main+28>

0x55555555519f: => 0x55555555519f <main+28>:	mov    -0x10(%rbp),%eax

0x5555555551a2: => 0x5555555551a2 <main+31>:	cltq   

0x5555555551a4: => 0x5555555551a4 <main+33>:	mov    %rax,%rdi

0x5555555551a7: => 0x5555555551a7 <main+36>:	callq  0x555555555129 <fibonacci>

0x5555555551ac: => 0x5555555551ac <main+41>:	mov    %rax,-0x8(%rbp)

0x5555555551b0: => 0x5555555551b0 <main+45>:	addl   $0x1,-0x10(%rbp)

0x5555555551b4: => 0x5555555551b4 <main+49>:	mov    -0x10(%rbp),%eax

0x5555555551b7: => 0x5555555551b7 <main+52>:	cmp    -0xc(%rbp),%eax

0x5555555551ba: => 0x5555555551ba <main+55>:	jl     0x55555555519f <main+28>

0x55555555519f: => 0x55555555519f <main+28>:	mov    -0x10(%rbp),%eax

0x5555555551a2: => 0x5555555551a2 <main+31>:	cltq   

0x5555555551a4: => 0x5555555551a4 <main+33>:	mov    %rax,%rdi

0x5555555551a7: => 0x5555555551a7 <main+36>:	callq  0x555555555129 <fibonacci>

0x5555555551ac: => 0x5555555551ac <main+41>:	mov    %rax,-0x8(%rbp)

0x5555555551b0: => 0x5555555551b0 <main+45>:	addl   $0x1,-0x10(%rbp)

0x5555555551b4: => 0x5555555551b4 <main+49>:	mov    -0x10(%rbp),%eax

0x5555555551b7: => 0x5555555551b7 <main+52>:	cmp    -0xc(%rbp),%eax

0x5555555551ba: => 0x5555555551ba <main+55>:	jl     0x55555555519f <main+28>

0x55555555519f: => 0x55555555519f <main+28>:	mov    -0x10(%rbp),%eax

0x5555555551a2: => 0x5555555551a2 <main+31>:	cltq   

0x5555555551a4: => 0x5555555551a4 <main+33>:	mov    %rax,%rdi

0x5555555551a7: => 0x5555555551a7 <main+36>:	callq  0x555555555129 <fibonacci>

0x5555555551ac: => 0x5555555551ac <main+41>:	mov    %rax,-0x8(%rbp)

0x5555555551b0: => 0x5555555551b0 <main+45>:	addl   $0x1,-0x10(%rbp)

0x5555555551b4: => 0x5555555551b4 <main+49>:	mov    -0x10(%rbp),%eax

0x5555555551b7: => 0x5555555551b7 <main+52>:	cmp    -0xc(%rbp),%eax

0x5555555551ba: => 0x5555555551ba <main+55>:	jl     0x55555555519f <main+28>

0x55555555519f: => 0x55555555519f <main+28>:	mov    -0x10(%rbp),%eax

0x5555555551a2: => 0x5555555551a2 <main+31>:	cltq   

0x5555555551a4: => 0x5555555551a4 <main+33>:	mov    %rax,%rdi

0x5555555551a7: => 0x5555555551a7 <main+36>:	callq  0x555555555129 <fibonacci>

0x5555555551ac: => 0x5555555551ac <main+41>:	mov    %rax,-0x8(%rbp)

0x5555555551b0: => 0x5555555551b0 <main+45>:	addl   $0x1,-0x10(%rbp)

0x5555555551b4: => 0x5555555551b4 <main+49>:	mov    -0x10(%rbp),%eax

0x5555555551b7: => 0x5555555551b7 <main+52>:	cmp    -0xc(%rbp),%eax

0x5555555551ba: => 0x5555555551ba <main+55>:	jl     0x55555555519f <main+28>

0x55555555519f: => 0x55555555519f <main+28>:	mov    -0x10(%rbp),%eax

0x5555555551a2: => 0x5555555551a2 <main+31>:	cltq   

0x5555555551a4: => 0x5555555551a4 <main+33>:	mov    %rax,%rdi

0x5555555551a7: => 0x5555555551a7 <main+36>:	callq  0x555555555129 <fibonacci>

0x5555555551ac: => 0x5555555551ac <main+41>:	mov    %rax,-0x8(%rbp)

0x5555555551b0: => 0x5555555551b0 <main+45>:	addl   $0x1,-0x10(%rbp)

0x5555555551b4: => 0x5555555551b4 <main+49>:	mov    -0x10(%rbp),%eax

0x5555555551b7: => 0x5555555551b7 <main+52>:	cmp    -0xc(%rbp),%eax

0x5555555551ba: => 0x5555555551ba <main+55>:	jl     0x55555555519f <main+28>

0x55555555519f: => 0x55555555519f <main+28>:	mov    -0x10(%rbp),%eax

0x5555555551a2: => 0x5555555551a2 <main+31>:	cltq   

0x5555555551a4: => 0x5555555551a4 <main+33>:	mov    %rax,%rdi

0x5555555551a7: => 0x5555555551a7 <main+36>:	callq  0x555555555129 <fibonacci>

0x5555555551ac: => 0x5555555551ac <main+41>:	mov    %rax,-0x8(%rbp)

0x5555555551b0: => 0x5555555551b0 <main+45>:	addl   $0x1,-0x10(%rbp)

0x5555555551b4: => 0x5555555551b4 <main+49>:	mov    -0x10(%rbp),%eax

0x5555555551b7: => 0x5555555551b7 <main+52>:	cmp    -0xc(%rbp),%eax

0x5555555551ba: => 0x5555555551ba <main+55>:	jl     0x55555555519f <main+28>

0x55555555519f: => 0x55555555519f <main+28>:	mov    -0x10(%rbp),%eax

0x5555555551a2: => 0x5555555551a2 <main+31>:	cltq   

0x5555555551a4: => 0x5555555551a4 <main+33>:	mov    %rax,%rdi

0x5555555551a7: => 0x5555555551a7 <main+36>:	callq  0x555555555129 <fibonacci>

0x5555555551ac: => 0x5555555551ac <main+41>:	mov    %rax,-0x8(%rbp)

0x5555555551b0: => 0x5555555551b0 <main+45>:	addl   $0x1,-0x10(%rbp)

0x5555555551b4: => 0x5555555551b4 <main+49>:	mov    -0x10(%rbp),%eax

0x5555555551b7: => 0x5555555551b7 <main+52>:	cmp    -0xc(%rbp),%eax

0x5555555551ba: => 0x5555555551ba <main+55>:	jl     0x55555555519f <main+28>

0x55555555519f: => 0x55555555519f <main+28>:	mov    -0x10(%rbp),%eax

0x5555555551a2: => 0x5555555551a2 <main+31>:	cltq   

0x5555555551a4: => 0x5555555551a4 <main+33>:	mov    %rax,%rdi

0x5555555551a7: => 0x5555555551a7 <main+36>:	callq  0x555555555129 <fibonacci>

0x5555555551ac: => 0x5555555551ac <main+41>:	mov    %rax,-0x8(%rbp)

0x5555555551b0: => 0x5555555551b0 <main+45>:	addl   $0x1,-0x10(%rbp)

0x5555555551b4: => 0x5555555551b4 <main+49>:	mov    -0x10(%rbp),%eax

0x5555555551b7: => 0x5555555551b7 <main+52>:	cmp    -0xc(%rbp),%eax

0x5555555551ba: => 0x5555555551ba <main+55>:	jl     0x55555555519f <main+28>

0x55555555519f: => 0x55555555519f <main+28>:	mov    -0x10(%rbp),%eax

0x5555555551a2: => 0x5555555551a2 <main+31>:	cltq   

0x5555555551a4: => 0x5555555551a4 <main+33>:	mov    %rax,%rdi

0x5555555551a7: => 0x5555555551a7 <main+36>:	callq  0x555555555129 <fibonacci>

0x5555555551ac: => 0x5555555551ac <main+41>:	mov    %rax,-0x8(%rbp)

0x5555555551b0: => 0x5555555551b0 <main+45>:	addl   $0x1,-0x10(%rbp)

0x5555555551b4: => 0x5555555551b4 <main+49>:	mov    -0x10(%rbp),%eax

0x5555555551b7: => 0x5555555551b7 <main+52>:	cmp    -0xc(%rbp),%eax

0x5555555551ba: => 0x5555555551ba <main+55>:	jl     0x55555555519f <main+28>

0x55555555519f: => 0x55555555519f <main+28>:	mov    -0x10(%rbp),%eax

0x5555555551a2: => 0x5555555551a2 <main+31>:	cltq   

0x5555555551a4: => 0x5555555551a4 <main+33>:	mov    %rax,%rdi

0x5555555551a7: => 0x5555555551a7 <main+36>:	callq  0x555555555129 <fibonacci>

0x5555555551ac: => 0x5555555551ac <main+41>:	mov    %rax,-0x8(%rbp)

0x5555555551b0: => 0x5555555551b0 <main+45>:	addl   $0x1,-0x10(%rbp)

0x5555555551b4: => 0x5555555551b4 <main+49>:	mov    -0x10(%rbp),%eax

0x5555555551b7: => 0x5555555551b7 <main+52>:	cmp    -0xc(%rbp),%eax

0x5555555551ba: => 0x5555555551ba <main+55>:	jl     0x55555555519f <main+28>

0x55555555519f: => 0x55555555519f <main+28>:	mov    -0x10(%rbp),%eax

0x5555555551a2: => 0x5555555551a2 <main+31>:	cltq   

0x5555555551a4: => 0x5555555551a4 <main+33>:	mov    %rax,%rdi

0x5555555551a7: => 0x5555555551a7 <main+36>:	callq  0x555555555129 <fibonacci>

0x5555555551ac: => 0x5555555551ac <main+41>:	mov    %rax,-0x8(%rbp)

0x5555555551b0: => 0x5555555551b0 <main+45>:	addl   $0x1,-0x10(%rbp)

0x5555555551b4: => 0x5555555551b4 <main+49>:	mov    -0x10(%rbp),%eax

0x5555555551b7: => 0x5555555551b7 <main+52>:	cmp    -0xc(%rbp),%eax

0x5555555551ba: => 0x5555555551ba <main+55>:	jl     0x55555555519f <main+28>

0x55555555519f: => 0x55555555519f <main+28>:	mov    -0x10(%rbp),%eax

0x5555555551a2: => 0x5555555551a2 <main+31>:	cltq   

0x5555555551a4: => 0x5555555551a4 <main+33>:	mov    %rax,%rdi

0x5555555551a7: => 0x5555555551a7 <main+36>:	callq  0x555555555129 <fibonacci>

0x5555555551ac: => 0x5555555551ac <main+41>:	mov    %rax,-0x8(%rbp)

0x5555555551b0: => 0x5555555551b0 <main+45>:	addl   $0x1,-0x10(%rbp)

0x5555555551b4: => 0x5555555551b4 <main+49>:	mov    -0x10(%rbp),%eax

0x5555555551b7: => 0x5555555551b7 <main+52>:	cmp    -0xc(%rbp),%eax

0x5555555551ba: => 0x5555555551ba <main+55>:	jl     0x55555555519f <main+28>

0x55555555519f: => 0x55555555519f <main+28>:	mov    -0x10(%rbp),%eax

0x5555555551a2: => 0x5555555551a2 <main+31>:	cltq   

0x5555555551a4: => 0x5555555551a4 <main+33>:	mov    %rax,%rdi

0x5555555551a7: => 0x5555555551a7 <main+36>:	callq  0x555555555129 <fibonacci>

0x5555555551ac: => 0x5555555551ac <main+41>:	mov    %rax,-0x8(%rbp)

0x5555555551b0: => 0x5555555551b0 <main+45>:	addl   $0x1,-0x10(%rbp)

0x5555555551b4: => 0x5555555551b4 <main+49>:	mov    -0x10(%rbp),%eax

0x5555555551b7: => 0x5555555551b7 <main+52>:	cmp    -0xc(%rbp),%eax

0x5555555551ba: => 0x5555555551ba <main+55>:	jl     0x55555555519f <main+28>

0x55555555519f: => 0x55555555519f <main+28>:	mov    -0x10(%rbp),%eax

0x5555555551a2: => 0x5555555551a2 <main+31>:	cltq   

0x5555555551a4: => 0x5555555551a4 <main+33>:	mov    %rax,%rdi

0x5555555551a7: => 0x5555555551a7 <main+36>:	callq  0x555555555129 <fibonacci>

0x5555555551ac: => 0x5555555551ac <main+41>:	mov    %rax,-0x8(%rbp)

0x5555555551b0: => 0x5555555551b0 <main+45>:	addl   $0x1,-0x10(%rbp)

0x5555555551b4: => 0x5555555551b4 <main+49>:	mov    -0x10(%rbp),%eax

0x5555555551b7: => 0x5555555551b7 <main+52>:	cmp    -0xc(%rbp),%eax

0x5555555551ba: => 0x5555555551ba <main+55>:	jl     0x55555555519f <main+28>

0x55555555519f: => 0x55555555519f <main+28>:	mov    -0x10(%rbp),%eax

0x5555555551a2: => 0x5555555551a2 <main+31>:	cltq   

0x5555555551a4: => 0x5555555551a4 <main+33>:	mov    %rax,%rdi

0x5555555551a7: => 0x5555555551a7 <main+36>:	callq  0x555555555129 <fibonacci>

0x5555555551ac: => 0x5555555551ac <main+41>:	mov    %rax,-0x8(%rbp)

0x5555555551b0: => 0x5555555551b0 <main+45>:	addl   $0x1,-0x10(%rbp)

0x5555555551b4: => 0x5555555551b4 <main+49>:	mov    -0x10(%rbp),%eax

0x5555555551b7: => 0x5555555551b7 <main+52>:	cmp    -0xc(%rbp),%eax

0x5555555551ba: => 0x5555555551ba <main+55>:	jl     0x55555555519f <main+28>

0x55555555519f: => 0x55555555519f <main+28>:	mov    -0x10(%rbp),%eax

0x5555555551a2: => 0x5555555551a2 <main+31>:	cltq   

0x5555555551a4: => 0x5555555551a4 <main+33>:	mov    %rax,%rdi

0x5555555551a7: => 0x5555555551a7 <main+36>:	callq  0x555555555129 <fibonacci>

0x5555555551ac: => 0x5555555551ac <main+41>:	mov    %rax,-0x8(%rbp)

0x5555555551b0: => 0x5555555551b0 <main+45>:	addl   $0x1,-0x10(%rbp)

0x5555555551b4: => 0x5555555551b4 <main+49>:	mov    -0x10(%rbp),%eax

0x5555555551b7: => 0x5555555551b7 <main+52>:	cmp    -0xc(%rbp),%eax

0x5555555551ba: => 0x5555555551ba <main+55>:	jl     0x55555555519f <main+28>

0x55555555519f: => 0x55555555519f <main+28>:	mov    -0x10(%rbp),%eax

0x5555555551a2: => 0x5555555551a2 <main+31>:	cltq   

0x5555555551a4: => 0x5555555551a4 <main+33>:	mov    %rax,%rdi

0x5555555551a7: => 0x5555555551a7 <main+36>:	callq  0x555555555129 <fibonacci>

0x5555555551ac: => 0x5555555551ac <main+41>:	mov    %rax,-0x8(%rbp)

0x5555555551b0: => 0x5555555551b0 <main+45>:	addl   $0x1,-0x10(%rbp)

0x5555555551b4: => 0x5555555551b4 <main+49>:	mov    -0x10(%rbp),%eax

0x5555555551b7: => 0x5555555551b7 <main+52>:	cmp    -0xc(%rbp),%eax

0x5555555551ba: => 0x5555555551ba <main+55>:	jl     0x55555555519f <main+28>

0x55555555519f: => 0x55555555519f <main+28>:	mov    -0x10(%rbp),%eax

0x5555555551a2: => 0x5555555551a2 <main+31>:	cltq   

0x5555555551a4: => 0x5555555551a4 <main+33>:	mov    %rax,%rdi

0x5555555551a7: => 0x5555555551a7 <main+36>:	callq  0x555555555129 <fibonacci>

0x5555555551ac: => 0x5555555551ac <main+41>:	mov    %rax,-0x8(%rbp)

0x5555555551b0: => 0x5555555551b0 <main+45>:	addl   $0x1,-0x10(%rbp)

0x5555555551b4: => 0x5555555551b4 <main+49>:	mov    -0x10(%rbp),%eax

0x5555555551b7: => 0x5555555551b7 <main+52>:	cmp    -0xc(%rbp),%eax

0x5555555551ba: => 0x5555555551ba <main+55>:	jl     0x55555555519f <main+28>

0x55555555519f: => 0x55555555519f <main+28>:	mov    -0x10(%rbp),%eax

0x5555555551a2: => 0x5555555551a2 <main+31>:	cltq   

0x5555555551a4: => 0x5555555551a4 <main+33>:	mov    %rax,%rdi

0x5555555551a7: => 0x5555555551a7 <main+36>:	callq  0x555555555129 <fibonacci>

0x5555555551ac: => 0x5555555551ac <main+41>:	mov    %rax,-0x8(%rbp)

0x5555555551b7: => 0x5555555551b7 <main+52>:	cmp    -0xc(%rbp),%eax

0x5555555551ba: => 0x5555555551ba <main+55>:	jl     0x55555555519f <main+28>

0x55555555519f: => 0x55555555519f <main+28>:	mov    -0x10(%rbp),%eax

0x5555555551a2: => 0x5555555551a2 <main+31>:	cltq   

0x5555555551a4: => 0x5555555551a4 <main+33>:	mov    %rax,%rdi

0x5555555551a7: => 0x5555555551a7 <main+36>:	callq  0x555555555129 <fibonacci>

0x5555555551ac: => 0x5555555551ac <main+41>:	mov    %rax,-0x8(%rbp)

0x5555555551b0: => 0x5555555551b0 <main+45>:	addl   $0x1,-0x10(%rbp)

0x5555555551b4: => 0x5555555551b4 <main+49>:	mov    -0x10(%rbp),%eax

0x5555555551b7: => 0x5555555551b7 <main+52>:	cmp    -0xc(%rbp),%eax

0x5555555551ba: => 0x5555555551ba <main+55>:	jl     0x55555555519f <main+28>

0x55555555519f: => 0x55555555519f <main+28>:	mov    -0x10(%rbp),%eax

0x5555555551a2: => 0x5555555551a2 <main+31>:	cltq   

0x5555555551a4: => 0x5555555551a4 <main+33>:	mov    %rax,%rdi

0x5555555551a7: => 0x5555555551a7 <main+36>:	callq  0x555555555129 <fibonacci>

0x5555555551ac: => 0x5555555551ac <main+41>:	mov    %rax,-0x8(%rbp)

0x5555555551b0: => 0x5555555551b0 <main+45>:	addl   $0x1,-0x10(%rbp)

0x5555555551b4: => 0x5555555551b4 <main+49>:	mov    -0x10(%rbp),%eax

0x5555555551b7: => 0x5555555551b7 <main+52>:	cmp    -0xc(%rbp),%eax

0x5555555551ba: => 0x5555555551ba <main+55>:	jl     0x55555555519f <main+28>

0x55555555519f: => 0x55555555519f <main+28>:	mov    -0x10(%rbp),%eax

0x5555555551a2: => 0x5555555551a2 <main+31>:	cltq   

0x5555555551a4: => 0x5555555551a4 <main+33>:	mov    %rax,%rdi

0x5555555551a7: => 0x5555555551a7 <main+36>:	callq  0x555555555129 <fibonacci>

0x5555555551ac: => 0x5555555551ac <main+41>:	mov    %rax,-0x8(%rbp)

0x5555555551b0: => 0x5555555551b0 <main+45>:	addl   $0x1,-0x10(%rbp)

0x5555555551b4: => 0x5555555551b4 <main+49>:	mov    -0x10(%rbp),%eax

0x5555555551b7: => 0x5555555551b7 <main+52>:	cmp    -0xc(%rbp),%eax

0x5555555551ba: => 0x5555555551ba <main+55>:	jl     0x55555555519f <main+28>

0x55555555519f: => 0x55555555519f <main+28>:	mov    -0x10(%rbp),%eax

0x5555555551a2: => 0x5555555551a2 <main+31>:	cltq   

0x5555555551a4: => 0x5555555551a4 <main+33>:	mov    %rax,%rdi

0x5555555551a7: => 0x5555555551a7 <main+36>:	callq  0x555555555129 <fibonacci>

0x5555555551ac: => 0x5555555551ac <main+41>:	mov    %rax,-0x8(%rbp)

0x5555555551b0: => 0x5555555551b0 <main+45>:	addl   $0x1,-0x10(%rbp)

0x5555555551b4: => 0x5555555551b4 <main+49>:	mov    -0x10(%rbp),%eax

0x5555555551b7: => 0x5555555551b7 <main+52>:	cmp    -0xc(%rbp),%eax

0x5555555551ba: => 0x5555555551ba <main+55>:	jl     0x55555555519f <main+28>

0x55555555519f: => 0x55555555519f <main+28>:	mov    -0x10(%rbp),%eax

0x5555555551a2: => 0x5555555551a2 <main+31>:	cltq   

0x5555555551a4: => 0x5555555551a4 <main+33>:	mov    %rax,%rdi

0x5555555551a7: => 0x5555555551a7 <main+36>:	callq  0x555555555129 <fibonacci>

0x5555555551ac: => 0x5555555551ac <main+41>:	mov    %rax,-0x8(%rbp)

0x5555555551b0: => 0x5555555551b0 <main+45>:	addl   $0x1,-0x10(%rbp)

0x5555555551b4: => 0x5555555551b4 <main+49>:	mov    -0x10(%rbp),%eax

0x5555555551b7: => 0x5555555551b7 <main+52>:	cmp    -0xc(%rbp),%eax

0x5555555551ba: => 0x5555555551ba <main+55>:	jl     0x55555555519f <main+28>

0x55555555519f: => 0x55555555519f <main+28>:	mov    -0x10(%rbp),%eax

0x5555555551a2: => 0x5555555551a2 <main+31>:	cltq   

0x5555555551a4: => 0x5555555551a4 <main+33>:	mov    %rax,%rdi

0x5555555551a7: => 0x5555555551a7 <main+36>:	callq  0x555555555129 <fibonacci>

0x5555555551ac: => 0x5555555551ac <main+41>:	mov    %rax,-0x8(%rbp)

0x5555555551b0: => 0x5555555551b0 <main+45>:	addl   $0x1,-0x10(%rbp)

0x5555555551b4: => 0x5555555551b4 <main+49>:	mov    -0x10(%rbp),%eax

0x5555555551b7: => 0x5555555551b7 <main+52>:	cmp    -0xc(%rbp),%eax

0x5555555551ba: => 0x5555555551ba <main+55>:	jl     0x55555555519f <main+28>

0x55555555519f: => 0x55555555519f <main+28>:	mov    -0x10(%rbp),%eax

0x5555555551a2: => 0x5555555551a2 <main+31>:	cltq   

0x5555555551a4: => 0x5555555551a4 <main+33>:	mov    %rax,%rdi

0x5555555551a7: => 0x5555555551a7 <main+36>:	callq  0x555555555129 <fibonacci>

0x5555555551ac: => 0x5555555551ac <main+41>:	mov    %rax,-0x8(%rbp)

0x5555555551b0: => 0x5555555551b0 <main+45>:	addl   $0x1,-0x10(%rbp)

0x5555555551b4: => 0x5555555551b4 <main+49>:	mov    -0x10(%rbp),%eax

0x5555555551b7: => 0x5555555551b7 <main+52>:	cmp    -0xc(%rbp),%eax

0x5555555551ba: => 0x5555555551ba <main+55>:	jl     0x55555555519f <main+28>

0x55555555519f: => 0x55555555519f <main+28>:	mov    -0x10(%rbp),%eax

0x5555555551a2: => 0x5555555551a2 <main+31>:	cltq   

0x5555555551a4: => 0x5555555551a4 <main+33>:	mov    %rax,%rdi

0x5555555551a7: => 0x5555555551a7 <main+36>:	callq  0x555555555129 <fibonacci>

0x5555555551ac: => 0x5555555551ac <main+41>:	mov    %rax,-0x8(%rbp)

0x5555555551b0: => 0x5555555551b0 <main+45>:	addl   $0x1,-0x10(%rbp)

0x5555555551b4: => 0x5555555551b4 <main+49>:	mov    -0x10(%rbp),%eax

0x5555555551b7: => 0x5555555551b7 <main+52>:	cmp    -0xc(%rbp),%eax

0x5555555551ba: => 0x5555555551ba <main+55>:	jl     0x55555555519f <main+28>

0x55555555519f: => 0x55555555519f <main+28>:	mov    -0x10(%rbp),%eax

0x5555555551a2: => 0x5555555551a2 <main+31>:	cltq   

0x5555555551a4: => 0x5555555551a4 <main+33>:	mov    %rax,%rdi

0x5555555551a7: => 0x5555555551a7 <main+36>:	callq  0x555555555129 <fibonacci>

0x5555555551ac: => 0x5555555551ac <main+41>:	mov    %rax,-0x8(%rbp)

0x5555555551b0: => 0x5555555551b0 <main+45>:	addl   $0x1,-0x10(%rbp)

0x5555555551b4: => 0x5555555551b4 <main+49>:	mov    -0x10(%rbp),%eax

0x5555555551b7: => 0x5555555551b7 <main+52>:	cmp    -0xc(%rbp),%eax

0x5555555551ba: => 0x5555555551ba <main+55>:	jl     0x55555555519f <main+28>

0x55555555519f: => 0x55555555519f <main+28>:	mov    -0x10(%rbp),%eax

0x5555555551a2: => 0x5555555551a2 <main+31>:	cltq   

0x5555555551a4: => 0x5555555551a4 <main+33>:	mov    %rax,%rdi

0x5555555551a7: => 0x5555555551a7 <main+36>:	callq  0x555555555129 <fibonacci>

0x5555555551ac: => 0x5555555551ac <main+41>:	mov    %rax,-0x8(%rbp)

0x5555555551b0: => 0x5555555551b0 <main+45>:	addl   $0x1,-0x10(%rbp)

0x5555555551b4: => 0x5555555551b4 <main+49>:	mov    -0x10(%rbp),%eax

0x5555555551b7: => 0x5555555551b7 <main+52>:	cmp    -0xc(%rbp),%eax

0x5555555551ba: => 0x5555555551ba <main+55>:	jl     0x55555555519f <main+28>

0x55555555519f: => 0x55555555519f <main+28>:	mov    -0x10(%rbp),%eax

0x5555555551a2: => 0x5555555551a2 <main+31>:	cltq   

0x5555555551a4: => 0x5555555551a4 <main+33>:	mov    %rax,%rdi

0x5555555551a7: => 0x5555555551a7 <main+36>:	callq  0x555555555129 <fibonacci>

0x5555555551ac: => 0x5555555551ac <main+41>:	mov    %rax,-0x8(%rbp)

0x5555555551b0: => 0x5555555551b0 <main+45>:	addl   $0x1,-0x10(%rbp)

0x5555555551b4: => 0x5555555551b4 <main+49>:	mov    -0x10(%rbp),%eax

0x5555555551b7: => 0x5555555551b7 <main+52>:	cmp    -0xc(%rbp),%eax

0x5555555551ba: => 0x5555555551ba <main+55>:	jl     0x55555555519f <main+28>

0x55555555519f: => 0x55555555519f <main+28>:	mov    -0x10(%rbp),%eax

0x5555555551a2: => 0x5555555551a2 <main+31>:	cltq   

0x5555555551a4: => 0x5555555551a4 <main+33>:	mov    %rax,%rdi

0x5555555551a7: => 0x5555555551a7 <main+36>:	callq  0x555555555129 <fibonacci>

0x5555555551ac: => 0x5555555551ac <main+41>:	mov    %rax,-0x8(%rbp)

0x5555555551b0: => 0x5555555551b0 <main+45>:	addl   $0x1,-0x10(%rbp)

0x5555555551b4: => 0x5555555551b4 <main+49>:	mov    -0x10(%rbp),%eax

0x5555555551b7: => 0x5555555551b7 <main+52>:	cmp    -0xc(%rbp),%eax

0x5555555551ba: => 0x5555555551ba <main+55>:	jl     0x55555555519f <main+28>

0x55555555519f: => 0x55555555519f <main+28>:	mov    -0x10(%rbp),%eax

0x5555555551a2: => 0x5555555551a2 <main+31>:	cltq   

0x5555555551a4: => 0x5555555551a4 <main+33>:	mov    %rax,%rdi

0x5555555551a7: => 0x5555555551a7 <main+36>:	callq  0x555555555129 <fibonacci>

0x5555555551ac: => 0x5555555551ac <main+41>:	mov    %rax,-0x8(%rbp)

0x5555555551b0: => 0x5555555551b0 <main+45>:	addl   $0x1,-0x10(%rbp)

0x5555555551b4: => 0x5555555551b4 <main+49>:	mov    -0x10(%rbp),%eax

0x5555555551b7: => 0x5555555551b7 <main+52>:	cmp    -0xc(%rbp),%eax

0x5555555551ba: => 0x5555555551ba <main+55>:	jl     0x55555555519f <main+28>

0x55555555519f: => 0x55555555519f <main+28>:	mov    -0x10(%rbp),%eax

0x5555555551a2: => 0x5555555551a2 <main+31>:	cltq   

0x5555555551a4: => 0x5555555551a4 <main+33>:	mov    %rax,%rdi

0x5555555551a7: => 0x5555555551a7 <main+36>:	callq  0x555555555129 <fibonacci>

0x5555555551ac: => 0x5555555551ac <main+41>:	mov    %rax,-0x8(%rbp)

0x5555555551b0: => 0x5555555551b0 <main+45>:	addl   $0x1,-0x10(%rbp)

0x5555555551b4: => 0x5555555551b4 <main+49>:	mov    -0x10(%rbp),%eax

0x5555555551b7: => 0x5555555551b7 <main+52>:	cmp    -0xc(%rbp),%eax

0x5555555551ba: => 0x5555555551ba <main+55>:	jl     0x55555555519f <main+28>

0x55555555519f: => 0x55555555519f <main+28>:	mov    -0x10(%rbp),%eax

0x5555555551a2: => 0x5555555551a2 <main+31>:	cltq   

0x5555555551a4: => 0x5555555551a4 <main+33>:	mov    %rax,%rdi

0x5555555551a7: => 0x5555555551a7 <main+36>:	callq  0x555555555129 <fibonacci>

0x5555555551ac: => 0x5555555551ac <main+41>:	mov    %rax,-0x8(%rbp)

0x5555555551b0: => 0x5555555551b0 <main+45>:	addl   $0x1,-0x10(%rbp)

0x5555555551b4: => 0x5555555551b4 <main+49>:	mov    -0x10(%rbp),%eax

0x5555555551b7: => 0x5555555551b7 <main+52>:	cmp    -0xc(%rbp),%eax

0x5555555551ba: => 0x5555555551ba <main+55>:	jl     0x55555555519f <main+28>

0x55555555519f: => 0x55555555519f <main+28>:	mov    -0x10(%rbp),%eax

0x5555555551a2: => 0x5555555551a2 <main+31>:	cltq   

0x5555555551a4: => 0x5555555551a4 <main+33>:	mov    %rax,%rdi

0x5555555551a7: => 0x5555555551a7 <main+36>:	callq  0x555555555129 <fibonacci>

0x5555555551ac: => 0x5555555551ac <main+41>:	mov    %rax,-0x8(%rbp)

0x5555555551b0: => 0x5555555551b0 <main+45>:	addl   $0x1,-0x10(%rbp)

0x5555555551b4: => 0x5555555551b4 <main+49>:	mov    -0x10(%rbp),%eax

0x5555555551b7: => 0x5555555551b7 <main+52>:	cmp    -0xc(%rbp),%eax

0x5555555551ba: => 0x5555555551ba <main+55>:	jl     0x55555555519f <main+28>

0x5555555551bc: => 0x5555555551bc <main+57>:	mov    $0x0,%eax

0x5555555551c1: => 0x5555555551c1 <main+62>:	leaveq 

0x5555555551c2: => 0x5555555551c2 <main+63>:	retq   

0x7ffff7def083: => 0x7ffff7def083 <__libc_start_main+243>:	mov    %eax,%edi

0x7ffff7def085: => 0x7ffff7def085 <__libc_start_main+245>:	callq  0x7ffff7e11a40 <__GI_exit>

