0x4013c1: => 0x4013c1 <main>:	endbr64 

0x4013c5: => 0x4013c5 <main+4>:	push   %rbp

0x4013c5: => 0x4013c5 <main+4>:	push   %rbp

0x4013c6: => 0x4013c6 <main+5>:	mov    %rsp,%rbp

0x4013c6: => 0x4013c6 <main+5>:	mov    %rsp,%rbp

0x4013c9: => 0x4013c9 <main+8>:	sub    $0x10,%rsp

0x4013c9: => 0x4013c9 <main+8>:	sub    $0x10,%rsp

0x4013cd: => 0x4013cd <main+12>:	mov    %edi,-0x4(%rbp)

0x4013cd: => 0x4013cd <main+12>:	mov    %edi,-0x4(%rbp)

0x4013d0: => 0x4013d0 <main+15>:	mov    %rsi,-0x10(%rbp)

0x4013d0: => 0x4013d0 <main+15>:	mov    %rsi,-0x10(%rbp)

0x4013d4: => 0x4013d4 <main+19>:	mov    -0x10(%rbp),%rdx

0x4013d4: => 0x4013d4 <main+19>:	mov    -0x10(%rbp),%rdx

0x4013d8: => 0x4013d8 <main+23>:	mov    -0x4(%rbp),%eax

0x4013d8: => 0x4013d8 <main+23>:	mov    -0x4(%rbp),%eax

0x4013db: => 0x4013db <main+26>:	mov    %rdx,%rsi

0x4013db: => 0x4013db <main+26>:	mov    %rdx,%rsi

0x4013de: => 0x4013de <main+29>:	mov    %eax,%edi

0x4013de: => 0x4013de <main+29>:	mov    %eax,%edi

0x4013e0: => 0x4013e0 <main+31>:	callq  0x401238 <_main>

0x4013e0: => 0x4013e0 <main+31>:	callq  0x401238 <_main>

0x401238: => 0x401238 <_main>:	endbr64 

0x401238: => 0x401238 <_main>:	endbr64 

0x40123c: => 0x40123c <_main+4>:	push   %rbp

0x40123c: => 0x40123c <_main+4>:	push   %rbp

0x40123d: => 0x40123d <_main+5>:	mov    %rsp,%rbp

0x40123d: => 0x40123d <_main+5>:	mov    %rsp,%rbp

0x401240: => 0x401240 <_main+8>:	sub    $0x20,%rsp

0x401240: => 0x401240 <_main+8>:	sub    $0x20,%rsp

0x401244: => 0x401244 <_main+12>:	mov    %edi,-0x14(%rbp)

0x401244: => 0x401244 <_main+12>:	mov    %edi,-0x14(%rbp)

0x401247: => 0x401247 <_main+15>:	mov    %rsi,-0x20(%rbp)

0x401247: => 0x401247 <_main+15>:	mov    %rsi,-0x20(%rbp)

0x40124b: => 0x40124b <_main+19>:	cmpl   $0x1,-0x14(%rbp)

0x40124b: => 0x40124b <_main+19>:	cmpl   $0x1,-0x14(%rbp)

0x40124f: => 0x40124f <_main+23>:	jne    0x401278 <_main+64>

0x40124f: => 0x40124f <_main+23>:	jne    0x401278 <_main+64>

0x401278: => 0x401278 <_main+64>:	movl   $0x1,-0x4(%rbp)

0x401278: => 0x401278 <_main+64>:	movl   $0x1,-0x4(%rbp)

0x40127f: => 0x40127f <_main+71>:	jmp    0x4012a4 <_main+108>

0x40127f: => 0x40127f <_main+71>:	jmp    0x4012a4 <_main+108>

0x4012a4: => 0x4012a4 <_main+108>:	mov    -0x4(%rbp),%eax

0x4012a4: => 0x4012a4 <_main+108>:	mov    -0x4(%rbp),%eax

0x4012a7: => 0x4012a7 <_main+111>:	cmp    -0x14(%rbp),%eax

0x4012a7: => 0x4012a7 <_main+111>:	cmp    -0x14(%rbp),%eax

0x4012aa: => 0x4012aa <_main+114>:	jl     0x401281 <_main+73>

0x4012aa: => 0x4012aa <_main+114>:	jl     0x401281 <_main+73>

0x401281: => 0x401281 <_main+73>:	mov    -0x4(%rbp),%eax

0x401281: => 0x401281 <_main+73>:	mov    -0x4(%rbp),%eax

0x401284: => 0x401284 <_main+76>:	cltq   

0x401284: => 0x401284 <_main+76>:	cltq   

0x401286: => 0x401286 <_main+78>:	lea    0x0(,%rax,8),%rdx

0x401286: => 0x401286 <_main+78>:	lea    0x0(,%rax,8),%rdx

0x40128e: => 0x40128e <_main+86>:	mov    -0x20(%rbp),%rax

0x40128e: => 0x40128e <_main+86>:	mov    -0x20(%rbp),%rax

0x401292: => 0x401292 <_main+90>:	add    %rdx,%rax

0x401292: => 0x401292 <_main+90>:	add    %rdx,%rax

0x401295: => 0x401295 <_main+93>:	mov    (%rax),%rax

0x401295: => 0x401295 <_main+93>:	mov    (%rax),%rax

0x401298: => 0x401298 <_main+96>:	mov    %rax,%rdi

0x401298: => 0x401298 <_main+96>:	mov    %rax,%rdi

0x40129b: => 0x40129b <_main+99>:	callq  0x4012b3 <output_file>

0x40129b: => 0x40129b <_main+99>:	callq  0x4012b3 <output_file>

0x4012b3: => 0x4012b3 <output_file>:	endbr64 

0x4012b3: => 0x4012b3 <output_file>:	endbr64 

0x4012b7: => 0x4012b7 <output_file+4>:	push   %rbp

0x4012b7: => 0x4012b7 <output_file+4>:	push   %rbp

0x4012b8: => 0x4012b8 <output_file+5>:	mov    %rsp,%rbp

0x4012b8: => 0x4012b8 <output_file+5>:	mov    %rsp,%rbp

0x4012bb: => 0x4012bb <output_file+8>:	sub    $0x1000,%rsp

0x4012bb: => 0x4012bb <output_file+8>:	sub    $0x1000,%rsp

0x4012c2: => 0x4012c2 <output_file+15>:	orq    $0x0,(%rsp)

0x4012c2: => 0x4012c2 <output_file+15>:	orq    $0x0,(%rsp)

0x4012c7: => 0x4012c7 <output_file+20>:	sub    $0x30,%rsp

0x4012c7: => 0x4012c7 <output_file+20>:	sub    $0x30,%rsp

0x4012cb: => 0x4012cb <output_file+24>:	mov    %rdi,-0x1028(%rbp)

0x4012cb: => 0x4012cb <output_file+24>:	mov    %rdi,-0x1028(%rbp)

0x4012d2: => 0x4012d2 <output_file+31>:	mov    %fs:0x28,%rax

0x4012d2: => 0x4012d2 <output_file+31>:	mov    %fs:0x28,%rax

0x4012db: => 0x4012db <output_file+40>:	mov    %rax,-0x8(%rbp)

0x4012db: => 0x4012db <output_file+40>:	mov    %rax,-0x8(%rbp)

0x4012df: => 0x4012df <output_file+44>:	xor    %eax,%eax

0x4012df: => 0x4012df <output_file+44>:	xor    %eax,%eax

0x4012e1: => 0x4012e1 <output_file+46>:	mov    -0x1028(%rbp),%rax

0x4012e1: => 0x4012e1 <output_file+46>:	mov    -0x1028(%rbp),%rax

0x4012e8: => 0x4012e8 <output_file+53>:	lea    0xd2a(%rip),%rsi        # 0x402019

0x4012e8: => 0x4012e8 <output_file+53>:	lea    0xd2a(%rip),%rsi        # 0x402019

0x4012ef: => 0x4012ef <output_file+60>:	mov    %rax,%rdi

0x4012ef: => 0x4012ef <output_file+60>:	mov    %rax,%rdi

0x4012f2: => 0x4012f2 <output_file+63>:	callq  0x401110 <fopen@plt>

0x4012f2: => 0x4012f2 <output_file+63>:	callq  0x401110 <fopen@plt>

0x401110: => 0x401110 <fopen@plt>:	endbr64 

0x401110: => 0x401110 <fopen@plt>:	endbr64 

0x401114: => 0x401114 <fopen@plt+4>:	bnd jmpq *0x2f25(%rip)        # 0x404040 <fopen@got.plt>

0x401114: => 0x401114 <fopen@plt+4>:	bnd jmpq *0x2f25(%rip)        # 0x404040 <fopen@got.plt>

0x401080: => 0x401080:	endbr64 

0x401080: => 0x401080:	endbr64 

0x401084: => 0x401084:	pushq  $0x5

0x401084: => 0x401084:	pushq  $0x5

0x401089: => 0x401089:	bnd jmpq 0x401020

0x401089: => 0x401089:	bnd jmpq 0x401020

0x401020: => 0x401020:	pushq  0x2fe2(%rip)        # 0x404008

0x401020: => 0x401020:	pushq  0x2fe2(%rip)        # 0x404008

0x401026: => 0x401026:	bnd jmpq *0x2fe3(%rip)        # 0x404010

0x401026: => 0x401026:	bnd jmpq *0x2fe3(%rip)        # 0x404010

0x7ffff7fe7bc0: => 0x7ffff7fe7bc0 <_dl_runtime_resolve_xsavec>:	endbr64 

0x7ffff7fe7bc0: => 0x7ffff7fe7bc0 <_dl_runtime_resolve_xsavec>:	endbr64 

0x7ffff7fe7bc4: => 0x7ffff7fe7bc4 <_dl_runtime_resolve_xsavec+4>:	push   %rbx

0x7ffff7fe7bc4: => 0x7ffff7fe7bc4 <_dl_runtime_resolve_xsavec+4>:	push   %rbx

0x7ffff7fe7bc5: => 0x7ffff7fe7bc5 <_dl_runtime_resolve_xsavec+5>:	mov    %rsp,%rbx

0x7ffff7fe7bc5: => 0x7ffff7fe7bc5 <_dl_runtime_resolve_xsavec+5>:	mov    %rsp,%rbx

0x7ffff7fe7bc8: => 0x7ffff7fe7bc8 <_dl_runtime_resolve_xsavec+8>:	and    $0xffffffffffffffc0,%rsp

0x7ffff7fe7bc8: => 0x7ffff7fe7bc8 <_dl_runtime_resolve_xsavec+8>:	and    $0xffffffffffffffc0,%rsp

0x7ffff7fe7bcc: => 0x7ffff7fe7bcc <_dl_runtime_resolve_xsavec+12>:	sub    0x14b35(%rip),%rsp        # 0x7ffff7ffc708 <_rtld_global_ro+232>

0x7ffff7fe7bcc: => 0x7ffff7fe7bcc <_dl_runtime_resolve_xsavec+12>:	sub    0x14b35(%rip),%rsp        # 0x7ffff7ffc708 <_rtld_global_ro+232>

0x7ffff7fe7bd3: => 0x7ffff7fe7bd3 <_dl_runtime_resolve_xsavec+19>:	mov    %rax,(%rsp)

0x7ffff7fe7bd3: => 0x7ffff7fe7bd3 <_dl_runtime_resolve_xsavec+19>:	mov    %rax,(%rsp)

0x7ffff7fe7bd7: => 0x7ffff7fe7bd7 <_dl_runtime_resolve_xsavec+23>:	mov    %rcx,0x8(%rsp)

0x7ffff7fe7bd7: => 0x7ffff7fe7bd7 <_dl_runtime_resolve_xsavec+23>:	mov    %rcx,0x8(%rsp)

0x7ffff7fe7bdc: => 0x7ffff7fe7bdc <_dl_runtime_resolve_xsavec+28>:	mov    %rdx,0x10(%rsp)

0x7ffff7fe7bdc: => 0x7ffff7fe7bdc <_dl_runtime_resolve_xsavec+28>:	mov    %rdx,0x10(%rsp)

0x7ffff7fe7be1: => 0x7ffff7fe7be1 <_dl_runtime_resolve_xsavec+33>:	mov    %rsi,0x18(%rsp)

0x7ffff7fe7be1: => 0x7ffff7fe7be1 <_dl_runtime_resolve_xsavec+33>:	mov    %rsi,0x18(%rsp)

0x7ffff7fe7be6: => 0x7ffff7fe7be6 <_dl_runtime_resolve_xsavec+38>:	mov    %rdi,0x20(%rsp)

0x7ffff7fe7be6: => 0x7ffff7fe7be6 <_dl_runtime_resolve_xsavec+38>:	mov    %rdi,0x20(%rsp)

0x7ffff7fe7beb: => 0x7ffff7fe7beb <_dl_runtime_resolve_xsavec+43>:	mov    %r8,0x28(%rsp)

0x7ffff7fe7beb: => 0x7ffff7fe7beb <_dl_runtime_resolve_xsavec+43>:	mov    %r8,0x28(%rsp)

0x7ffff7fe7bf0: => 0x7ffff7fe7bf0 <_dl_runtime_resolve_xsavec+48>:	mov    %r9,0x30(%rsp)

0x7ffff7fe7bf0: => 0x7ffff7fe7bf0 <_dl_runtime_resolve_xsavec+48>:	mov    %r9,0x30(%rsp)

0x7ffff7fe7bf5: => 0x7ffff7fe7bf5 <_dl_runtime_resolve_xsavec+53>:	mov    $0xee,%eax

0x7ffff7fe7bf5: => 0x7ffff7fe7bf5 <_dl_runtime_resolve_xsavec+53>:	mov    $0xee,%eax

0x7ffff7fe7bfa: => 0x7ffff7fe7bfa <_dl_runtime_resolve_xsavec+58>:	xor    %edx,%edx

0x7ffff7fe7bfa: => 0x7ffff7fe7bfa <_dl_runtime_resolve_xsavec+58>:	xor    %edx,%edx

0x7ffff7fe7bfc: => 0x7ffff7fe7bfc <_dl_runtime_resolve_xsavec+60>:	mov    %rdx,0x250(%rsp)

0x7ffff7fe7bfc: => 0x7ffff7fe7bfc <_dl_runtime_resolve_xsavec+60>:	mov    %rdx,0x250(%rsp)

0x7ffff7fe7c04: => 0x7ffff7fe7c04 <_dl_runtime_resolve_xsavec+68>:	mov    %rdx,0x258(%rsp)

0x7ffff7fe7c04: => 0x7ffff7fe7c04 <_dl_runtime_resolve_xsavec+68>:	mov    %rdx,0x258(%rsp)

0x7ffff7fe7c0c: => 0x7ffff7fe7c0c <_dl_runtime_resolve_xsavec+76>:	mov    %rdx,0x260(%rsp)

0x7ffff7fe7c0c: => 0x7ffff7fe7c0c <_dl_runtime_resolve_xsavec+76>:	mov    %rdx,0x260(%rsp)

0x7ffff7fe7c14: => 0x7ffff7fe7c14 <_dl_runtime_resolve_xsavec+84>:	mov    %rdx,0x268(%rsp)

0x7ffff7fe7c14: => 0x7ffff7fe7c14 <_dl_runtime_resolve_xsavec+84>:	mov    %rdx,0x268(%rsp)

0x7ffff7fe7c1c: => 0x7ffff7fe7c1c <_dl_runtime_resolve_xsavec+92>:	mov    %rdx,0x270(%rsp)

0x7ffff7fe7c1c: => 0x7ffff7fe7c1c <_dl_runtime_resolve_xsavec+92>:	mov    %rdx,0x270(%rsp)

0x7ffff7fe7c24: => 0x7ffff7fe7c24 <_dl_runtime_resolve_xsavec+100>:	mov    %rdx,0x278(%rsp)

0x7ffff7fe7c24: => 0x7ffff7fe7c24 <_dl_runtime_resolve_xsavec+100>:	mov    %rdx,0x278(%rsp)

0x7ffff7fe7c2c: => 0x7ffff7fe7c2c <_dl_runtime_resolve_xsavec+108>:	xsavec 0x40(%rsp)

0x7ffff7fe7c2c: => 0x7ffff7fe7c2c <_dl_runtime_resolve_xsavec+108>:	xsavec 0x40(%rsp)

0x7ffff7fe7c31: => 0x7ffff7fe7c31 <_dl_runtime_resolve_xsavec+113>:	mov    0x10(%rbx),%rsi

0x7ffff7fe7c31: => 0x7ffff7fe7c31 <_dl_runtime_resolve_xsavec+113>:	mov    0x10(%rbx),%rsi

0x7ffff7fe7c35: => 0x7ffff7fe7c35 <_dl_runtime_resolve_xsavec+117>:	mov    0x8(%rbx),%rdi

0x7ffff7fe7c35: => 0x7ffff7fe7c35 <_dl_runtime_resolve_xsavec+117>:	mov    0x8(%rbx),%rdi

0x7ffff7fe7c39: => 0x7ffff7fe7c39 <_dl_runtime_resolve_xsavec+121>:	callq  0x7ffff7fe00c0 <_dl_fixup>

0x7ffff7fe7c39: => 0x7ffff7fe7c39 <_dl_runtime_resolve_xsavec+121>:	callq  0x7ffff7fe00c0 <_dl_fixup>

0x7ffff7fe00c0: => 0x7ffff7fe00c0 <_dl_fixup>:	endbr64 

0x7ffff7fe00c0: => 0x7ffff7fe00c0 <_dl_fixup>:	endbr64 

0x7ffff7fe00c4: => 0x7ffff7fe00c4 <_dl_fixup+4>:	push   %rbx

0x7ffff7fe00c4: => 0x7ffff7fe00c4 <_dl_fixup+4>:	push   %rbx

0x7ffff7fe00c5: => 0x7ffff7fe00c5 <_dl_fixup+5>:	mov    %rdi,%r10

0x7ffff7fe00c5: => 0x7ffff7fe00c5 <_dl_fixup+5>:	mov    %rdi,%r10

0x7ffff7fe00c8: => 0x7ffff7fe00c8 <_dl_fixup+8>:	mov    %esi,%esi

0x7ffff7fe00c8: => 0x7ffff7fe00c8 <_dl_fixup+8>:	mov    %esi,%esi

0x7ffff7fe00ca: => 0x7ffff7fe00ca <_dl_fixup+10>:	lea    (%rsi,%rsi,2),%rdx

0x7ffff7fe00ca: => 0x7ffff7fe00ca <_dl_fixup+10>:	lea    (%rsi,%rsi,2),%rdx

0x7ffff7fe00ce: => 0x7ffff7fe00ce <_dl_fixup+14>:	sub    $0x10,%rsp

0x7ffff7fe00ce: => 0x7ffff7fe00ce <_dl_fixup+14>:	sub    $0x10,%rsp

0x7ffff7fe00d2: => 0x7ffff7fe00d2 <_dl_fixup+18>:	mov    0x68(%rdi),%rax

0x7ffff7fe00d2: => 0x7ffff7fe00d2 <_dl_fixup+18>:	mov    0x68(%rdi),%rax

0x7ffff7fe00d6: => 0x7ffff7fe00d6 <_dl_fixup+22>:	mov    0x8(%rax),%rdi

0x7ffff7fe00d6: => 0x7ffff7fe00d6 <_dl_fixup+22>:	mov    0x8(%rax),%rdi

0x7ffff7fe00da: => 0x7ffff7fe00da <_dl_fixup+26>:	mov    0xf8(%r10),%rax

0x7ffff7fe00da: => 0x7ffff7fe00da <_dl_fixup+26>:	mov    0xf8(%r10),%rax

0x7ffff7fe00e1: => 0x7ffff7fe00e1 <_dl_fixup+33>:	mov    0x8(%rax),%rax

0x7ffff7fe00e1: => 0x7ffff7fe00e1 <_dl_fixup+33>:	mov    0x8(%rax),%rax

0x7ffff7fe00e5: => 0x7ffff7fe00e5 <_dl_fixup+37>:	lea    (%rax,%rdx,8),%r8

0x7ffff7fe00e5: => 0x7ffff7fe00e5 <_dl_fixup+37>:	lea    (%rax,%rdx,8),%r8

0x7ffff7fe00e9: => 0x7ffff7fe00e9 <_dl_fixup+41>:	mov    0x70(%r10),%rax

0x7ffff7fe00e9: => 0x7ffff7fe00e9 <_dl_fixup+41>:	mov    0x70(%r10),%rax

0x7ffff7fe00ed: => 0x7ffff7fe00ed <_dl_fixup+45>:	mov    0x8(%r8),%rsi

0x7ffff7fe00ed: => 0x7ffff7fe00ed <_dl_fixup+45>:	mov    0x8(%r8),%rsi

0x7ffff7fe00f1: => 0x7ffff7fe00f1 <_dl_fixup+49>:	mov    (%r8),%rbx

0x7ffff7fe00f1: => 0x7ffff7fe00f1 <_dl_fixup+49>:	mov    (%r8),%rbx

0x7ffff7fe00f4: => 0x7ffff7fe00f4 <_dl_fixup+52>:	mov    0x8(%rax),%rax

0x7ffff7fe00f4: => 0x7ffff7fe00f4 <_dl_fixup+52>:	mov    0x8(%rax),%rax

0x7ffff7fe00f8: => 0x7ffff7fe00f8 <_dl_fixup+56>:	mov    %rsi,%rcx

0x7ffff7fe00f8: => 0x7ffff7fe00f8 <_dl_fixup+56>:	mov    %rsi,%rcx

0x7ffff7fe00fb: => 0x7ffff7fe00fb <_dl_fixup+59>:	shr    $0x20,%rcx

0x7ffff7fe00fb: => 0x7ffff7fe00fb <_dl_fixup+59>:	shr    $0x20,%rcx

0x7ffff7fe00ff: => 0x7ffff7fe00ff <_dl_fixup+63>:	lea    (%rcx,%rcx,2),%rdx

0x7ffff7fe00ff: => 0x7ffff7fe00ff <_dl_fixup+63>:	lea    (%rcx,%rcx,2),%rdx

0x7ffff7fe0103: => 0x7ffff7fe0103 <_dl_fixup+67>:	lea    (%rax,%rdx,8),%rdx

0x7ffff7fe0103: => 0x7ffff7fe0103 <_dl_fixup+67>:	lea    (%rax,%rdx,8),%rdx

0x7ffff7fe0107: => 0x7ffff7fe0107 <_dl_fixup+71>:	mov    (%r10),%rax

0x7ffff7fe0107: => 0x7ffff7fe0107 <_dl_fixup+71>:	mov    (%r10),%rax

0x7ffff7fe010a: => 0x7ffff7fe010a <_dl_fixup+74>:	mov    %rdx,0x8(%rsp)

0x7ffff7fe010a: => 0x7ffff7fe010a <_dl_fixup+74>:	mov    %rdx,0x8(%rsp)

0x7ffff7fe010f: => 0x7ffff7fe010f <_dl_fixup+79>:	add    %rax,%rbx

0x7ffff7fe010f: => 0x7ffff7fe010f <_dl_fixup+79>:	add    %rax,%rbx

0x7ffff7fe0112: => 0x7ffff7fe0112 <_dl_fixup+82>:	cmp    $0x7,%esi

0x7ffff7fe0112: => 0x7ffff7fe0112 <_dl_fixup+82>:	cmp    $0x7,%esi

0x7ffff7fe0115: => 0x7ffff7fe0115 <_dl_fixup+85>:	jne    0x7ffff7fe025e <_dl_fixup+414>

0x7ffff7fe0115: => 0x7ffff7fe0115 <_dl_fixup+85>:	jne    0x7ffff7fe025e <_dl_fixup+414>

0x7ffff7fe011b: => 0x7ffff7fe011b <_dl_fixup+91>:	testb  $0x3,0x5(%rdx)

0x7ffff7fe011b: => 0x7ffff7fe011b <_dl_fixup+91>:	testb  $0x3,0x5(%rdx)

0x7ffff7fe011f: => 0x7ffff7fe011f <_dl_fixup+95>:	jne    0x7ffff7fe0200 <_dl_fixup+320>

0x7ffff7fe011f: => 0x7ffff7fe011f <_dl_fixup+95>:	jne    0x7ffff7fe0200 <_dl_fixup+320>

0x7ffff7fe0125: => 0x7ffff7fe0125 <_dl_fixup+101>:	mov    0x1d0(%r10),%r8

0x7ffff7fe0125: => 0x7ffff7fe0125 <_dl_fixup+101>:	mov    0x1d0(%r10),%r8

0x7ffff7fe012c: => 0x7ffff7fe012c <_dl_fixup+108>:	test   %r8,%r8

0x7ffff7fe012c: => 0x7ffff7fe012c <_dl_fixup+108>:	test   %r8,%r8

0x7ffff7fe012f: => 0x7ffff7fe012f <_dl_fixup+111>:	je     0x7ffff7fe015d <_dl_fixup+157>

0x7ffff7fe012f: => 0x7ffff7fe012f <_dl_fixup+111>:	je     0x7ffff7fe015d <_dl_fixup+157>

0x7ffff7fe0131: => 0x7ffff7fe0131 <_dl_fixup+113>:	mov    0x8(%r8),%rax

0x7ffff7fe0131: => 0x7ffff7fe0131 <_dl_fixup+113>:	mov    0x8(%r8),%rax

0x7ffff7fe0135: => 0x7ffff7fe0135 <_dl_fixup+117>:	movzwl (%rax,%rcx,2),%eax

0x7ffff7fe0135: => 0x7ffff7fe0135 <_dl_fixup+117>:	movzwl (%rax,%rcx,2),%eax

0x7ffff7fe0139: => 0x7ffff7fe0139 <_dl_fixup+121>:	and    $0x7fff,%eax

0x7ffff7fe0139: => 0x7ffff7fe0139 <_dl_fixup+121>:	and    $0x7fff,%eax

0x7ffff7fe013e: => 0x7ffff7fe013e <_dl_fixup+126>:	lea    (%rax,%rax,2),%rcx

0x7ffff7fe013e: => 0x7ffff7fe013e <_dl_fixup+126>:	lea    (%rax,%rax,2),%rcx

0x7ffff7fe0142: => 0x7ffff7fe0142 <_dl_fixup+130>:	mov    0x2e8(%r10),%rax

0x7ffff7fe0142: => 0x7ffff7fe0142 <_dl_fixup+130>:	mov    0x2e8(%r10),%rax

0x7ffff7fe0149: => 0x7ffff7fe0149 <_dl_fixup+137>:	lea    (%rax,%rcx,8),%r8

0x7ffff7fe0149: => 0x7ffff7fe0149 <_dl_fixup+137>:	lea    (%rax,%rcx,8),%r8

0x7ffff7fe014d: => 0x7ffff7fe014d <_dl_fixup+141>:	mov    $0x0,%eax

0x7ffff7fe014d: => 0x7ffff7fe014d <_dl_fixup+141>:	mov    $0x0,%eax

0x7ffff7fe0152: => 0x7ffff7fe0152 <_dl_fixup+146>:	mov    0x8(%r8),%r9d

0x7ffff7fe0152: => 0x7ffff7fe0152 <_dl_fixup+146>:	mov    0x8(%r8),%r9d

0x7ffff7fe0156: => 0x7ffff7fe0156 <_dl_fixup+150>:	test   %r9d,%r9d

0x7ffff7fe0156: => 0x7ffff7fe0156 <_dl_fixup+150>:	test   %r9d,%r9d

0x7ffff7fe0159: => 0x7ffff7fe0159 <_dl_fixup+153>:	cmove  %rax,%r8

0x7ffff7fe0159: => 0x7ffff7fe0159 <_dl_fixup+153>:	cmove  %rax,%r8

0x7ffff7fe015d: => 0x7ffff7fe015d <_dl_fixup+157>:	mov    %fs:0x18,%ecx

0x7ffff7fe015d: => 0x7ffff7fe015d <_dl_fixup+157>:	mov    %fs:0x18,%ecx

0x7ffff7fe0165: => 0x7ffff7fe0165 <_dl_fixup+165>:	mov    $0x1,%eax

0x7ffff7fe0165: => 0x7ffff7fe0165 <_dl_fixup+165>:	mov    $0x1,%eax

0x7ffff7fe016a: => 0x7ffff7fe016a <_dl_fixup+170>:	test   %ecx,%ecx

0x7ffff7fe016a: => 0x7ffff7fe016a <_dl_fixup+170>:	test   %ecx,%ecx

0x7ffff7fe016c: => 0x7ffff7fe016c <_dl_fixup+172>:	jne    0x7ffff7fe0248 <_dl_fixup+392>

0x7ffff7fe016c: => 0x7ffff7fe016c <_dl_fixup+172>:	jne    0x7ffff7fe0248 <_dl_fixup+392>

0x7ffff7fe0172: => 0x7ffff7fe0172 <_dl_fixup+178>:	mov    (%rdx),%edx

0x7ffff7fe0172: => 0x7ffff7fe0172 <_dl_fixup+178>:	mov    (%rdx),%edx

0x7ffff7fe0174: => 0x7ffff7fe0174 <_dl_fixup+180>:	lea    0x8(%rsp),%r11

0x7ffff7fe0174: => 0x7ffff7fe0174 <_dl_fixup+180>:	lea    0x8(%rsp),%r11

0x7ffff7fe0179: => 0x7ffff7fe0179 <_dl_fixup+185>:	mov    $0x1,%r9d

0x7ffff7fe0179: => 0x7ffff7fe0179 <_dl_fixup+185>:	mov    $0x1,%r9d

0x7ffff7fe017f: => 0x7ffff7fe017f <_dl_fixup+191>:	mov    %r10,%rsi

0x7ffff7fe017f: => 0x7ffff7fe017f <_dl_fixup+191>:	mov    %r10,%rsi

0x7ffff7fe0182: => 0x7ffff7fe0182 <_dl_fixup+194>:	mov    0x390(%r10),%rcx

0x7ffff7fe0182: => 0x7ffff7fe0182 <_dl_fixup+194>:	mov    0x390(%r10),%rcx

0x7ffff7fe0189: => 0x7ffff7fe0189 <_dl_fixup+201>:	pushq  $0x0

0x7ffff7fe0189: => 0x7ffff7fe0189 <_dl_fixup+201>:	pushq  $0x0

0x7ffff7fe018b: => 0x7ffff7fe018b <_dl_fixup+203>:	push   %rax

0x7ffff7fe018b: => 0x7ffff7fe018b <_dl_fixup+203>:	push   %rax

0x7ffff7fe018c: => 0x7ffff7fe018c <_dl_fixup+204>:	add    %rdx,%rdi

0x7ffff7fe018c: => 0x7ffff7fe018c <_dl_fixup+204>:	add    %rdx,%rdi

0x7ffff7fe018f: => 0x7ffff7fe018f <_dl_fixup+207>:	mov    %r11,%rdx

0x7ffff7fe018f: => 0x7ffff7fe018f <_dl_fixup+207>:	mov    %r11,%rdx

0x7ffff7fe0192: => 0x7ffff7fe0192 <_dl_fixup+210>:	callq  0x7ffff7fdb0d0 <_dl_lookup_symbol_x>

0x7ffff7fe0192: => 0x7ffff7fe0192 <_dl_fixup+210>:	callq  0x7ffff7fdb0d0 <_dl_lookup_symbol_x>

0x7ffff7fdb0d0: => 0x7ffff7fdb0d0 <_dl_lookup_symbol_x>:	endbr64 

0x7ffff7fdb0d0: => 0x7ffff7fdb0d0 <_dl_lookup_symbol_x>:	endbr64 

0x7ffff7fdb0d4: => 0x7ffff7fdb0d4 <_dl_lookup_symbol_x+4>:	push   %r15

0x7ffff7fdb0d4: => 0x7ffff7fdb0d4 <_dl_lookup_symbol_x+4>:	push   %r15

0x7ffff7fdb0d6: => 0x7ffff7fdb0d6 <_dl_lookup_symbol_x+6>:	push   %r14

0x7ffff7fdb0d6: => 0x7ffff7fdb0d6 <_dl_lookup_symbol_x+6>:	push   %r14

0x7ffff7fdb0d8: => 0x7ffff7fdb0d8 <_dl_lookup_symbol_x+8>:	push   %r13

0x7ffff7fdb0d8: => 0x7ffff7fdb0d8 <_dl_lookup_symbol_x+8>:	push   %r13

0x7ffff7fdb0da: => 0x7ffff7fdb0da <_dl_lookup_symbol_x+10>:	mov    %rdi,%r13

0x7ffff7fdb0da: => 0x7ffff7fdb0da <_dl_lookup_symbol_x+10>:	mov    %rdi,%r13

0x7ffff7fdb0dd: => 0x7ffff7fdb0dd <_dl_lookup_symbol_x+13>:	push   %r12

0x7ffff7fdb0dd: => 0x7ffff7fdb0dd <_dl_lookup_symbol_x+13>:	push   %r12

0x7ffff7fdb0df: => 0x7ffff7fdb0df <_dl_lookup_symbol_x+15>:	mov    %rdx,%r12

0x7ffff7fdb0df: => 0x7ffff7fdb0df <_dl_lookup_symbol_x+15>:	mov    %rdx,%r12

0x7ffff7fdb0e2: => 0x7ffff7fdb0e2 <_dl_lookup_symbol_x+18>:	push   %rbp

0x7ffff7fdb0e2: => 0x7ffff7fdb0e2 <_dl_lookup_symbol_x+18>:	push   %rbp

0x7ffff7fdb0e3: => 0x7ffff7fdb0e3 <_dl_lookup_symbol_x+19>:	push   %rbx

0x7ffff7fdb0e3: => 0x7ffff7fdb0e3 <_dl_lookup_symbol_x+19>:	push   %rbx

0x7ffff7fdb0e4: => 0x7ffff7fdb0e4 <_dl_lookup_symbol_x+20>:	sub    $0x98,%rsp

0x7ffff7fdb0e4: => 0x7ffff7fdb0e4 <_dl_lookup_symbol_x+20>:	sub    $0x98,%rsp

0x7ffff7fdb0eb: => 0x7ffff7fdb0eb <_dl_lookup_symbol_x+27>:	movzbl (%rdi),%edx

0x7ffff7fdb0eb: => 0x7ffff7fdb0eb <_dl_lookup_symbol_x+27>:	movzbl (%rdi),%edx

0x7ffff7fdb0ee: => 0x7ffff7fdb0ee <_dl_lookup_symbol_x+30>:	mov    %rsi,0x10(%rsp)

0x7ffff7fdb0ee: => 0x7ffff7fdb0ee <_dl_lookup_symbol_x+30>:	mov    %rsi,0x10(%rsp)

0x7ffff7fdb0f3: => 0x7ffff7fdb0f3 <_dl_lookup_symbol_x+35>:	mov    %rcx,0x18(%rsp)

0x7ffff7fdb0f3: => 0x7ffff7fdb0f3 <_dl_lookup_symbol_x+35>:	mov    %rcx,0x18(%rsp)

0x7ffff7fdb0f8: => 0x7ffff7fdb0f8 <_dl_lookup_symbol_x+40>:	mov    %r8,0x8(%rsp)

0x7ffff7fdb0f8: => 0x7ffff7fdb0f8 <_dl_lookup_symbol_x+40>:	mov    %r8,0x8(%rsp)

0x7ffff7fdb0fd: => 0x7ffff7fdb0fd <_dl_lookup_symbol_x+45>:	mov    %r9d,0x38(%rsp)

0x7ffff7fdb0fd: => 0x7ffff7fdb0fd <_dl_lookup_symbol_x+45>:	mov    %r9d,0x38(%rsp)

0x7ffff7fdb102: => 0x7ffff7fdb102 <_dl_lookup_symbol_x+50>:	test   %dl,%dl

0x7ffff7fdb102: => 0x7ffff7fdb102 <_dl_lookup_symbol_x+50>:	test   %dl,%dl

0x7ffff7fdb104: => 0x7ffff7fdb104 <_dl_lookup_symbol_x+52>:	je     0x7ffff7fdb330 <_dl_lookup_symbol_x+608>

0x7ffff7fdb104: => 0x7ffff7fdb104 <_dl_lookup_symbol_x+52>:	je     0x7ffff7fdb330 <_dl_lookup_symbol_x+608>

0x7ffff7fdb10a: => 0x7ffff7fdb10a <_dl_lookup_symbol_x+58>:	mov    %rdi,%rcx

0x7ffff7fdb10a: => 0x7ffff7fdb10a <_dl_lookup_symbol_x+58>:	mov    %rdi,%rcx

0x7ffff7fdb10d: => 0x7ffff7fdb10d <_dl_lookup_symbol_x+61>:	mov    $0x1505,%eax

0x7ffff7fdb10d: => 0x7ffff7fdb10d <_dl_lookup_symbol_x+61>:	mov    $0x1505,%eax

0x7ffff7fdb112: => 0x7ffff7fdb112 <_dl_lookup_symbol_x+66>:	nopw   0x0(%rax,%rax,1)

0x7ffff7fdb112: => 0x7ffff7fdb112 <_dl_lookup_symbol_x+66>:	nopw   0x0(%rax,%rax,1)

0x7ffff7fdb118: => 0x7ffff7fdb118 <_dl_lookup_symbol_x+72>:	mov    %rax,%rsi

0x7ffff7fdb118: => 0x7ffff7fdb118 <_dl_lookup_symbol_x+72>:	mov    %rax,%rsi

0x7ffff7fdb11b: => 0x7ffff7fdb11b <_dl_lookup_symbol_x+75>:	movzbl %dl,%edx

0x7ffff7fdb11b: => 0x7ffff7fdb11b <_dl_lookup_symbol_x+75>:	movzbl %dl,%edx

0x7ffff7fdb11e: => 0x7ffff7fdb11e <_dl_lookup_symbol_x+78>:	add    $0x1,%rcx

0x7ffff7fdb11e: => 0x7ffff7fdb11e <_dl_lookup_symbol_x+78>:	add    $0x1,%rcx

0x7ffff7fdb122: => 0x7ffff7fdb122 <_dl_lookup_symbol_x+82>:	shl    $0x5,%rsi

0x7ffff7fdb122: => 0x7ffff7fdb122 <_dl_lookup_symbol_x+82>:	shl    $0x5,%rsi

0x7ffff7fdb126: => 0x7ffff7fdb126 <_dl_lookup_symbol_x+86>:	add    %rsi,%rax

0x7ffff7fdb126: => 0x7ffff7fdb126 <_dl_lookup_symbol_x+86>:	add    %rsi,%rax

0x7ffff7fdb129: => 0x7ffff7fdb129 <_dl_lookup_symbol_x+89>:	add    %rdx,%rax

0x7ffff7fdb129: => 0x7ffff7fdb129 <_dl_lookup_symbol_x+89>:	add    %rdx,%rax

0x7ffff7fdb12c: => 0x7ffff7fdb12c <_dl_lookup_symbol_x+92>:	movzbl (%rcx),%edx

0x7ffff7fdb12c: => 0x7ffff7fdb12c <_dl_lookup_symbol_x+92>:	movzbl (%rcx),%edx

0x7ffff7fdb12f: => 0x7ffff7fdb12f <_dl_lookup_symbol_x+95>:	test   %dl,%dl

0x7ffff7fdb12f: => 0x7ffff7fdb12f <_dl_lookup_symbol_x+95>:	test   %dl,%dl

0x7ffff7fdb131: => 0x7ffff7fdb131 <_dl_lookup_symbol_x+97>:	jne    0x7ffff7fdb118 <_dl_lookup_symbol_x+72>

0x7ffff7fdb131: => 0x7ffff7fdb131 <_dl_lookup_symbol_x+97>:	jne    0x7ffff7fdb118 <_dl_lookup_symbol_x+72>

0x7ffff7fdb118: => 0x7ffff7fdb118 <_dl_lookup_symbol_x+72>:	mov    %rax,%rsi

0x7ffff7fdb118: => 0x7ffff7fdb118 <_dl_lookup_symbol_x+72>:	mov    %rax,%rsi

0x7ffff7fdb11b: => 0x7ffff7fdb11b <_dl_lookup_symbol_x+75>:	movzbl %dl,%edx

0x7ffff7fdb11b: => 0x7ffff7fdb11b <_dl_lookup_symbol_x+75>:	movzbl %dl,%edx

0x7ffff7fdb11e: => 0x7ffff7fdb11e <_dl_lookup_symbol_x+78>:	add    $0x1,%rcx

0x7ffff7fdb11e: => 0x7ffff7fdb11e <_dl_lookup_symbol_x+78>:	add    $0x1,%rcx

0x7ffff7fdb122: => 0x7ffff7fdb122 <_dl_lookup_symbol_x+82>:	shl    $0x5,%rsi

0x7ffff7fdb122: => 0x7ffff7fdb122 <_dl_lookup_symbol_x+82>:	shl    $0x5,%rsi

0x7ffff7fdb126: => 0x7ffff7fdb126 <_dl_lookup_symbol_x+86>:	add    %rsi,%rax

0x7ffff7fdb126: => 0x7ffff7fdb126 <_dl_lookup_symbol_x+86>:	add    %rsi,%rax

0x7ffff7fdb129: => 0x7ffff7fdb129 <_dl_lookup_symbol_x+89>:	add    %rdx,%rax

0x7ffff7fdb129: => 0x7ffff7fdb129 <_dl_lookup_symbol_x+89>:	add    %rdx,%rax

0x7ffff7fdb12c: => 0x7ffff7fdb12c <_dl_lookup_symbol_x+92>:	movzbl (%rcx),%edx

0x7ffff7fdb12c: => 0x7ffff7fdb12c <_dl_lookup_symbol_x+92>:	movzbl (%rcx),%edx

0x7ffff7fdb12f: => 0x7ffff7fdb12f <_dl_lookup_symbol_x+95>:	test   %dl,%dl

0x7ffff7fdb12f: => 0x7ffff7fdb12f <_dl_lookup_symbol_x+95>:	test   %dl,%dl

0x7ffff7fdb131: => 0x7ffff7fdb131 <_dl_lookup_symbol_x+97>:	jne    0x7ffff7fdb118 <_dl_lookup_symbol_x+72>

0x7ffff7fdb131: => 0x7ffff7fdb131 <_dl_lookup_symbol_x+97>:	jne    0x7ffff7fdb118 <_dl_lookup_symbol_x+72>

0x7ffff7fdb118: => 0x7ffff7fdb118 <_dl_lookup_symbol_x+72>:	mov    %rax,%rsi

0x7ffff7fdb118: => 0x7ffff7fdb118 <_dl_lookup_symbol_x+72>:	mov    %rax,%rsi

0x7ffff7fdb11b: => 0x7ffff7fdb11b <_dl_lookup_symbol_x+75>:	movzbl %dl,%edx

0x7ffff7fdb11b: => 0x7ffff7fdb11b <_dl_lookup_symbol_x+75>:	movzbl %dl,%edx

0x7ffff7fdb11e: => 0x7ffff7fdb11e <_dl_lookup_symbol_x+78>:	add    $0x1,%rcx

0x7ffff7fdb11e: => 0x7ffff7fdb11e <_dl_lookup_symbol_x+78>:	add    $0x1,%rcx

0x7ffff7fdb122: => 0x7ffff7fdb122 <_dl_lookup_symbol_x+82>:	shl    $0x5,%rsi

0x7ffff7fdb122: => 0x7ffff7fdb122 <_dl_lookup_symbol_x+82>:	shl    $0x5,%rsi

0x7ffff7fdb126: => 0x7ffff7fdb126 <_dl_lookup_symbol_x+86>:	add    %rsi,%rax

0x7ffff7fdb126: => 0x7ffff7fdb126 <_dl_lookup_symbol_x+86>:	add    %rsi,%rax

0x7ffff7fdb129: => 0x7ffff7fdb129 <_dl_lookup_symbol_x+89>:	add    %rdx,%rax

0x7ffff7fdb129: => 0x7ffff7fdb129 <_dl_lookup_symbol_x+89>:	add    %rdx,%rax

0x7ffff7fdb12c: => 0x7ffff7fdb12c <_dl_lookup_symbol_x+92>:	movzbl (%rcx),%edx

0x7ffff7fdb12c: => 0x7ffff7fdb12c <_dl_lookup_symbol_x+92>:	movzbl (%rcx),%edx

0x7ffff7fdb12f: => 0x7ffff7fdb12f <_dl_lookup_symbol_x+95>:	test   %dl,%dl

0x7ffff7fdb12f: => 0x7ffff7fdb12f <_dl_lookup_symbol_x+95>:	test   %dl,%dl

0x7ffff7fdb131: => 0x7ffff7fdb131 <_dl_lookup_symbol_x+97>:	jne    0x7ffff7fdb118 <_dl_lookup_symbol_x+72>

0x7ffff7fdb131: => 0x7ffff7fdb131 <_dl_lookup_symbol_x+97>:	jne    0x7ffff7fdb118 <_dl_lookup_symbol_x+72>

0x7ffff7fdb118: => 0x7ffff7fdb118 <_dl_lookup_symbol_x+72>:	mov    %rax,%rsi

0x7ffff7fdb118: => 0x7ffff7fdb118 <_dl_lookup_symbol_x+72>:	mov    %rax,%rsi

0x7ffff7fdb11b: => 0x7ffff7fdb11b <_dl_lookup_symbol_x+75>:	movzbl %dl,%edx

0x7ffff7fdb11b: => 0x7ffff7fdb11b <_dl_lookup_symbol_x+75>:	movzbl %dl,%edx

0x7ffff7fdb11e: => 0x7ffff7fdb11e <_dl_lookup_symbol_x+78>:	add    $0x1,%rcx

0x7ffff7fdb11e: => 0x7ffff7fdb11e <_dl_lookup_symbol_x+78>:	add    $0x1,%rcx

0x7ffff7fdb122: => 0x7ffff7fdb122 <_dl_lookup_symbol_x+82>:	shl    $0x5,%rsi

0x7ffff7fdb122: => 0x7ffff7fdb122 <_dl_lookup_symbol_x+82>:	shl    $0x5,%rsi

0x7ffff7fdb126: => 0x7ffff7fdb126 <_dl_lookup_symbol_x+86>:	add    %rsi,%rax

0x7ffff7fdb126: => 0x7ffff7fdb126 <_dl_lookup_symbol_x+86>:	add    %rsi,%rax

0x7ffff7fdb129: => 0x7ffff7fdb129 <_dl_lookup_symbol_x+89>:	add    %rdx,%rax

0x7ffff7fdb129: => 0x7ffff7fdb129 <_dl_lookup_symbol_x+89>:	add    %rdx,%rax

0x7ffff7fdb12c: => 0x7ffff7fdb12c <_dl_lookup_symbol_x+92>:	movzbl (%rcx),%edx

0x7ffff7fdb12c: => 0x7ffff7fdb12c <_dl_lookup_symbol_x+92>:	movzbl (%rcx),%edx

0x7ffff7fdb12f: => 0x7ffff7fdb12f <_dl_lookup_symbol_x+95>:	test   %dl,%dl

0x7ffff7fdb12f: => 0x7ffff7fdb12f <_dl_lookup_symbol_x+95>:	test   %dl,%dl

0x7ffff7fdb131: => 0x7ffff7fdb131 <_dl_lookup_symbol_x+97>:	jne    0x7ffff7fdb118 <_dl_lookup_symbol_x+72>

0x7ffff7fdb131: => 0x7ffff7fdb131 <_dl_lookup_symbol_x+97>:	jne    0x7ffff7fdb118 <_dl_lookup_symbol_x+72>

0x7ffff7fdb118: => 0x7ffff7fdb118 <_dl_lookup_symbol_x+72>:	mov    %rax,%rsi

0x7ffff7fdb118: => 0x7ffff7fdb118 <_dl_lookup_symbol_x+72>:	mov    %rax,%rsi

0x7ffff7fdb11b: => 0x7ffff7fdb11b <_dl_lookup_symbol_x+75>:	movzbl %dl,%edx

0x7ffff7fdb11b: => 0x7ffff7fdb11b <_dl_lookup_symbol_x+75>:	movzbl %dl,%edx

0x7ffff7fdb11e: => 0x7ffff7fdb11e <_dl_lookup_symbol_x+78>:	add    $0x1,%rcx

0x7ffff7fdb11e: => 0x7ffff7fdb11e <_dl_lookup_symbol_x+78>:	add    $0x1,%rcx

0x7ffff7fdb122: => 0x7ffff7fdb122 <_dl_lookup_symbol_x+82>:	shl    $0x5,%rsi

0x7ffff7fdb122: => 0x7ffff7fdb122 <_dl_lookup_symbol_x+82>:	shl    $0x5,%rsi

0x7ffff7fdb126: => 0x7ffff7fdb126 <_dl_lookup_symbol_x+86>:	add    %rsi,%rax

0x7ffff7fdb126: => 0x7ffff7fdb126 <_dl_lookup_symbol_x+86>:	add    %rsi,%rax

0x7ffff7fdb129: => 0x7ffff7fdb129 <_dl_lookup_symbol_x+89>:	add    %rdx,%rax

0x7ffff7fdb129: => 0x7ffff7fdb129 <_dl_lookup_symbol_x+89>:	add    %rdx,%rax

0x7ffff7fdb12c: => 0x7ffff7fdb12c <_dl_lookup_symbol_x+92>:	movzbl (%rcx),%edx

0x7ffff7fdb12c: => 0x7ffff7fdb12c <_dl_lookup_symbol_x+92>:	movzbl (%rcx),%edx

0x7ffff7fdb12f: => 0x7ffff7fdb12f <_dl_lookup_symbol_x+95>:	test   %dl,%dl

0x7ffff7fdb12f: => 0x7ffff7fdb12f <_dl_lookup_symbol_x+95>:	test   %dl,%dl

0x7ffff7fdb131: => 0x7ffff7fdb131 <_dl_lookup_symbol_x+97>:	jne    0x7ffff7fdb118 <_dl_lookup_symbol_x+72>

0x7ffff7fdb131: => 0x7ffff7fdb131 <_dl_lookup_symbol_x+97>:	jne    0x7ffff7fdb118 <_dl_lookup_symbol_x+72>

0x7ffff7fdb133: => 0x7ffff7fdb133 <_dl_lookup_symbol_x+99>:	mov    %eax,%ebx

0x7ffff7fdb133: => 0x7ffff7fdb133 <_dl_lookup_symbol_x+99>:	mov    %eax,%ebx

0x7ffff7fdb135: => 0x7ffff7fdb135 <_dl_lookup_symbol_x+101>:	addq   $0x1,0x22893(%rip)        # 0x7ffff7ffd9d0 <_rtld_global+2416>

0x7ffff7fdb135: => 0x7ffff7fdb135 <_dl_lookup_symbol_x+101>:	addq   $0x1,0x22893(%rip)        # 0x7ffff7ffd9d0 <_rtld_global+2416>

0x7ffff7fdb13d: => 0x7ffff7fdb13d <_dl_lookup_symbol_x+109>:	mov    $0xffffffff,%eax

0x7ffff7fdb13d: => 0x7ffff7fdb13d <_dl_lookup_symbol_x+109>:	mov    $0xffffffff,%eax

0x7ffff7fdb142: => 0x7ffff7fdb142 <_dl_lookup_symbol_x+114>:	pxor   %xmm0,%xmm0

0x7ffff7fdb142: => 0x7ffff7fdb142 <_dl_lookup_symbol_x+114>:	pxor   %xmm0,%xmm0

0x7ffff7fdb146: => 0x7ffff7fdb146 <_dl_lookup_symbol_x+118>:	cmpq   $0x0,0x8(%rsp)

0x7ffff7fdb146: => 0x7ffff7fdb146 <_dl_lookup_symbol_x+118>:	cmpq   $0x0,0x8(%rsp)

0x7ffff7fdb14c: => 0x7ffff7fdb14c <_dl_lookup_symbol_x+124>:	mov    %rax,0x40(%rsp)

0x7ffff7fdb14c: => 0x7ffff7fdb14c <_dl_lookup_symbol_x+124>:	mov    %rax,0x40(%rsp)

0x7ffff7fdb151: => 0x7ffff7fdb151 <_dl_lookup_symbol_x+129>:	movaps %xmm0,0x50(%rsp)

0x7ffff7fdb151: => 0x7ffff7fdb151 <_dl_lookup_symbol_x+129>:	movaps %xmm0,0x50(%rsp)

0x7ffff7fdb156: => 0x7ffff7fdb156 <_dl_lookup_symbol_x+134>:	je     0x7ffff7fdb166 <_dl_lookup_symbol_x+150>

0x7ffff7fdb156: => 0x7ffff7fdb156 <_dl_lookup_symbol_x+134>:	je     0x7ffff7fdb166 <_dl_lookup_symbol_x+150>

0x7ffff7fdb158: => 0x7ffff7fdb158 <_dl_lookup_symbol_x+136>:	testb  $0x2,0xd0(%rsp)

0x7ffff7fdb158: => 0x7ffff7fdb158 <_dl_lookup_symbol_x+136>:	testb  $0x2,0xd0(%rsp)

0x7ffff7fdb160: => 0x7ffff7fdb160 <_dl_lookup_symbol_x+144>:	jne    0x7ffff7fdbeb2 <_dl_lookup_symbol_x+3554>

0x7ffff7fdb160: => 0x7ffff7fdb160 <_dl_lookup_symbol_x+144>:	jne    0x7ffff7fdbeb2 <_dl_lookup_symbol_x+3554>

0x7ffff7fdb166: => 0x7ffff7fdb166 <_dl_lookup_symbol_x+150>:	mov    0x18(%rsp),%rax

0x7ffff7fdb166: => 0x7ffff7fdb166 <_dl_lookup_symbol_x+150>:	mov    0x18(%rsp),%rax

0x7ffff7fdb16b: => 0x7ffff7fdb16b <_dl_lookup_symbol_x+155>:	mov    (%r12),%rcx

0x7ffff7fdb16b: => 0x7ffff7fdb16b <_dl_lookup_symbol_x+155>:	mov    (%r12),%rcx

0x7ffff7fdb16f: => 0x7ffff7fdb16f <_dl_lookup_symbol_x+159>:	cmpq   $0x0,0xd8(%rsp)

0x7ffff7fdb16f: => 0x7ffff7fdb16f <_dl_lookup_symbol_x+159>:	cmpq   $0x0,0xd8(%rsp)

0x7ffff7fdb178: => 0x7ffff7fdb178 <_dl_lookup_symbol_x+168>:	mov    (%rax),%r9

0x7ffff7fdb178: => 0x7ffff7fdb178 <_dl_lookup_symbol_x+168>:	mov    (%rax),%r9

0x7ffff7fdb17b: => 0x7ffff7fdb17b <_dl_lookup_symbol_x+171>:	jne    0x7ffff7fdb3f0 <_dl_lookup_symbol_x+800>

0x7ffff7fdb17b: => 0x7ffff7fdb17b <_dl_lookup_symbol_x+171>:	jne    0x7ffff7fdb3f0 <_dl_lookup_symbol_x+800>

0x7ffff7fdb181: => 0x7ffff7fdb181 <_dl_lookup_symbol_x+177>:	test   %r9,%r9

0x7ffff7fdb181: => 0x7ffff7fdb181 <_dl_lookup_symbol_x+177>:	test   %r9,%r9

0x7ffff7fdb184: => 0x7ffff7fdb184 <_dl_lookup_symbol_x+180>:	je     0x7ffff7fdb340 <_dl_lookup_symbol_x+624>

0x7ffff7fdb184: => 0x7ffff7fdb184 <_dl_lookup_symbol_x+180>:	je     0x7ffff7fdb340 <_dl_lookup_symbol_x+624>

0x7ffff7fdb18a: => 0x7ffff7fdb18a <_dl_lookup_symbol_x+186>:	movq   $0x0,0x20(%rsp)

0x7ffff7fdb18a: => 0x7ffff7fdb18a <_dl_lookup_symbol_x+186>:	movq   $0x0,0x20(%rsp)

0x7ffff7fdb193: => 0x7ffff7fdb193 <_dl_lookup_symbol_x+195>:	mov    %rax,%rbp

0x7ffff7fdb193: => 0x7ffff7fdb193 <_dl_lookup_symbol_x+195>:	mov    %rax,%rbp

0x7ffff7fdb196: => 0x7ffff7fdb196 <_dl_lookup_symbol_x+198>:	mov    0x20(%rsp),%rax

0x7ffff7fdb196: => 0x7ffff7fdb196 <_dl_lookup_symbol_x+198>:	mov    0x20(%rsp),%rax

0x7ffff7fdb19b: => 0x7ffff7fdb19b <_dl_lookup_symbol_x+203>:	lea    0x50(%rsp),%r15

0x7ffff7fdb19b: => 0x7ffff7fdb19b <_dl_lookup_symbol_x+203>:	lea    0x50(%rsp),%r15

0x7ffff7fdb1a0: => 0x7ffff7fdb1a0 <_dl_lookup_symbol_x+208>:	lea    0x40(%rsp),%r14

0x7ffff7fdb1a0: => 0x7ffff7fdb1a0 <_dl_lookup_symbol_x+208>:	lea    0x40(%rsp),%r14

0x7ffff7fdb1a5: => 0x7ffff7fdb1a5 <_dl_lookup_symbol_x+213>:	jmp    0x7ffff7fdb1c3 <_dl_lookup_symbol_x+243>

0x7ffff7fdb1a5: => 0x7ffff7fdb1a5 <_dl_lookup_symbol_x+213>:	jmp    0x7ffff7fdb1c3 <_dl_lookup_symbol_x+243>

0x7ffff7fdb1c3: => 0x7ffff7fdb1c3 <_dl_lookup_symbol_x+243>:	pushq  0x10(%rsp)

0x7ffff7fdb1c3: => 0x7ffff7fdb1c3 <_dl_lookup_symbol_x+243>:	pushq  0x10(%rsp)

0x7ffff7fdb1c7: => 0x7ffff7fdb1c7 <_dl_lookup_symbol_x+247>:	mov    0x40(%rsp),%edi

0x7ffff7fdb1c7: => 0x7ffff7fdb1c7 <_dl_lookup_symbol_x+247>:	mov    0x40(%rsp),%edi

0x7ffff7fdb1cb: => 0x7ffff7fdb1cb <_dl_lookup_symbol_x+251>:	mov    %r15,%r8

0x7ffff7fdb1cb: => 0x7ffff7fdb1cb <_dl_lookup_symbol_x+251>:	mov    %r15,%r8

0x7ffff7fdb1ce: => 0x7ffff7fdb1ce <_dl_lookup_symbol_x+254>:	mov    %r14,%rdx

0x7ffff7fdb1ce: => 0x7ffff7fdb1ce <_dl_lookup_symbol_x+254>:	mov    %r14,%rdx

0x7ffff7fdb1d1: => 0x7ffff7fdb1d1 <_dl_lookup_symbol_x+257>:	mov    %rbx,%rsi

0x7ffff7fdb1d1: => 0x7ffff7fdb1d1 <_dl_lookup_symbol_x+257>:	mov    %rbx,%rsi

0x7ffff7fdb1d4: => 0x7ffff7fdb1d4 <_dl_lookup_symbol_x+260>:	push   %rdi

0x7ffff7fdb1d4: => 0x7ffff7fdb1d4 <_dl_lookup_symbol_x+260>:	push   %rdi

0x7ffff7fdb1d5: => 0x7ffff7fdb1d5 <_dl_lookup_symbol_x+261>:	pushq  0xe8(%rsp)

0x7ffff7fdb1d5: => 0x7ffff7fdb1d5 <_dl_lookup_symbol_x+261>:	pushq  0xe8(%rsp)

0x7ffff7fdb1dc: => 0x7ffff7fdb1dc <_dl_lookup_symbol_x+268>:	mov    0xe8(%rsp),%edi

0x7ffff7fdb1dc: => 0x7ffff7fdb1dc <_dl_lookup_symbol_x+268>:	mov    0xe8(%rsp),%edi

0x7ffff7fdb1e3: => 0x7ffff7fdb1e3 <_dl_lookup_symbol_x+275>:	push   %rdi

0x7ffff7fdb1e3: => 0x7ffff7fdb1e3 <_dl_lookup_symbol_x+275>:	push   %rdi

0x7ffff7fdb1e4: => 0x7ffff7fdb1e4 <_dl_lookup_symbol_x+276>:	mov    %r13,%rdi

0x7ffff7fdb1e4: => 0x7ffff7fdb1e4 <_dl_lookup_symbol_x+276>:	mov    %r13,%rdi

0x7ffff7fdb1e7: => 0x7ffff7fdb1e7 <_dl_lookup_symbol_x+279>:	pushq  0x28(%rsp)

0x7ffff7fdb1e7: => 0x7ffff7fdb1e7 <_dl_lookup_symbol_x+279>:	pushq  0x28(%rsp)

0x7ffff7fdb1eb: => 0x7ffff7fdb1eb <_dl_lookup_symbol_x+283>:	push   %rax

0x7ffff7fdb1eb: => 0x7ffff7fdb1eb <_dl_lookup_symbol_x+283>:	push   %rax

0x7ffff7fdb1ec: => 0x7ffff7fdb1ec <_dl_lookup_symbol_x+284>:	callq  0x7ffff7fda4c0 <do_lookup_x>

0x7ffff7fdb1ec: => 0x7ffff7fdb1ec <_dl_lookup_symbol_x+284>:	callq  0x7ffff7fda4c0 <do_lookup_x>

0x7ffff7fdb1f1: => 0x7ffff7fdb1f1 <_dl_lookup_symbol_x+289>:	add    $0x30,%rsp

0x7ffff7fdb1f1: => 0x7ffff7fdb1f1 <_dl_lookup_symbol_x+289>:	add    $0x30,%rsp

0x7ffff7fdb1f5: => 0x7ffff7fdb1f5 <_dl_lookup_symbol_x+293>:	test   %eax,%eax

0x7ffff7fdb1f5: => 0x7ffff7fdb1f5 <_dl_lookup_symbol_x+293>:	test   %eax,%eax

0x7ffff7fdb1f7: => 0x7ffff7fdb1f7 <_dl_lookup_symbol_x+295>:	je     0x7ffff7fdb1b0 <_dl_lookup_symbol_x+224>

0x7ffff7fdb1f7: => 0x7ffff7fdb1f7 <_dl_lookup_symbol_x+295>:	je     0x7ffff7fdb1b0 <_dl_lookup_symbol_x+224>

0x7ffff7fdb1f9: => 0x7ffff7fdb1f9 <_dl_lookup_symbol_x+297>:	mov    (%r12),%rcx

0x7ffff7fdb1f9: => 0x7ffff7fdb1f9 <_dl_lookup_symbol_x+297>:	mov    (%r12),%rcx

0x7ffff7fdb1fd: => 0x7ffff7fdb1fd <_dl_lookup_symbol_x+301>:	cmpq   $0x0,0x50(%rsp)

0x7ffff7fdb1fd: => 0x7ffff7fdb1fd <_dl_lookup_symbol_x+301>:	cmpq   $0x0,0x50(%rsp)

0x7ffff7fdb203: => 0x7ffff7fdb203 <_dl_lookup_symbol_x+307>:	je     0x7ffff7fdb340 <_dl_lookup_symbol_x+624>

0x7ffff7fdb203: => 0x7ffff7fdb203 <_dl_lookup_symbol_x+307>:	je     0x7ffff7fdb340 <_dl_lookup_symbol_x+624>

0x7ffff7fdb209: => 0x7ffff7fdb209 <_dl_lookup_symbol_x+313>:	test   %rcx,%rcx

0x7ffff7fdb209: => 0x7ffff7fdb209 <_dl_lookup_symbol_x+313>:	test   %rcx,%rcx

0x7ffff7fdb20c: => 0x7ffff7fdb20c <_dl_lookup_symbol_x+316>:	je     0x7ffff7fdb219 <_dl_lookup_symbol_x+329>

0x7ffff7fdb20c: => 0x7ffff7fdb20c <_dl_lookup_symbol_x+316>:	je     0x7ffff7fdb219 <_dl_lookup_symbol_x+329>

0x7ffff7fdb20e: => 0x7ffff7fdb20e <_dl_lookup_symbol_x+318>:	movzbl 0x5(%rcx),%eax

0x7ffff7fdb20e: => 0x7ffff7fdb20e <_dl_lookup_symbol_x+318>:	movzbl 0x5(%rcx),%eax

0x7ffff7fdb212: => 0x7ffff7fdb212 <_dl_lookup_symbol_x+322>:	and    $0x3,%eax

0x7ffff7fdb212: => 0x7ffff7fdb212 <_dl_lookup_symbol_x+322>:	and    $0x3,%eax

0x7ffff7fdb215: => 0x7ffff7fdb215 <_dl_lookup_symbol_x+325>:	cmp    $0x3,%al

0x7ffff7fdb215: => 0x7ffff7fdb215 <_dl_lookup_symbol_x+325>:	cmp    $0x3,%al

0x7ffff7fdb217: => 0x7ffff7fdb217 <_dl_lookup_symbol_x+327>:	je     0x7ffff7fdb278 <_dl_lookup_symbol_x+424>

0x7ffff7fdb217: => 0x7ffff7fdb217 <_dl_lookup_symbol_x+327>:	je     0x7ffff7fdb278 <_dl_lookup_symbol_x+424>

0x7ffff7fdb219: => 0x7ffff7fdb219 <_dl_lookup_symbol_x+329>:	mov    0x58(%rsp),%r14

0x7ffff7fdb219: => 0x7ffff7fdb219 <_dl_lookup_symbol_x+329>:	mov    0x58(%rsp),%r14

0x7ffff7fdb21e: => 0x7ffff7fdb21e <_dl_lookup_symbol_x+334>:	xor    %ebx,%ebx

0x7ffff7fdb21e: => 0x7ffff7fdb21e <_dl_lookup_symbol_x+334>:	xor    %ebx,%ebx

0x7ffff7fdb220: => 0x7ffff7fdb220 <_dl_lookup_symbol_x+336>:	movzbl 0x31c(%r14),%eax

0x7ffff7fdb220: => 0x7ffff7fdb220 <_dl_lookup_symbol_x+336>:	movzbl 0x31c(%r14),%eax

0x7ffff7fdb228: => 0x7ffff7fdb228 <_dl_lookup_symbol_x+344>:	and    $0x3,%eax

0x7ffff7fdb228: => 0x7ffff7fdb228 <_dl_lookup_symbol_x+344>:	and    $0x3,%eax

0x7ffff7fdb22b: => 0x7ffff7fdb22b <_dl_lookup_symbol_x+347>:	cmp    $0x2,%al

0x7ffff7fdb22b: => 0x7ffff7fdb22b <_dl_lookup_symbol_x+347>:	cmp    $0x2,%al

0x7ffff7fdb22d: => 0x7ffff7fdb22d <_dl_lookup_symbol_x+349>:	je     0x7ffff7fdb5fa <_dl_lookup_symbol_x+1322>

0x7ffff7fdb22d: => 0x7ffff7fdb22d <_dl_lookup_symbol_x+349>:	je     0x7ffff7fdb5fa <_dl_lookup_symbol_x+1322>

0x7ffff7fdb233: => 0x7ffff7fdb233 <_dl_lookup_symbol_x+355>:	mov    0x3dc(%r14),%ecx

0x7ffff7fdb233: => 0x7ffff7fdb233 <_dl_lookup_symbol_x+355>:	mov    0x3dc(%r14),%ecx

0x7ffff7fdb23a: => 0x7ffff7fdb23a <_dl_lookup_symbol_x+362>:	test   %ecx,%ecx

0x7ffff7fdb23a: => 0x7ffff7fdb23a <_dl_lookup_symbol_x+362>:	test   %ecx,%ecx

0x7ffff7fdb23c: => 0x7ffff7fdb23c <_dl_lookup_symbol_x+364>:	je     0x7ffff7fdb5ea <_dl_lookup_symbol_x+1306>

0x7ffff7fdb23c: => 0x7ffff7fdb23c <_dl_lookup_symbol_x+364>:	je     0x7ffff7fdb5ea <_dl_lookup_symbol_x+1306>

0x7ffff7fdb242: => 0x7ffff7fdb242 <_dl_lookup_symbol_x+370>:	mov    0x213d8(%rip),%eax        # 0x7ffff7ffc620 <_rtld_global_ro>

0x7ffff7fdb242: => 0x7ffff7fdb242 <_dl_lookup_symbol_x+370>:	mov    0x213d8(%rip),%eax        # 0x7ffff7ffc620 <_rtld_global_ro>

0x7ffff7fdb248: => 0x7ffff7fdb248 <_dl_lookup_symbol_x+376>:	test   $0x804,%eax

0x7ffff7fdb248: => 0x7ffff7fdb248 <_dl_lookup_symbol_x+376>:	test   $0x804,%eax

0x7ffff7fdb24d: => 0x7ffff7fdb24d <_dl_lookup_symbol_x+381>:	jne    0x7ffff7fdb429 <_dl_lookup_symbol_x+857>

0x7ffff7fdb24d: => 0x7ffff7fdb24d <_dl_lookup_symbol_x+381>:	jne    0x7ffff7fdb429 <_dl_lookup_symbol_x+857>

0x7ffff7fdb253: => 0x7ffff7fdb253 <_dl_lookup_symbol_x+387>:	mov    0x50(%rsp),%rax

0x7ffff7fdb253: => 0x7ffff7fdb253 <_dl_lookup_symbol_x+387>:	mov    0x50(%rsp),%rax

0x7ffff7fdb258: => 0x7ffff7fdb258 <_dl_lookup_symbol_x+392>:	mov    %rax,(%r12)

0x7ffff7fdb258: => 0x7ffff7fdb258 <_dl_lookup_symbol_x+392>:	mov    %rax,(%r12)

0x7ffff7fdb25c: => 0x7ffff7fdb25c <_dl_lookup_symbol_x+396>:	add    $0x98,%rsp

0x7ffff7fdb25c: => 0x7ffff7fdb25c <_dl_lookup_symbol_x+396>:	add    $0x98,%rsp

0x7ffff7fdb263: => 0x7ffff7fdb263 <_dl_lookup_symbol_x+403>:	mov    %r14,%rax

0x7ffff7fdb263: => 0x7ffff7fdb263 <_dl_lookup_symbol_x+403>:	mov    %r14,%rax

0x7ffff7fdb266: => 0x7ffff7fdb266 <_dl_lookup_symbol_x+406>:	pop    %rbx

0x7ffff7fdb266: => 0x7ffff7fdb266 <_dl_lookup_symbol_x+406>:	pop    %rbx

0x7ffff7fdb267: => 0x7ffff7fdb267 <_dl_lookup_symbol_x+407>:	pop    %rbp

0x7ffff7fdb267: => 0x7ffff7fdb267 <_dl_lookup_symbol_x+407>:	pop    %rbp

0x7ffff7fdb268: => 0x7ffff7fdb268 <_dl_lookup_symbol_x+408>:	pop    %r12

0x7ffff7fdb268: => 0x7ffff7fdb268 <_dl_lookup_symbol_x+408>:	pop    %r12

0x7ffff7fdb26a: => 0x7ffff7fdb26a <_dl_lookup_symbol_x+410>:	pop    %r13

0x7ffff7fdb26a: => 0x7ffff7fdb26a <_dl_lookup_symbol_x+410>:	pop    %r13

0x7ffff7fdb26c: => 0x7ffff7fdb26c <_dl_lookup_symbol_x+412>:	pop    %r14

0x7ffff7fdb26c: => 0x7ffff7fdb26c <_dl_lookup_symbol_x+412>:	pop    %r14

0x7ffff7fdb26e: => 0x7ffff7fdb26e <_dl_lookup_symbol_x+414>:	pop    %r15

0x7ffff7fdb26e: => 0x7ffff7fdb26e <_dl_lookup_symbol_x+414>:	pop    %r15

0x7ffff7fdb270: => 0x7ffff7fdb270 <_dl_lookup_symbol_x+416>:	retq   

0x7ffff7fdb270: => 0x7ffff7fdb270 <_dl_lookup_symbol_x+416>:	retq   

0x7ffff7fe0197: => 0x7ffff7fe0197 <_dl_fixup+215>:	mov    %rax,%r8

0x7ffff7fe0197: => 0x7ffff7fe0197 <_dl_fixup+215>:	mov    %rax,%r8

0x7ffff7fe019a: => 0x7ffff7fe019a <_dl_fixup+218>:	mov    %fs:0x18,%eax

0x7ffff7fe019a: => 0x7ffff7fe019a <_dl_fixup+218>:	mov    %fs:0x18,%eax

0x7ffff7fe01a2: => 0x7ffff7fe01a2 <_dl_fixup+226>:	pop    %rcx

0x7ffff7fe01a2: => 0x7ffff7fe01a2 <_dl_fixup+226>:	pop    %rcx

0x7ffff7fe01a3: => 0x7ffff7fe01a3 <_dl_fixup+227>:	pop    %rsi

0x7ffff7fe01a3: => 0x7ffff7fe01a3 <_dl_fixup+227>:	pop    %rsi

0x7ffff7fe01a4: => 0x7ffff7fe01a4 <_dl_fixup+228>:	test   %eax,%eax

0x7ffff7fe01a4: => 0x7ffff7fe01a4 <_dl_fixup+228>:	test   %eax,%eax

0x7ffff7fe01a6: => 0x7ffff7fe01a6 <_dl_fixup+230>:	jne    0x7ffff7fe0210 <_dl_fixup+336>

0x7ffff7fe01a6: => 0x7ffff7fe01a6 <_dl_fixup+230>:	jne    0x7ffff7fe0210 <_dl_fixup+336>

0x7ffff7fe01a8: => 0x7ffff7fe01a8 <_dl_fixup+232>:	mov    0x8(%rsp),%rdx

0x7ffff7fe01a8: => 0x7ffff7fe01a8 <_dl_fixup+232>:	mov    0x8(%rsp),%rdx

0x7ffff7fe01ad: => 0x7ffff7fe01ad <_dl_fixup+237>:	xor    %eax,%eax

0x7ffff7fe01ad: => 0x7ffff7fe01ad <_dl_fixup+237>:	xor    %eax,%eax

0x7ffff7fe01af: => 0x7ffff7fe01af <_dl_fixup+239>:	test   %rdx,%rdx

0x7ffff7fe01af: => 0x7ffff7fe01af <_dl_fixup+239>:	test   %rdx,%rdx

0x7ffff7fe01b2: => 0x7ffff7fe01b2 <_dl_fixup+242>:	je     0x7ffff7fe01d3 <_dl_fixup+275>

0x7ffff7fe01b2: => 0x7ffff7fe01b2 <_dl_fixup+242>:	je     0x7ffff7fe01d3 <_dl_fixup+275>

0x7ffff7fe01b4: => 0x7ffff7fe01b4 <_dl_fixup+244>:	cmpw   $0xfff1,0x6(%rdx)

0x7ffff7fe01b4: => 0x7ffff7fe01b4 <_dl_fixup+244>:	cmpw   $0xfff1,0x6(%rdx)

0x7ffff7fe01b9: => 0x7ffff7fe01b9 <_dl_fixup+249>:	je     0x7ffff7fe01f0 <_dl_fixup+304>

0x7ffff7fe01b9: => 0x7ffff7fe01b9 <_dl_fixup+249>:	je     0x7ffff7fe01f0 <_dl_fixup+304>

0x7ffff7fe01bb: => 0x7ffff7fe01bb <_dl_fixup+251>:	test   %r8,%r8

0x7ffff7fe01bb: => 0x7ffff7fe01bb <_dl_fixup+251>:	test   %r8,%r8

0x7ffff7fe01be: => 0x7ffff7fe01be <_dl_fixup+254>:	je     0x7ffff7fe01f0 <_dl_fixup+304>

0x7ffff7fe01be: => 0x7ffff7fe01be <_dl_fixup+254>:	je     0x7ffff7fe01f0 <_dl_fixup+304>

0x7ffff7fe01c0: => 0x7ffff7fe01c0 <_dl_fixup+256>:	mov    (%r8),%rax

0x7ffff7fe01c0: => 0x7ffff7fe01c0 <_dl_fixup+256>:	mov    (%r8),%rax

0x7ffff7fe01c3: => 0x7ffff7fe01c3 <_dl_fixup+259>:	add    0x8(%rdx),%rax

0x7ffff7fe01c3: => 0x7ffff7fe01c3 <_dl_fixup+259>:	add    0x8(%rdx),%rax

0x7ffff7fe01c7: => 0x7ffff7fe01c7 <_dl_fixup+263>:	movzbl 0x4(%rdx),%edx

0x7ffff7fe01c7: => 0x7ffff7fe01c7 <_dl_fixup+263>:	movzbl 0x4(%rdx),%edx

0x7ffff7fe01cb: => 0x7ffff7fe01cb <_dl_fixup+267>:	and    $0xf,%edx

0x7ffff7fe01cb: => 0x7ffff7fe01cb <_dl_fixup+267>:	and    $0xf,%edx

0x7ffff7fe01ce: => 0x7ffff7fe01ce <_dl_fixup+270>:	cmp    $0xa,%dl

0x7ffff7fe01ce: => 0x7ffff7fe01ce <_dl_fixup+270>:	cmp    $0xa,%dl

0x7ffff7fe01d1: => 0x7ffff7fe01d1 <_dl_fixup+273>:	je     0x7ffff7fe01f8 <_dl_fixup+312>

0x7ffff7fe01d1: => 0x7ffff7fe01d1 <_dl_fixup+273>:	je     0x7ffff7fe01f8 <_dl_fixup+312>

0x7ffff7fe01d3: => 0x7ffff7fe01d3 <_dl_fixup+275>:	mov    0x1c48f(%rip),%edx        # 0x7ffff7ffc668 <_rtld_global_ro+72>

0x7ffff7fe01d3: => 0x7ffff7fe01d3 <_dl_fixup+275>:	mov    0x1c48f(%rip),%edx        # 0x7ffff7ffc668 <_rtld_global_ro+72>

0x7ffff7fe01d9: => 0x7ffff7fe01d9 <_dl_fixup+281>:	test   %edx,%edx

0x7ffff7fe01d9: => 0x7ffff7fe01d9 <_dl_fixup+281>:	test   %edx,%edx

0x7ffff7fe01db: => 0x7ffff7fe01db <_dl_fixup+283>:	jne    0x7ffff7fe01e0 <_dl_fixup+288>

0x7ffff7fe01db: => 0x7ffff7fe01db <_dl_fixup+283>:	jne    0x7ffff7fe01e0 <_dl_fixup+288>

0x7ffff7fe01dd: => 0x7ffff7fe01dd <_dl_fixup+285>:	mov    %rax,(%rbx)

0x7ffff7fe01dd: => 0x7ffff7fe01dd <_dl_fixup+285>:	mov    %rax,(%rbx)

0x7ffff7fe01e0: => 0x7ffff7fe01e0 <_dl_fixup+288>:	add    $0x10,%rsp

0x7ffff7fe01e0: => 0x7ffff7fe01e0 <_dl_fixup+288>:	add    $0x10,%rsp

0x7ffff7fe01e4: => 0x7ffff7fe01e4 <_dl_fixup+292>:	pop    %rbx

0x7ffff7fe01e4: => 0x7ffff7fe01e4 <_dl_fixup+292>:	pop    %rbx

0x7ffff7fe01e5: => 0x7ffff7fe01e5 <_dl_fixup+293>:	retq   

0x7ffff7fe01e5: => 0x7ffff7fe01e5 <_dl_fixup+293>:	retq   

0x7ffff7fe7c3e: => 0x7ffff7fe7c3e <_dl_runtime_resolve_xsavec+126>:	mov    %rax,%r11

0x7ffff7fe7c3e: => 0x7ffff7fe7c3e <_dl_runtime_resolve_xsavec+126>:	mov    %rax,%r11

0x7ffff7fe7c41: => 0x7ffff7fe7c41 <_dl_runtime_resolve_xsavec+129>:	mov    $0xee,%eax

0x7ffff7fe7c41: => 0x7ffff7fe7c41 <_dl_runtime_resolve_xsavec+129>:	mov    $0xee,%eax

0x7ffff7fe7c46: => 0x7ffff7fe7c46 <_dl_runtime_resolve_xsavec+134>:	xor    %edx,%edx

0x7ffff7fe7c46: => 0x7ffff7fe7c46 <_dl_runtime_resolve_xsavec+134>:	xor    %edx,%edx

0x7ffff7fe7c48: => 0x7ffff7fe7c48 <_dl_runtime_resolve_xsavec+136>:	xrstor 0x40(%rsp)

0x7ffff7fe7c48: => 0x7ffff7fe7c48 <_dl_runtime_resolve_xsavec+136>:	xrstor 0x40(%rsp)

0x7ffff7fe7c4d: => 0x7ffff7fe7c4d <_dl_runtime_resolve_xsavec+141>:	mov    0x30(%rsp),%r9

0x7ffff7fe7c4d: => 0x7ffff7fe7c4d <_dl_runtime_resolve_xsavec+141>:	mov    0x30(%rsp),%r9

0x7ffff7fe7c52: => 0x7ffff7fe7c52 <_dl_runtime_resolve_xsavec+146>:	mov    0x28(%rsp),%r8

0x7ffff7fe7c52: => 0x7ffff7fe7c52 <_dl_runtime_resolve_xsavec+146>:	mov    0x28(%rsp),%r8

0x7ffff7fe7c57: => 0x7ffff7fe7c57 <_dl_runtime_resolve_xsavec+151>:	mov    0x20(%rsp),%rdi

0x7ffff7fe7c57: => 0x7ffff7fe7c57 <_dl_runtime_resolve_xsavec+151>:	mov    0x20(%rsp),%rdi

0x7ffff7fe7c5c: => 0x7ffff7fe7c5c <_dl_runtime_resolve_xsavec+156>:	mov    0x18(%rsp),%rsi

0x7ffff7fe7c5c: => 0x7ffff7fe7c5c <_dl_runtime_resolve_xsavec+156>:	mov    0x18(%rsp),%rsi

0x7ffff7fe7c61: => 0x7ffff7fe7c61 <_dl_runtime_resolve_xsavec+161>:	mov    0x10(%rsp),%rdx

0x7ffff7fe7c61: => 0x7ffff7fe7c61 <_dl_runtime_resolve_xsavec+161>:	mov    0x10(%rsp),%rdx

0x7ffff7fe7c66: => 0x7ffff7fe7c66 <_dl_runtime_resolve_xsavec+166>:	mov    0x8(%rsp),%rcx

0x7ffff7fe7c66: => 0x7ffff7fe7c66 <_dl_runtime_resolve_xsavec+166>:	mov    0x8(%rsp),%rcx

0x7ffff7fe7c6b: => 0x7ffff7fe7c6b <_dl_runtime_resolve_xsavec+171>:	mov    (%rsp),%rax

0x7ffff7fe7c6b: => 0x7ffff7fe7c6b <_dl_runtime_resolve_xsavec+171>:	mov    (%rsp),%rax

0x7ffff7fe7c6f: => 0x7ffff7fe7c6f <_dl_runtime_resolve_xsavec+175>:	mov    %rbx,%rsp

0x7ffff7fe7c6f: => 0x7ffff7fe7c6f <_dl_runtime_resolve_xsavec+175>:	mov    %rbx,%rsp

0x7ffff7fe7c72: => 0x7ffff7fe7c72 <_dl_runtime_resolve_xsavec+178>:	mov    (%rsp),%rbx

0x7ffff7fe7c72: => 0x7ffff7fe7c72 <_dl_runtime_resolve_xsavec+178>:	mov    (%rsp),%rbx

0x7ffff7fe7c76: => 0x7ffff7fe7c76 <_dl_runtime_resolve_xsavec+182>:	add    $0x18,%rsp

0x7ffff7fe7c76: => 0x7ffff7fe7c76 <_dl_runtime_resolve_xsavec+182>:	add    $0x18,%rsp

0x7ffff7fe7c7a: => 0x7ffff7fe7c7a <_dl_runtime_resolve_xsavec+186>:	bnd jmpq *%r11

0x7ffff7fe7c7a: => 0x7ffff7fe7c7a <_dl_runtime_resolve_xsavec+186>:	bnd jmpq *%r11

0x7ffff7e4d910: => 0x7ffff7e4d910 <_IO_new_fopen>:	endbr64 

0x7ffff7e4d910: => 0x7ffff7e4d910 <_IO_new_fopen>:	endbr64 

0x7ffff7e4d914: => 0x7ffff7e4d914 <_IO_new_fopen+4>:	push   %r13

0x7ffff7e4d914: => 0x7ffff7e4d914 <_IO_new_fopen+4>:	push   %r13

0x7ffff7e4d916: => 0x7ffff7e4d916 <_IO_new_fopen+6>:	mov    %rsi,%r13

0x7ffff7e4d916: => 0x7ffff7e4d916 <_IO_new_fopen+6>:	mov    %rsi,%r13

0x7ffff7e4d919: => 0x7ffff7e4d919 <_IO_new_fopen+9>:	push   %r12

0x7ffff7e4d919: => 0x7ffff7e4d919 <_IO_new_fopen+9>:	push   %r12

0x7ffff7e4d91b: => 0x7ffff7e4d91b <_IO_new_fopen+11>:	push   %rbp

0x7ffff7e4d91b: => 0x7ffff7e4d91b <_IO_new_fopen+11>:	push   %rbp

0x7ffff7e4d91c: => 0x7ffff7e4d91c <_IO_new_fopen+12>:	mov    %rdi,%rbp

0x7ffff7e4d91c: => 0x7ffff7e4d91c <_IO_new_fopen+12>:	mov    %rdi,%rbp

0x7ffff7e4d91f: => 0x7ffff7e4d91f <_IO_new_fopen+15>:	mov    $0x1d8,%edi

0x7ffff7e4d91f: => 0x7ffff7e4d91f <_IO_new_fopen+15>:	mov    $0x1d8,%edi

0x7ffff7e4d924: => 0x7ffff7e4d924 <_IO_new_fopen+20>:	push   %rbx

0x7ffff7e4d924: => 0x7ffff7e4d924 <_IO_new_fopen+20>:	push   %rbx

0x7ffff7e4d925: => 0x7ffff7e4d925 <_IO_new_fopen+21>:	sub    $0x8,%rsp

0x7ffff7e4d925: => 0x7ffff7e4d925 <_IO_new_fopen+21>:	sub    $0x8,%rsp

0x7ffff7e4d929: => 0x7ffff7e4d929 <_IO_new_fopen+25>:	callq  0x7ffff7ded310 <malloc@plt>

0x7ffff7e4d929: => 0x7ffff7e4d929 <_IO_new_fopen+25>:	callq  0x7ffff7ded310 <malloc@plt>

0x7ffff7e4d92e: => 0x7ffff7e4d92e <_IO_new_fopen+30>:	test   %rax,%rax

0x7ffff7e4d92e: => 0x7ffff7e4d92e <_IO_new_fopen+30>:	test   %rax,%rax

0x7ffff7e4d931: => 0x7ffff7e4d931 <_IO_new_fopen+33>:	je     0x7ffff7e4da01 <_IO_new_fopen+241>

0x7ffff7e4d931: => 0x7ffff7e4d931 <_IO_new_fopen+33>:	je     0x7ffff7e4da01 <_IO_new_fopen+241>

0x7ffff7e4d937: => 0x7ffff7e4d937 <_IO_new_fopen+39>:	mov    %rax,%rbx

0x7ffff7e4d937: => 0x7ffff7e4d937 <_IO_new_fopen+39>:	mov    %rax,%rbx

0x7ffff7e4d93a: => 0x7ffff7e4d93a <_IO_new_fopen+42>:	lea    0xe0(%rax),%rax

0x7ffff7e4d93a: => 0x7ffff7e4d93a <_IO_new_fopen+42>:	lea    0xe0(%rax),%rax

0x7ffff7e4d941: => 0x7ffff7e4d941 <_IO_new_fopen+49>:	xor    %edx,%edx

0x7ffff7e4d941: => 0x7ffff7e4d941 <_IO_new_fopen+49>:	xor    %edx,%edx

0x7ffff7e4d943: => 0x7ffff7e4d943 <_IO_new_fopen+51>:	xor    %esi,%esi

0x7ffff7e4d943: => 0x7ffff7e4d943 <_IO_new_fopen+51>:	xor    %esi,%esi

0x7ffff7e4d945: => 0x7ffff7e4d945 <_IO_new_fopen+53>:	mov    %rax,0x88(%rbx)

0x7ffff7e4d945: => 0x7ffff7e4d945 <_IO_new_fopen+53>:	mov    %rax,0x88(%rbx)

0x7ffff7e4d94c: => 0x7ffff7e4d94c <_IO_new_fopen+60>:	lea    0xf0(%rbx),%rcx

0x7ffff7e4d94c: => 0x7ffff7e4d94c <_IO_new_fopen+60>:	lea    0xf0(%rbx),%rcx

0x7ffff7e4d953: => 0x7ffff7e4d953 <_IO_new_fopen+67>:	mov    %rbx,%rdi

0x7ffff7e4d953: => 0x7ffff7e4d953 <_IO_new_fopen+67>:	mov    %rbx,%rdi

0x7ffff7e4d956: => 0x7ffff7e4d956 <_IO_new_fopen+70>:	mov    %rbx,%r12

0x7ffff7e4d956: => 0x7ffff7e4d956 <_IO_new_fopen+70>:	mov    %rbx,%r12

0x7ffff7e4d959: => 0x7ffff7e4d959 <_IO_new_fopen+73>:	lea    0x166600(%rip),%r8        # 0x7ffff7fb3f60 <_IO_wfile_jumps>

0x7ffff7e4d959: => 0x7ffff7e4d959 <_IO_new_fopen+73>:	lea    0x166600(%rip),%r8        # 0x7ffff7fb3f60 <_IO_wfile_jumps>

0x7ffff7e4d960: => 0x7ffff7e4d960 <_IO_new_fopen+80>:	callq  0x7ffff7e5d7a0 <_IO_no_init>

0x7ffff7e4d960: => 0x7ffff7e4d960 <_IO_new_fopen+80>:	callq  0x7ffff7e5d7a0 <_IO_no_init>

0x7ffff7e4d965: => 0x7ffff7e4d965 <_IO_new_fopen+85>:	lea    0x166b34(%rip),%rax        # 0x7ffff7fb44a0 <_IO_file_jumps>

0x7ffff7e4d965: => 0x7ffff7e4d965 <_IO_new_fopen+85>:	lea    0x166b34(%rip),%rax        # 0x7ffff7fb44a0 <_IO_file_jumps>

0x7ffff7e4d96c: => 0x7ffff7e4d96c <_IO_new_fopen+92>:	mov    %rbx,%rdi

0x7ffff7e4d96c: => 0x7ffff7e4d96c <_IO_new_fopen+92>:	mov    %rbx,%rdi

0x7ffff7e4d96f: => 0x7ffff7e4d96f <_IO_new_fopen+95>:	mov    %rax,0xd8(%rbx)

0x7ffff7e4d96f: => 0x7ffff7e4d96f <_IO_new_fopen+95>:	mov    %rax,0xd8(%rbx)

0x7ffff7e4d976: => 0x7ffff7e4d976 <_IO_new_fopen+102>:	callq  0x7ffff7e5ad70 <_IO_new_file_init_internal>

0x7ffff7e4d976: => 0x7ffff7e4d976 <_IO_new_fopen+102>:	callq  0x7ffff7e5ad70 <_IO_new_file_init_internal>

0x7ffff7e4d97b: => 0x7ffff7e4d97b <_IO_new_fopen+107>:	mov    $0x1,%ecx

0x7ffff7e4d97b: => 0x7ffff7e4d97b <_IO_new_fopen+107>:	mov    $0x1,%ecx

0x7ffff7e4d980: => 0x7ffff7e4d980 <_IO_new_fopen+112>:	mov    %r13,%rdx

0x7ffff7e4d980: => 0x7ffff7e4d980 <_IO_new_fopen+112>:	mov    %r13,%rdx

0x7ffff7e4d983: => 0x7ffff7e4d983 <_IO_new_fopen+115>:	mov    %rbp,%rsi

0x7ffff7e4d983: => 0x7ffff7e4d983 <_IO_new_fopen+115>:	mov    %rbp,%rsi

0x7ffff7e4d986: => 0x7ffff7e4d986 <_IO_new_fopen+118>:	mov    %rbx,%rdi

0x7ffff7e4d986: => 0x7ffff7e4d986 <_IO_new_fopen+118>:	mov    %rbx,%rdi

0x7ffff7e4d989: => 0x7ffff7e4d989 <_IO_new_fopen+121>:	callq  0x7ffff7e5b0e0 <_IO_new_file_fopen>

0x7ffff7e4d989: => 0x7ffff7e4d989 <_IO_new_fopen+121>:	callq  0x7ffff7e5b0e0 <_IO_new_file_fopen>

0x7ffff7e4d98e: => 0x7ffff7e4d98e <_IO_new_fopen+126>:	test   %rax,%rax

0x7ffff7e4d98e: => 0x7ffff7e4d98e <_IO_new_fopen+126>:	test   %rax,%rax

0x7ffff7e4d991: => 0x7ffff7e4d991 <_IO_new_fopen+129>:	je     0x7ffff7e4d9e0 <_IO_new_fopen+208>

0x7ffff7e4d991: => 0x7ffff7e4d991 <_IO_new_fopen+129>:	je     0x7ffff7e4d9e0 <_IO_new_fopen+208>

0x7ffff7e4d993: => 0x7ffff7e4d993 <_IO_new_fopen+131>:	testb  $0x1,0x74(%rbx)

0x7ffff7e4d993: => 0x7ffff7e4d993 <_IO_new_fopen+131>:	testb  $0x1,0x74(%rbx)

0x7ffff7e4d997: => 0x7ffff7e4d997 <_IO_new_fopen+135>:	je     0x7ffff7e4d9cd <_IO_new_fopen+189>

0x7ffff7e4d997: => 0x7ffff7e4d997 <_IO_new_fopen+135>:	je     0x7ffff7e4d9cd <_IO_new_fopen+189>

0x7ffff7e4d9cd: => 0x7ffff7e4d9cd <_IO_new_fopen+189>:	add    $0x8,%rsp

0x7ffff7e4d9cd: => 0x7ffff7e4d9cd <_IO_new_fopen+189>:	add    $0x8,%rsp

0x7ffff7e4d9d1: => 0x7ffff7e4d9d1 <_IO_new_fopen+193>:	mov    %r12,%rax

0x7ffff7e4d9d1: => 0x7ffff7e4d9d1 <_IO_new_fopen+193>:	mov    %r12,%rax

0x7ffff7e4d9d4: => 0x7ffff7e4d9d4 <_IO_new_fopen+196>:	pop    %rbx

0x7ffff7e4d9d4: => 0x7ffff7e4d9d4 <_IO_new_fopen+196>:	pop    %rbx

0x7ffff7e4d9d5: => 0x7ffff7e4d9d5 <_IO_new_fopen+197>:	pop    %rbp

0x7ffff7e4d9d5: => 0x7ffff7e4d9d5 <_IO_new_fopen+197>:	pop    %rbp

0x7ffff7e4d9d6: => 0x7ffff7e4d9d6 <_IO_new_fopen+198>:	pop    %r12

0x7ffff7e4d9d6: => 0x7ffff7e4d9d6 <_IO_new_fopen+198>:	pop    %r12

0x7ffff7e4d9d8: => 0x7ffff7e4d9d8 <_IO_new_fopen+200>:	pop    %r13

0x7ffff7e4d9d8: => 0x7ffff7e4d9d8 <_IO_new_fopen+200>:	pop    %r13

0x7ffff7e4d9da: => 0x7ffff7e4d9da <_IO_new_fopen+202>:	retq   

0x7ffff7e4d9da: => 0x7ffff7e4d9da <_IO_new_fopen+202>:	retq   

0x4012f7: => 0x4012f7 <output_file+68>:	mov    %rax,-0x1020(%rbp)

0x4012f7: => 0x4012f7 <output_file+68>:	mov    %rax,-0x1020(%rbp)

0x4012fe: => 0x4012fe <output_file+75>:	cmpq   $0x0,-0x1020(%rbp)

0x4012fe: => 0x4012fe <output_file+75>:	cmpq   $0x0,-0x1020(%rbp)

0x401306: => 0x401306 <output_file+83>:	jne    0x401345 <output_file+146>

0x401306: => 0x401306 <output_file+83>:	jne    0x401345 <output_file+146>

0x401345: => 0x401345 <output_file+146>:	mov    -0x1020(%rbp),%rdx

0x401345: => 0x401345 <output_file+146>:	mov    -0x1020(%rbp),%rdx

0x40134c: => 0x40134c <output_file+153>:	lea    -0x1010(%rbp),%rax

0x40134c: => 0x40134c <output_file+153>:	lea    -0x1010(%rbp),%rax

0x401353: => 0x401353 <output_file+160>:	mov    %rdx,%rcx

0x401353: => 0x401353 <output_file+160>:	mov    %rdx,%rcx

0x401356: => 0x401356 <output_file+163>:	mov    $0x1000,%edx

0x401356: => 0x401356 <output_file+163>:	mov    $0x1000,%edx

0x40135b: => 0x40135b <output_file+168>:	mov    $0x1,%esi

0x40135b: => 0x40135b <output_file+168>:	mov    $0x1,%esi

0x401360: => 0x401360 <output_file+173>:	mov    %rax,%rdi

0x401360: => 0x401360 <output_file+173>:	mov    %rax,%rdi

0x401363: => 0x401363 <output_file+176>:	callq  0x4010d0 <fread@plt>

0x401363: => 0x401363 <output_file+176>:	callq  0x4010d0 <fread@plt>

0x401368: => 0x401368 <output_file+181>:	mov    %rax,-0x1018(%rbp)

0x401368: => 0x401368 <output_file+181>:	mov    %rax,-0x1018(%rbp)

0x40136f: => 0x40136f <output_file+188>:	mov    0x2d0a(%rip),%rcx        # 0x404080 <stdout@@GLIBC_2.2.5>

0x40136f: => 0x40136f <output_file+188>:	mov    0x2d0a(%rip),%rcx        # 0x404080 <stdout@@GLIBC_2.2.5>

0x401376: => 0x401376 <output_file+195>:	mov    -0x1018(%rbp),%rdx

0x401376: => 0x401376 <output_file+195>:	mov    -0x1018(%rbp),%rdx

0x40137d: => 0x40137d <output_file+202>:	lea    -0x1010(%rbp),%rax

0x40137d: => 0x40137d <output_file+202>:	lea    -0x1010(%rbp),%rax

0x401384: => 0x401384 <output_file+209>:	mov    $0x1,%esi

0x401384: => 0x401384 <output_file+209>:	mov    $0x1,%esi

0x401389: => 0x401389 <output_file+214>:	mov    %rax,%rdi

0x401389: => 0x401389 <output_file+214>:	mov    %rax,%rdi

0x40138c: => 0x40138c <output_file+217>:	callq  0x401130 <fwrite@plt>

0x40138c: => 0x40138c <output_file+217>:	callq  0x401130 <fwrite@plt>

0x401391: => 0x401391 <output_file+222>:	cmpq   $0x0,-0x1018(%rbp)

0x401391: => 0x401391 <output_file+222>:	cmpq   $0x0,-0x1018(%rbp)

0x401399: => 0x401399 <output_file+230>:	jne    0x401345 <output_file+146>

0x401399: => 0x401399 <output_file+230>:	jne    0x401345 <output_file+146>

0x401345: => 0x401345 <output_file+146>:	mov    -0x1020(%rbp),%rdx

0x401345: => 0x401345 <output_file+146>:	mov    -0x1020(%rbp),%rdx

0x40134c: => 0x40134c <output_file+153>:	lea    -0x1010(%rbp),%rax

0x40134c: => 0x40134c <output_file+153>:	lea    -0x1010(%rbp),%rax

0x401353: => 0x401353 <output_file+160>:	mov    %rdx,%rcx

0x401353: => 0x401353 <output_file+160>:	mov    %rdx,%rcx

0x401356: => 0x401356 <output_file+163>:	mov    $0x1000,%edx

0x401356: => 0x401356 <output_file+163>:	mov    $0x1000,%edx

0x40135b: => 0x40135b <output_file+168>:	mov    $0x1,%esi

0x40135b: => 0x40135b <output_file+168>:	mov    $0x1,%esi

0x401360: => 0x401360 <output_file+173>:	mov    %rax,%rdi

0x401360: => 0x401360 <output_file+173>:	mov    %rax,%rdi

0x401363: => 0x401363 <output_file+176>:	callq  0x4010d0 <fread@plt>

0x401363: => 0x401363 <output_file+176>:	callq  0x4010d0 <fread@plt>

0x401368: => 0x401368 <output_file+181>:	mov    %rax,-0x1018(%rbp)

0x401368: => 0x401368 <output_file+181>:	mov    %rax,-0x1018(%rbp)

0x40136f: => 0x40136f <output_file+188>:	mov    0x2d0a(%rip),%rcx        # 0x404080 <stdout@@GLIBC_2.2.5>

0x40136f: => 0x40136f <output_file+188>:	mov    0x2d0a(%rip),%rcx        # 0x404080 <stdout@@GLIBC_2.2.5>

0x401376: => 0x401376 <output_file+195>:	mov    -0x1018(%rbp),%rdx

0x401376: => 0x401376 <output_file+195>:	mov    -0x1018(%rbp),%rdx

0x40137d: => 0x40137d <output_file+202>:	lea    -0x1010(%rbp),%rax

0x40137d: => 0x40137d <output_file+202>:	lea    -0x1010(%rbp),%rax

0x401384: => 0x401384 <output_file+209>:	mov    $0x1,%esi

0x401384: => 0x401384 <output_file+209>:	mov    $0x1,%esi

0x401389: => 0x401389 <output_file+214>:	mov    %rax,%rdi

0x401389: => 0x401389 <output_file+214>:	mov    %rax,%rdi

0x40138c: => 0x40138c <output_file+217>:	callq  0x401130 <fwrite@plt>

0x40138c: => 0x40138c <output_file+217>:	callq  0x401130 <fwrite@plt>

0x401391: => 0x401391 <output_file+222>:	cmpq   $0x0,-0x1018(%rbp)

0x401391: => 0x401391 <output_file+222>:	cmpq   $0x0,-0x1018(%rbp)

0x401399: => 0x401399 <output_file+230>:	jne    0x401345 <output_file+146>

0x401399: => 0x401399 <output_file+230>:	jne    0x401345 <output_file+146>

0x40139b: => 0x40139b <output_file+232>:	mov    -0x1020(%rbp),%rax

0x40139b: => 0x40139b <output_file+232>:	mov    -0x1020(%rbp),%rax

0x4013a2: => 0x4013a2 <output_file+239>:	mov    %rax,%rdi

0x4013a2: => 0x4013a2 <output_file+239>:	mov    %rax,%rdi

0x4013a5: => 0x4013a5 <output_file+242>:	callq  0x4010e0 <fclose@plt>

0x4013a5: => 0x4013a5 <output_file+242>:	callq  0x4010e0 <fclose@plt>

0x4013aa: => 0x4013aa <output_file+247>:	nop

0x4013aa: => 0x4013aa <output_file+247>:	nop

0x4013ab: => 0x4013ab <output_file+248>:	mov    -0x8(%rbp),%rax

0x4013ab: => 0x4013ab <output_file+248>:	mov    -0x8(%rbp),%rax

0x4013af: => 0x4013af <output_file+252>:	xor    %fs:0x28,%rax

0x4013af: => 0x4013af <output_file+252>:	xor    %fs:0x28,%rax

0x4013b8: => 0x4013b8 <output_file+261>:	je     0x4013bf <output_file+268>

0x4013b8: => 0x4013b8 <output_file+261>:	je     0x4013bf <output_file+268>

0x4013bf: => 0x4013bf <output_file+268>:	leaveq 

0x4013bf: => 0x4013bf <output_file+268>:	leaveq 

0x4013c0: => 0x4013c0 <output_file+269>:	retq   

0x4013c0: => 0x4013c0 <output_file+269>:	retq   

0x4012a0: => 0x4012a0 <_main+104>:	addl   $0x1,-0x4(%rbp)

0x4012a0: => 0x4012a0 <_main+104>:	addl   $0x1,-0x4(%rbp)

0x4012a4: => 0x4012a4 <_main+108>:	mov    -0x4(%rbp),%eax

0x4012a4: => 0x4012a4 <_main+108>:	mov    -0x4(%rbp),%eax

0x4012a7: => 0x4012a7 <_main+111>:	cmp    -0x14(%rbp),%eax

0x4012a7: => 0x4012a7 <_main+111>:	cmp    -0x14(%rbp),%eax

0x4012aa: => 0x4012aa <_main+114>:	jl     0x401281 <_main+73>

0x4012aa: => 0x4012aa <_main+114>:	jl     0x401281 <_main+73>

0x4012ac: => 0x4012ac <_main+116>:	mov    $0x0,%eax

0x4012ac: => 0x4012ac <_main+116>:	mov    $0x0,%eax

0x4012b1: => 0x4012b1 <_main+121>:	leaveq 

0x4012b1: => 0x4012b1 <_main+121>:	leaveq 

0x4012b2: => 0x4012b2 <_main+122>:	retq   

0x4012b2: => 0x4012b2 <_main+122>:	retq   

0x4013e5: => 0x4013e5 <main+36>:	leaveq 

0x4013e5: => 0x4013e5 <main+36>:	leaveq 

0x4013e6: => 0x4013e6 <main+37>:	retq   

0x4013e6: => 0x4013e6 <main+37>:	retq   

0x7ffff7def083: => 0x7ffff7def083 <__libc_start_main+243>:	mov    %eax,%edi

0x7ffff7def083: => 0x7ffff7def083 <__libc_start_main+243>:	mov    %eax,%edi

0x7ffff7def085: => 0x7ffff7def085 <__libc_start_main+245>:	callq  0x7ffff7e11a40 <__GI_exit>

0x7ffff7def085: => 0x7ffff7def085 <__libc_start_main+245>:	callq  0x7ffff7e11a40 <__GI_exit>

