0x555555555169: => 0x555555555169 <main>:	endbr64 

0x55555555516d: => 0x55555555516d <main+4>:	push   %rbp

0x55555555516d: => 0x55555555516d <main+4>:	push   %rbp

0x55555555516e: => 0x55555555516e <main+5>:	mov    %rsp,%rbp

0x55555555516e: => 0x55555555516e <main+5>:	mov    %rsp,%rbp

0x555555555171: => 0x555555555171 <main+8>:	movl   $0x0,-0x10(%rbp)

0x555555555171: => 0x555555555171 <main+8>:	movl   $0x0,-0x10(%rbp)

0x555555555178: => 0x555555555178 <main+15>:	movl   $0x1,-0xc(%rbp)

0x555555555178: => 0x555555555178 <main+15>:	movl   $0x1,-0xc(%rbp)

0x55555555517f: => 0x55555555517f <main+22>:	movl   $0x0,-0x8(%rbp)

0x55555555517f: => 0x55555555517f <main+22>:	movl   $0x0,-0x8(%rbp)

0x555555555186: => 0x555555555186 <main+29>:	cmpl   $0x9,-0x8(%rbp)

0x555555555186: => 0x555555555186 <main+29>:	cmpl   $0x9,-0x8(%rbp)

0x55555555518a: => 0x55555555518a <main+33>:	jg     0x5555555551a9 <main+64>

0x55555555518a: => 0x55555555518a <main+33>:	jg     0x5555555551a9 <main+64>

0x55555555518c: => 0x55555555518c <main+35>:	mov    -0x10(%rbp),%edx

0x55555555518c: => 0x55555555518c <main+35>:	mov    -0x10(%rbp),%edx

0x55555555518f: => 0x55555555518f <main+38>:	mov    -0xc(%rbp),%eax

0x55555555518f: => 0x55555555518f <main+38>:	mov    -0xc(%rbp),%eax

0x555555555192: => 0x555555555192 <main+41>:	add    %edx,%eax

0x555555555192: => 0x555555555192 <main+41>:	add    %edx,%eax

0x555555555194: => 0x555555555194 <main+43>:	mov    %eax,-0x4(%rbp)

0x555555555194: => 0x555555555194 <main+43>:	mov    %eax,-0x4(%rbp)

0x555555555197: => 0x555555555197 <main+46>:	mov    -0xc(%rbp),%eax

0x555555555197: => 0x555555555197 <main+46>:	mov    -0xc(%rbp),%eax

0x55555555519a: => 0x55555555519a <main+49>:	mov    %eax,-0x10(%rbp)

0x55555555519a: => 0x55555555519a <main+49>:	mov    %eax,-0x10(%rbp)

0x55555555519d: => 0x55555555519d <main+52>:	mov    -0x4(%rbp),%eax

0x55555555519d: => 0x55555555519d <main+52>:	mov    -0x4(%rbp),%eax

0x5555555551a0: => 0x5555555551a0 <main+55>:	mov    %eax,-0xc(%rbp)

0x5555555551a0: => 0x5555555551a0 <main+55>:	mov    %eax,-0xc(%rbp)

0x5555555551a3: => 0x5555555551a3 <main+58>:	addl   $0x1,-0x8(%rbp)

0x5555555551a3: => 0x5555555551a3 <main+58>:	addl   $0x1,-0x8(%rbp)

0x5555555551a7: => 0x5555555551a7 <main+62>:	jmp    0x555555555186 <main+29>

0x5555555551a7: => 0x5555555551a7 <main+62>:	jmp    0x555555555186 <main+29>

0x555555555186: => 0x555555555186 <main+29>:	cmpl   $0x9,-0x8(%rbp)

0x555555555186: => 0x555555555186 <main+29>:	cmpl   $0x9,-0x8(%rbp)

0x55555555518a: => 0x55555555518a <main+33>:	jg     0x5555555551a9 <main+64>

0x55555555518a: => 0x55555555518a <main+33>:	jg     0x5555555551a9 <main+64>

0x55555555518c: => 0x55555555518c <main+35>:	mov    -0x10(%rbp),%edx

0x55555555518c: => 0x55555555518c <main+35>:	mov    -0x10(%rbp),%edx

0x55555555518f: => 0x55555555518f <main+38>:	mov    -0xc(%rbp),%eax

0x55555555518f: => 0x55555555518f <main+38>:	mov    -0xc(%rbp),%eax

0x555555555192: => 0x555555555192 <main+41>:	add    %edx,%eax

0x555555555192: => 0x555555555192 <main+41>:	add    %edx,%eax

0x555555555194: => 0x555555555194 <main+43>:	mov    %eax,-0x4(%rbp)

0x555555555194: => 0x555555555194 <main+43>:	mov    %eax,-0x4(%rbp)

0x555555555197: => 0x555555555197 <main+46>:	mov    -0xc(%rbp),%eax

0x555555555197: => 0x555555555197 <main+46>:	mov    -0xc(%rbp),%eax

0x55555555519a: => 0x55555555519a <main+49>:	mov    %eax,-0x10(%rbp)

0x55555555519a: => 0x55555555519a <main+49>:	mov    %eax,-0x10(%rbp)

0x55555555519d: => 0x55555555519d <main+52>:	mov    -0x4(%rbp),%eax

0x55555555519d: => 0x55555555519d <main+52>:	mov    -0x4(%rbp),%eax

0x5555555551a0: => 0x5555555551a0 <main+55>:	mov    %eax,-0xc(%rbp)

0x5555555551a0: => 0x5555555551a0 <main+55>:	mov    %eax,-0xc(%rbp)

0x5555555551a3: => 0x5555555551a3 <main+58>:	addl   $0x1,-0x8(%rbp)

0x5555555551a3: => 0x5555555551a3 <main+58>:	addl   $0x1,-0x8(%rbp)

0x5555555551a7: => 0x5555555551a7 <main+62>:	jmp    0x555555555186 <main+29>

0x5555555551a7: => 0x5555555551a7 <main+62>:	jmp    0x555555555186 <main+29>

0x555555555186: => 0x555555555186 <main+29>:	cmpl   $0x9,-0x8(%rbp)

0x555555555186: => 0x555555555186 <main+29>:	cmpl   $0x9,-0x8(%rbp)

0x55555555518a: => 0x55555555518a <main+33>:	jg     0x5555555551a9 <main+64>

0x55555555518a: => 0x55555555518a <main+33>:	jg     0x5555555551a9 <main+64>

0x55555555518c: => 0x55555555518c <main+35>:	mov    -0x10(%rbp),%edx

0x55555555518c: => 0x55555555518c <main+35>:	mov    -0x10(%rbp),%edx

0x55555555518f: => 0x55555555518f <main+38>:	mov    -0xc(%rbp),%eax

0x55555555518f: => 0x55555555518f <main+38>:	mov    -0xc(%rbp),%eax

0x555555555192: => 0x555555555192 <main+41>:	add    %edx,%eax

0x555555555192: => 0x555555555192 <main+41>:	add    %edx,%eax

0x555555555194: => 0x555555555194 <main+43>:	mov    %eax,-0x4(%rbp)

0x555555555194: => 0x555555555194 <main+43>:	mov    %eax,-0x4(%rbp)

0x555555555197: => 0x555555555197 <main+46>:	mov    -0xc(%rbp),%eax

0x555555555197: => 0x555555555197 <main+46>:	mov    -0xc(%rbp),%eax

0x55555555519a: => 0x55555555519a <main+49>:	mov    %eax,-0x10(%rbp)

0x55555555519a: => 0x55555555519a <main+49>:	mov    %eax,-0x10(%rbp)

0x55555555519d: => 0x55555555519d <main+52>:	mov    -0x4(%rbp),%eax

0x55555555519d: => 0x55555555519d <main+52>:	mov    -0x4(%rbp),%eax

0x5555555551a0: => 0x5555555551a0 <main+55>:	mov    %eax,-0xc(%rbp)

0x5555555551a0: => 0x5555555551a0 <main+55>:	mov    %eax,-0xc(%rbp)

0x5555555551a3: => 0x5555555551a3 <main+58>:	addl   $0x1,-0x8(%rbp)

0x5555555551a3: => 0x5555555551a3 <main+58>:	addl   $0x1,-0x8(%rbp)

0x5555555551a7: => 0x5555555551a7 <main+62>:	jmp    0x555555555186 <main+29>

0x5555555551a7: => 0x5555555551a7 <main+62>:	jmp    0x555555555186 <main+29>

0x555555555186: => 0x555555555186 <main+29>:	cmpl   $0x9,-0x8(%rbp)

0x555555555186: => 0x555555555186 <main+29>:	cmpl   $0x9,-0x8(%rbp)

0x55555555518a: => 0x55555555518a <main+33>:	jg     0x5555555551a9 <main+64>

0x55555555518a: => 0x55555555518a <main+33>:	jg     0x5555555551a9 <main+64>

0x55555555518c: => 0x55555555518c <main+35>:	mov    -0x10(%rbp),%edx

0x55555555518c: => 0x55555555518c <main+35>:	mov    -0x10(%rbp),%edx

0x55555555518f: => 0x55555555518f <main+38>:	mov    -0xc(%rbp),%eax

0x55555555518f: => 0x55555555518f <main+38>:	mov    -0xc(%rbp),%eax

0x555555555192: => 0x555555555192 <main+41>:	add    %edx,%eax

0x555555555192: => 0x555555555192 <main+41>:	add    %edx,%eax

0x555555555194: => 0x555555555194 <main+43>:	mov    %eax,-0x4(%rbp)

0x555555555194: => 0x555555555194 <main+43>:	mov    %eax,-0x4(%rbp)

0x555555555197: => 0x555555555197 <main+46>:	mov    -0xc(%rbp),%eax

0x555555555197: => 0x555555555197 <main+46>:	mov    -0xc(%rbp),%eax

0x55555555519a: => 0x55555555519a <main+49>:	mov    %eax,-0x10(%rbp)

0x55555555519a: => 0x55555555519a <main+49>:	mov    %eax,-0x10(%rbp)

0x55555555519d: => 0x55555555519d <main+52>:	mov    -0x4(%rbp),%eax

0x55555555519d: => 0x55555555519d <main+52>:	mov    -0x4(%rbp),%eax

0x5555555551a0: => 0x5555555551a0 <main+55>:	mov    %eax,-0xc(%rbp)

0x5555555551a0: => 0x5555555551a0 <main+55>:	mov    %eax,-0xc(%rbp)

0x5555555551a3: => 0x5555555551a3 <main+58>:	addl   $0x1,-0x8(%rbp)

0x5555555551a3: => 0x5555555551a3 <main+58>:	addl   $0x1,-0x8(%rbp)

0x5555555551a7: => 0x5555555551a7 <main+62>:	jmp    0x555555555186 <main+29>

0x5555555551a7: => 0x5555555551a7 <main+62>:	jmp    0x555555555186 <main+29>

0x555555555186: => 0x555555555186 <main+29>:	cmpl   $0x9,-0x8(%rbp)

0x555555555186: => 0x555555555186 <main+29>:	cmpl   $0x9,-0x8(%rbp)

0x55555555518a: => 0x55555555518a <main+33>:	jg     0x5555555551a9 <main+64>

0x55555555518a: => 0x55555555518a <main+33>:	jg     0x5555555551a9 <main+64>

0x55555555518c: => 0x55555555518c <main+35>:	mov    -0x10(%rbp),%edx

0x55555555518c: => 0x55555555518c <main+35>:	mov    -0x10(%rbp),%edx

0x55555555518f: => 0x55555555518f <main+38>:	mov    -0xc(%rbp),%eax

0x55555555518f: => 0x55555555518f <main+38>:	mov    -0xc(%rbp),%eax

0x555555555192: => 0x555555555192 <main+41>:	add    %edx,%eax

0x555555555192: => 0x555555555192 <main+41>:	add    %edx,%eax

0x555555555194: => 0x555555555194 <main+43>:	mov    %eax,-0x4(%rbp)

0x555555555194: => 0x555555555194 <main+43>:	mov    %eax,-0x4(%rbp)

0x555555555197: => 0x555555555197 <main+46>:	mov    -0xc(%rbp),%eax

0x555555555197: => 0x555555555197 <main+46>:	mov    -0xc(%rbp),%eax

0x55555555519a: => 0x55555555519a <main+49>:	mov    %eax,-0x10(%rbp)

0x55555555519a: => 0x55555555519a <main+49>:	mov    %eax,-0x10(%rbp)

0x55555555519d: => 0x55555555519d <main+52>:	mov    -0x4(%rbp),%eax

0x55555555519d: => 0x55555555519d <main+52>:	mov    -0x4(%rbp),%eax

0x5555555551a0: => 0x5555555551a0 <main+55>:	mov    %eax,-0xc(%rbp)

0x5555555551a0: => 0x5555555551a0 <main+55>:	mov    %eax,-0xc(%rbp)

0x5555555551a3: => 0x5555555551a3 <main+58>:	addl   $0x1,-0x8(%rbp)

0x5555555551a3: => 0x5555555551a3 <main+58>:	addl   $0x1,-0x8(%rbp)

0x5555555551a7: => 0x5555555551a7 <main+62>:	jmp    0x555555555186 <main+29>

0x5555555551a7: => 0x5555555551a7 <main+62>:	jmp    0x555555555186 <main+29>

0x555555555186: => 0x555555555186 <main+29>:	cmpl   $0x9,-0x8(%rbp)

0x555555555186: => 0x555555555186 <main+29>:	cmpl   $0x9,-0x8(%rbp)

0x55555555518a: => 0x55555555518a <main+33>:	jg     0x5555555551a9 <main+64>

0x55555555518a: => 0x55555555518a <main+33>:	jg     0x5555555551a9 <main+64>

0x55555555518c: => 0x55555555518c <main+35>:	mov    -0x10(%rbp),%edx

0x55555555518c: => 0x55555555518c <main+35>:	mov    -0x10(%rbp),%edx

0x55555555518f: => 0x55555555518f <main+38>:	mov    -0xc(%rbp),%eax

0x55555555518f: => 0x55555555518f <main+38>:	mov    -0xc(%rbp),%eax

0x555555555192: => 0x555555555192 <main+41>:	add    %edx,%eax

0x555555555192: => 0x555555555192 <main+41>:	add    %edx,%eax

0x555555555194: => 0x555555555194 <main+43>:	mov    %eax,-0x4(%rbp)

0x555555555194: => 0x555555555194 <main+43>:	mov    %eax,-0x4(%rbp)

0x555555555197: => 0x555555555197 <main+46>:	mov    -0xc(%rbp),%eax

0x555555555197: => 0x555555555197 <main+46>:	mov    -0xc(%rbp),%eax

0x55555555519a: => 0x55555555519a <main+49>:	mov    %eax,-0x10(%rbp)

0x55555555519a: => 0x55555555519a <main+49>:	mov    %eax,-0x10(%rbp)

0x55555555519d: => 0x55555555519d <main+52>:	mov    -0x4(%rbp),%eax

0x55555555519d: => 0x55555555519d <main+52>:	mov    -0x4(%rbp),%eax

0x5555555551a0: => 0x5555555551a0 <main+55>:	mov    %eax,-0xc(%rbp)

0x5555555551a0: => 0x5555555551a0 <main+55>:	mov    %eax,-0xc(%rbp)

0x5555555551a3: => 0x5555555551a3 <main+58>:	addl   $0x1,-0x8(%rbp)

0x5555555551a3: => 0x5555555551a3 <main+58>:	addl   $0x1,-0x8(%rbp)

0x5555555551a7: => 0x5555555551a7 <main+62>:	jmp    0x555555555186 <main+29>

0x5555555551a7: => 0x5555555551a7 <main+62>:	jmp    0x555555555186 <main+29>

0x555555555186: => 0x555555555186 <main+29>:	cmpl   $0x9,-0x8(%rbp)

0x555555555186: => 0x555555555186 <main+29>:	cmpl   $0x9,-0x8(%rbp)

0x55555555518a: => 0x55555555518a <main+33>:	jg     0x5555555551a9 <main+64>

0x55555555518a: => 0x55555555518a <main+33>:	jg     0x5555555551a9 <main+64>

0x55555555518c: => 0x55555555518c <main+35>:	mov    -0x10(%rbp),%edx

0x55555555518c: => 0x55555555518c <main+35>:	mov    -0x10(%rbp),%edx

0x55555555518f: => 0x55555555518f <main+38>:	mov    -0xc(%rbp),%eax

0x55555555518f: => 0x55555555518f <main+38>:	mov    -0xc(%rbp),%eax

0x555555555192: => 0x555555555192 <main+41>:	add    %edx,%eax

0x555555555192: => 0x555555555192 <main+41>:	add    %edx,%eax

0x555555555194: => 0x555555555194 <main+43>:	mov    %eax,-0x4(%rbp)

0x555555555194: => 0x555555555194 <main+43>:	mov    %eax,-0x4(%rbp)

0x555555555197: => 0x555555555197 <main+46>:	mov    -0xc(%rbp),%eax

0x555555555197: => 0x555555555197 <main+46>:	mov    -0xc(%rbp),%eax

0x55555555519a: => 0x55555555519a <main+49>:	mov    %eax,-0x10(%rbp)

0x55555555519a: => 0x55555555519a <main+49>:	mov    %eax,-0x10(%rbp)

0x55555555519d: => 0x55555555519d <main+52>:	mov    -0x4(%rbp),%eax

0x55555555519d: => 0x55555555519d <main+52>:	mov    -0x4(%rbp),%eax

0x5555555551a0: => 0x5555555551a0 <main+55>:	mov    %eax,-0xc(%rbp)

0x5555555551a0: => 0x5555555551a0 <main+55>:	mov    %eax,-0xc(%rbp)

0x5555555551a3: => 0x5555555551a3 <main+58>:	addl   $0x1,-0x8(%rbp)

0x5555555551a3: => 0x5555555551a3 <main+58>:	addl   $0x1,-0x8(%rbp)

0x5555555551a7: => 0x5555555551a7 <main+62>:	jmp    0x555555555186 <main+29>

0x5555555551a7: => 0x5555555551a7 <main+62>:	jmp    0x555555555186 <main+29>

0x555555555186: => 0x555555555186 <main+29>:	cmpl   $0x9,-0x8(%rbp)

0x555555555186: => 0x555555555186 <main+29>:	cmpl   $0x9,-0x8(%rbp)

0x55555555518a: => 0x55555555518a <main+33>:	jg     0x5555555551a9 <main+64>

0x55555555518a: => 0x55555555518a <main+33>:	jg     0x5555555551a9 <main+64>

0x55555555518c: => 0x55555555518c <main+35>:	mov    -0x10(%rbp),%edx

0x55555555518c: => 0x55555555518c <main+35>:	mov    -0x10(%rbp),%edx

0x55555555518f: => 0x55555555518f <main+38>:	mov    -0xc(%rbp),%eax

0x55555555518f: => 0x55555555518f <main+38>:	mov    -0xc(%rbp),%eax

0x555555555192: => 0x555555555192 <main+41>:	add    %edx,%eax

0x555555555192: => 0x555555555192 <main+41>:	add    %edx,%eax

0x555555555194: => 0x555555555194 <main+43>:	mov    %eax,-0x4(%rbp)

0x555555555194: => 0x555555555194 <main+43>:	mov    %eax,-0x4(%rbp)

0x555555555197: => 0x555555555197 <main+46>:	mov    -0xc(%rbp),%eax

0x555555555197: => 0x555555555197 <main+46>:	mov    -0xc(%rbp),%eax

0x55555555519a: => 0x55555555519a <main+49>:	mov    %eax,-0x10(%rbp)

0x55555555519a: => 0x55555555519a <main+49>:	mov    %eax,-0x10(%rbp)

0x55555555519d: => 0x55555555519d <main+52>:	mov    -0x4(%rbp),%eax

0x55555555519d: => 0x55555555519d <main+52>:	mov    -0x4(%rbp),%eax

0x5555555551a0: => 0x5555555551a0 <main+55>:	mov    %eax,-0xc(%rbp)

0x5555555551a0: => 0x5555555551a0 <main+55>:	mov    %eax,-0xc(%rbp)

0x5555555551a3: => 0x5555555551a3 <main+58>:	addl   $0x1,-0x8(%rbp)

0x5555555551a3: => 0x5555555551a3 <main+58>:	addl   $0x1,-0x8(%rbp)

0x5555555551a7: => 0x5555555551a7 <main+62>:	jmp    0x555555555186 <main+29>

0x5555555551a7: => 0x5555555551a7 <main+62>:	jmp    0x555555555186 <main+29>

0x555555555186: => 0x555555555186 <main+29>:	cmpl   $0x9,-0x8(%rbp)

0x555555555186: => 0x555555555186 <main+29>:	cmpl   $0x9,-0x8(%rbp)

0x55555555518a: => 0x55555555518a <main+33>:	jg     0x5555555551a9 <main+64>

0x55555555518a: => 0x55555555518a <main+33>:	jg     0x5555555551a9 <main+64>

0x55555555518c: => 0x55555555518c <main+35>:	mov    -0x10(%rbp),%edx

0x55555555518c: => 0x55555555518c <main+35>:	mov    -0x10(%rbp),%edx

0x55555555518f: => 0x55555555518f <main+38>:	mov    -0xc(%rbp),%eax

0x55555555518f: => 0x55555555518f <main+38>:	mov    -0xc(%rbp),%eax

0x555555555192: => 0x555555555192 <main+41>:	add    %edx,%eax

0x555555555192: => 0x555555555192 <main+41>:	add    %edx,%eax

0x555555555194: => 0x555555555194 <main+43>:	mov    %eax,-0x4(%rbp)

0x555555555194: => 0x555555555194 <main+43>:	mov    %eax,-0x4(%rbp)

0x555555555197: => 0x555555555197 <main+46>:	mov    -0xc(%rbp),%eax

0x555555555197: => 0x555555555197 <main+46>:	mov    -0xc(%rbp),%eax

0x55555555519a: => 0x55555555519a <main+49>:	mov    %eax,-0x10(%rbp)

0x55555555519a: => 0x55555555519a <main+49>:	mov    %eax,-0x10(%rbp)

0x55555555519d: => 0x55555555519d <main+52>:	mov    -0x4(%rbp),%eax

0x55555555519d: => 0x55555555519d <main+52>:	mov    -0x4(%rbp),%eax

0x5555555551a0: => 0x5555555551a0 <main+55>:	mov    %eax,-0xc(%rbp)

0x5555555551a0: => 0x5555555551a0 <main+55>:	mov    %eax,-0xc(%rbp)

0x5555555551a3: => 0x5555555551a3 <main+58>:	addl   $0x1,-0x8(%rbp)

0x5555555551a3: => 0x5555555551a3 <main+58>:	addl   $0x1,-0x8(%rbp)

0x5555555551a7: => 0x5555555551a7 <main+62>:	jmp    0x555555555186 <main+29>

0x5555555551a7: => 0x5555555551a7 <main+62>:	jmp    0x555555555186 <main+29>

0x555555555186: => 0x555555555186 <main+29>:	cmpl   $0x9,-0x8(%rbp)

0x555555555186: => 0x555555555186 <main+29>:	cmpl   $0x9,-0x8(%rbp)

0x55555555518a: => 0x55555555518a <main+33>:	jg     0x5555555551a9 <main+64>

0x55555555518a: => 0x55555555518a <main+33>:	jg     0x5555555551a9 <main+64>

0x55555555518c: => 0x55555555518c <main+35>:	mov    -0x10(%rbp),%edx

0x55555555518c: => 0x55555555518c <main+35>:	mov    -0x10(%rbp),%edx

0x55555555518f: => 0x55555555518f <main+38>:	mov    -0xc(%rbp),%eax

0x55555555518f: => 0x55555555518f <main+38>:	mov    -0xc(%rbp),%eax

0x555555555192: => 0x555555555192 <main+41>:	add    %edx,%eax

0x555555555192: => 0x555555555192 <main+41>:	add    %edx,%eax

0x555555555194: => 0x555555555194 <main+43>:	mov    %eax,-0x4(%rbp)

0x555555555194: => 0x555555555194 <main+43>:	mov    %eax,-0x4(%rbp)

0x555555555197: => 0x555555555197 <main+46>:	mov    -0xc(%rbp),%eax

0x555555555197: => 0x555555555197 <main+46>:	mov    -0xc(%rbp),%eax

0x55555555519a: => 0x55555555519a <main+49>:	mov    %eax,-0x10(%rbp)

0x55555555519a: => 0x55555555519a <main+49>:	mov    %eax,-0x10(%rbp)

0x55555555519d: => 0x55555555519d <main+52>:	mov    -0x4(%rbp),%eax

0x55555555519d: => 0x55555555519d <main+52>:	mov    -0x4(%rbp),%eax

0x5555555551a0: => 0x5555555551a0 <main+55>:	mov    %eax,-0xc(%rbp)

0x5555555551a0: => 0x5555555551a0 <main+55>:	mov    %eax,-0xc(%rbp)

0x5555555551a3: => 0x5555555551a3 <main+58>:	addl   $0x1,-0x8(%rbp)

0x5555555551a3: => 0x5555555551a3 <main+58>:	addl   $0x1,-0x8(%rbp)

0x5555555551a7: => 0x5555555551a7 <main+62>:	jmp    0x555555555186 <main+29>

0x5555555551a7: => 0x5555555551a7 <main+62>:	jmp    0x555555555186 <main+29>

0x555555555186: => 0x555555555186 <main+29>:	cmpl   $0x9,-0x8(%rbp)

0x555555555186: => 0x555555555186 <main+29>:	cmpl   $0x9,-0x8(%rbp)

0x55555555518a: => 0x55555555518a <main+33>:	jg     0x5555555551a9 <main+64>

0x55555555518a: => 0x55555555518a <main+33>:	jg     0x5555555551a9 <main+64>

0x5555555551a9: => 0x5555555551a9 <main+64>:	mov    $0x0,%eax

0x5555555551a9: => 0x5555555551a9 <main+64>:	mov    $0x0,%eax

0x5555555551ae: => 0x5555555551ae <main+69>:	pop    %rbp

0x5555555551ae: => 0x5555555551ae <main+69>:	pop    %rbp

0x5555555551af: => 0x5555555551af <main+70>:	retq   

0x5555555551af: => 0x5555555551af <main+70>:	retq   

0x7ffff7c0d083: => 0x7ffff7c0d083 <__libc_start_main+243>:	mov    %eax,%edi

0x7ffff7c0d083: => 0x7ffff7c0d083 <__libc_start_main+243>:	mov    %eax,%edi

0x7ffff7c0d085: => 0x7ffff7c0d085 <__libc_start_main+245>:	callq  0x7ffff7c2fa40 <__GI_exit>

0x7ffff7c0d085: => 0x7ffff7c0d085 <__libc_start_main+245>:	callq  0x7ffff7c2fa40 <__GI_exit>

