0x555555555601: => 0x555555555601 <main+4>:	push   %rbp

0x555555555602: => 0x555555555602 <main+5>:	mov    %rsp,%rbp

0x555555555605: => 0x555555555605 <main+8>:	push   %r13

0x555555555607: => 0x555555555607 <main+10>:	push   %r12

0x555555555609: => 0x555555555609 <main+12>:	push   %rbx

0x55555555560a: => 0x55555555560a <main+13>:	sub    $0x68,%rsp

0x55555555560e: => 0x55555555560e <main+17>:	mov    %fs:0x28,%rax

0x555555555617: => 0x555555555617 <main+26>:	mov    %rax,-0x28(%rbp)

0x55555555561b: => 0x55555555561b <main+30>:	xor    %eax,%eax

0x55555555561d: => 0x55555555561d <main+32>:	movl   $0x5,-0x40(%rbp)

0x555555555624: => 0x555555555624 <main+39>:	movl   $0x2,-0x3c(%rbp)

0x55555555562b: => 0x55555555562b <main+46>:	movl   $0x9,-0x38(%rbp)

0x555555555632: => 0x555555555632 <main+53>:	movl   $0x1,-0x34(%rbp)

0x555555555639: => 0x555555555639 <main+60>:	movl   $0x7,-0x30(%rbp)

0x555555555640: => 0x555555555640 <main+67>:	lea    -0x40(%rbp),%rax

0x555555555644: => 0x555555555644 <main+71>:	mov    %rax,%r12

0x555555555647: => 0x555555555647 <main+74>:	mov    $0x5,%r13d

0x55555555564d: => 0x55555555564d <main+80>:	lea    -0x70(%rbp),%rax

0x555555555651: => 0x555555555651 <main+84>:	mov    %rax,%rdi

0x555555555654: => 0x555555555654 <main+87>:	callq  0x55555555584c <_ZNSaIiEC2Ev>

0x55555555584c: => 0x55555555584c <_ZNSaIiEC2Ev>:	endbr64 

0x555555555850: => 0x555555555850 <_ZNSaIiEC2Ev+4>:	push   %rbp

0x555555555851: => 0x555555555851 <_ZNSaIiEC2Ev+5>:	mov    %rsp,%rbp

0x555555555854: => 0x555555555854 <_ZNSaIiEC2Ev+8>:	sub    $0x10,%rsp

0x555555555858: => 0x555555555858 <_ZNSaIiEC2Ev+12>:	mov    %rdi,-0x8(%rbp)

0x55555555585c: => 0x55555555585c <_ZNSaIiEC2Ev+16>:	mov    -0x8(%rbp),%rax

0x555555555860: => 0x555555555860 <_ZNSaIiEC2Ev+20>:	mov    %rax,%rdi

0x555555555863: => 0x555555555863 <_ZNSaIiEC2Ev+23>:	callq  0x555555555b1e <_ZN9__gnu_cxx13new_allocatorIiEC2Ev>

0x555555555b1e: => 0x555555555b1e <_ZN9__gnu_cxx13new_allocatorIiEC2Ev>:	endbr64 

0x555555555b22: => 0x555555555b22 <_ZN9__gnu_cxx13new_allocatorIiEC2Ev+4>:	push   %rbp

0x555555555b23: => 0x555555555b23 <_ZN9__gnu_cxx13new_allocatorIiEC2Ev+5>:	mov    %rsp,%rbp

0x555555555b26: => 0x555555555b26 <_ZN9__gnu_cxx13new_allocatorIiEC2Ev+8>:	mov    %rdi,-0x8(%rbp)

0x555555555b2a: => 0x555555555b2a <_ZN9__gnu_cxx13new_allocatorIiEC2Ev+12>:	nop

0x555555555b2b: => 0x555555555b2b <_ZN9__gnu_cxx13new_allocatorIiEC2Ev+13>:	pop    %rbp

0x555555555b2c: => 0x555555555b2c <_ZN9__gnu_cxx13new_allocatorIiEC2Ev+14>:	retq   

0x555555555868: => 0x555555555868 <_ZNSaIiEC2Ev+28>:	nop

0x555555555869: => 0x555555555869 <_ZNSaIiEC2Ev+29>:	leaveq 

0x55555555586a: => 0x55555555586a <_ZNSaIiEC2Ev+30>:	retq   

0x555555555659: => 0x555555555659 <main+92>:	lea    -0x70(%rbp),%rdx

0x55555555565d: => 0x55555555565d <main+96>:	mov    %r12,%rsi

0x555555555660: => 0x555555555660 <main+99>:	mov    %r13,%rdi

0x555555555663: => 0x555555555663 <main+102>:	mov    %r12,%rcx

0x555555555666: => 0x555555555666 <main+105>:	mov    %r13,%rbx

0x555555555669: => 0x555555555669 <main+108>:	mov    %rbx,%rdi

0x55555555566c: => 0x55555555566c <main+111>:	lea    -0x60(%rbp),%rax

0x555555555670: => 0x555555555670 <main+115>:	mov    %rdx,%rcx

0x555555555673: => 0x555555555673 <main+118>:	mov    %rdi,%rdx

0x555555555676: => 0x555555555676 <main+121>:	mov    %rax,%rdi

0x555555555679: => 0x555555555679 <main+124>:	callq  0x555555555954 <_ZNSt6vectorIiSaIiEEC2ESt16initializer_listIiERKS0_>

0x555555555954: => 0x555555555954 <_ZNSt6vectorIiSaIiEEC2ESt16initializer_listIiERKS0_>:	endbr64 

0x555555555958: => 0x555555555958 <_ZNSt6vectorIiSaIiEEC2ESt16initializer_listIiERKS0_+4>:	push   %rbp

0x555555555959: => 0x555555555959 <_ZNSt6vectorIiSaIiEEC2ESt16initializer_listIiERKS0_+5>:	mov    %rsp,%rbp

0x55555555595c: => 0x55555555595c <_ZNSt6vectorIiSaIiEEC2ESt16initializer_listIiERKS0_+8>:	push   %rbx

0x55555555595d: => 0x55555555595d <_ZNSt6vectorIiSaIiEEC2ESt16initializer_listIiERKS0_+9>:	sub    $0x38,%rsp

0x555555555961: => 0x555555555961 <_ZNSt6vectorIiSaIiEEC2ESt16initializer_listIiERKS0_+13>:	mov    %rdi,-0x28(%rbp)

0x555555555965: => 0x555555555965 <_ZNSt6vectorIiSaIiEEC2ESt16initializer_listIiERKS0_+17>:	mov    %rsi,%rax

0x555555555968: => 0x555555555968 <_ZNSt6vectorIiSaIiEEC2ESt16initializer_listIiERKS0_+20>:	mov    %rdx,%rsi

0x55555555596b: => 0x55555555596b <_ZNSt6vectorIiSaIiEEC2ESt16initializer_listIiERKS0_+23>:	mov    %rsi,%rdx

0x55555555596e: => 0x55555555596e <_ZNSt6vectorIiSaIiEEC2ESt16initializer_listIiERKS0_+26>:	mov    %rax,-0x40(%rbp)

0x555555555972: => 0x555555555972 <_ZNSt6vectorIiSaIiEEC2ESt16initializer_listIiERKS0_+30>:	mov    %rdx,-0x38(%rbp)

0x555555555976: => 0x555555555976 <_ZNSt6vectorIiSaIiEEC2ESt16initializer_listIiERKS0_+34>:	mov    %rcx,-0x30(%rbp)

0x55555555597a: => 0x55555555597a <_ZNSt6vectorIiSaIiEEC2ESt16initializer_listIiERKS0_+38>:	mov    %fs:0x28,%rax

0x555555555983: => 0x555555555983 <_ZNSt6vectorIiSaIiEEC2ESt16initializer_listIiERKS0_+47>:	mov    %rax,-0x18(%rbp)

0x555555555987: => 0x555555555987 <_ZNSt6vectorIiSaIiEEC2ESt16initializer_listIiERKS0_+51>:	xor    %eax,%eax

0x555555555989: => 0x555555555989 <_ZNSt6vectorIiSaIiEEC2ESt16initializer_listIiERKS0_+53>:	mov    -0x28(%rbp),%rax

0x55555555598d: => 0x55555555598d <_ZNSt6vectorIiSaIiEEC2ESt16initializer_listIiERKS0_+57>:	mov    -0x30(%rbp),%rdx

0x555555555991: => 0x555555555991 <_ZNSt6vectorIiSaIiEEC2ESt16initializer_listIiERKS0_+61>:	mov    %rdx,%rsi

0x555555555994: => 0x555555555994 <_ZNSt6vectorIiSaIiEEC2ESt16initializer_listIiERKS0_+64>:	mov    %rax,%rdi

0x555555555997: => 0x555555555997 <_ZNSt6vectorIiSaIiEEC2ESt16initializer_listIiERKS0_+67>:	callq  0x555555555d1e <_ZNSt12_Vector_baseIiSaIiEEC2ERKS0_>

0x555555555d1e: => 0x555555555d1e <_ZNSt12_Vector_baseIiSaIiEEC2ERKS0_>:	endbr64 

0x555555555d22: => 0x555555555d22 <_ZNSt12_Vector_baseIiSaIiEEC2ERKS0_+4>:	push   %rbp

0x555555555d23: => 0x555555555d23 <_ZNSt12_Vector_baseIiSaIiEEC2ERKS0_+5>:	mov    %rsp,%rbp

0x555555555d26: => 0x555555555d26 <_ZNSt12_Vector_baseIiSaIiEEC2ERKS0_+8>:	sub    $0x10,%rsp

0x555555555d2a: => 0x555555555d2a <_ZNSt12_Vector_baseIiSaIiEEC2ERKS0_+12>:	mov    %rdi,-0x8(%rbp)

0x555555555d2e: => 0x555555555d2e <_ZNSt12_Vector_baseIiSaIiEEC2ERKS0_+16>:	mov    %rsi,-0x10(%rbp)

0x555555555d32: => 0x555555555d32 <_ZNSt12_Vector_baseIiSaIiEEC2ERKS0_+20>:	mov    -0x8(%rbp),%rax

0x555555555d36: => 0x555555555d36 <_ZNSt12_Vector_baseIiSaIiEEC2ERKS0_+24>:	mov    -0x10(%rbp),%rdx

0x555555555d3a: => 0x555555555d3a <_ZNSt12_Vector_baseIiSaIiEEC2ERKS0_+28>:	mov    %rdx,%rsi

0x555555555d3d: => 0x555555555d3d <_ZNSt12_Vector_baseIiSaIiEEC2ERKS0_+31>:	mov    %rax,%rdi

0x555555555d40: => 0x555555555d40 <_ZNSt12_Vector_baseIiSaIiEEC2ERKS0_+34>:	callq  0x555555555f14 <_ZNSt12_Vector_baseIiSaIiEE12_Vector_implC2ERKS0_>

0x555555555f14: => 0x555555555f14 <_ZNSt12_Vector_baseIiSaIiEE12_Vector_implC2ERKS0_>:	endbr64 

0x555555555f18: => 0x555555555f18 <_ZNSt12_Vector_baseIiSaIiEE12_Vector_implC2ERKS0_+4>:	push   %rbp

0x555555555f19: => 0x555555555f19 <_ZNSt12_Vector_baseIiSaIiEE12_Vector_implC2ERKS0_+5>:	mov    %rsp,%rbp

0x555555555f1c: => 0x555555555f1c <_ZNSt12_Vector_baseIiSaIiEE12_Vector_implC2ERKS0_+8>:	sub    $0x10,%rsp

0x555555555f20: => 0x555555555f20 <_ZNSt12_Vector_baseIiSaIiEE12_Vector_implC2ERKS0_+12>:	mov    %rdi,-0x8(%rbp)

0x555555555f24: => 0x555555555f24 <_ZNSt12_Vector_baseIiSaIiEE12_Vector_implC2ERKS0_+16>:	mov    %rsi,-0x10(%rbp)

0x555555555f28: => 0x555555555f28 <_ZNSt12_Vector_baseIiSaIiEE12_Vector_implC2ERKS0_+20>:	mov    -0x10(%rbp),%rdx

0x555555555f2c: => 0x555555555f2c <_ZNSt12_Vector_baseIiSaIiEE12_Vector_implC2ERKS0_+24>:	mov    -0x8(%rbp),%rax

0x555555555f30: => 0x555555555f30 <_ZNSt12_Vector_baseIiSaIiEE12_Vector_implC2ERKS0_+28>:	mov    %rdx,%rsi

0x555555555f33: => 0x555555555f33 <_ZNSt12_Vector_baseIiSaIiEE12_Vector_implC2ERKS0_+31>:	mov    %rax,%rdi

0x555555555f36: => 0x555555555f36 <_ZNSt12_Vector_baseIiSaIiEE12_Vector_implC2ERKS0_+34>:	callq  0x555555555eea <_ZNSaIiEC2ERKS_>

0x555555555eea: => 0x555555555eea <_ZNSaIiEC2ERKS_>:	endbr64 

0x555555555eee: => 0x555555555eee <_ZNSaIiEC2ERKS_+4>:	push   %rbp

0x555555555eef: => 0x555555555eef <_ZNSaIiEC2ERKS_+5>:	mov    %rsp,%rbp

0x555555555ef2: => 0x555555555ef2 <_ZNSaIiEC2ERKS_+8>:	sub    $0x10,%rsp

0x555555555ef6: => 0x555555555ef6 <_ZNSaIiEC2ERKS_+12>:	mov    %rdi,-0x8(%rbp)

0x555555555efa: => 0x555555555efa <_ZNSaIiEC2ERKS_+16>:	mov    %rsi,-0x10(%rbp)

0x555555555efe: => 0x555555555efe <_ZNSaIiEC2ERKS_+20>:	mov    -0x10(%rbp),%rdx

0x555555555f02: => 0x555555555f02 <_ZNSaIiEC2ERKS_+24>:	mov    -0x8(%rbp),%rax

0x555555555f06: => 0x555555555f06 <_ZNSaIiEC2ERKS_+28>:	mov    %rdx,%rsi

0x555555555f09: => 0x555555555f09 <_ZNSaIiEC2ERKS_+31>:	mov    %rax,%rdi

0x555555555f0c: => 0x555555555f0c <_ZNSaIiEC2ERKS_+34>:	callq  0x55555555615c <_ZN9__gnu_cxx13new_allocatorIiEC2ERKS1_>

0x55555555615c: => 0x55555555615c <_ZN9__gnu_cxx13new_allocatorIiEC2ERKS1_>:	endbr64 

0x555555556160: => 0x555555556160 <_ZN9__gnu_cxx13new_allocatorIiEC2ERKS1_+4>:	push   %rbp

0x555555556161: => 0x555555556161 <_ZN9__gnu_cxx13new_allocatorIiEC2ERKS1_+5>:	mov    %rsp,%rbp

0x555555556164: => 0x555555556164 <_ZN9__gnu_cxx13new_allocatorIiEC2ERKS1_+8>:	mov    %rdi,-0x8(%rbp)

0x555555556168: => 0x555555556168 <_ZN9__gnu_cxx13new_allocatorIiEC2ERKS1_+12>:	mov    %rsi,-0x10(%rbp)

0x55555555616c: => 0x55555555616c <_ZN9__gnu_cxx13new_allocatorIiEC2ERKS1_+16>:	nop

0x55555555616d: => 0x55555555616d <_ZN9__gnu_cxx13new_allocatorIiEC2ERKS1_+17>:	pop    %rbp

0x55555555616e: => 0x55555555616e <_ZN9__gnu_cxx13new_allocatorIiEC2ERKS1_+18>:	retq   

0x555555555f11: => 0x555555555f11 <_ZNSaIiEC2ERKS_+39>:	nop

0x555555555f12: => 0x555555555f12 <_ZNSaIiEC2ERKS_+40>:	leaveq 

0x555555555f13: => 0x555555555f13 <_ZNSaIiEC2ERKS_+41>:	retq   

0x555555555f3b: => 0x555555555f3b <_ZNSt12_Vector_baseIiSaIiEE12_Vector_implC2ERKS0_+39>:	mov    -0x8(%rbp),%rax

0x555555555f3f: => 0x555555555f3f <_ZNSt12_Vector_baseIiSaIiEE12_Vector_implC2ERKS0_+43>:	mov    %rax,%rdi

0x555555555f42: => 0x555555555f42 <_ZNSt12_Vector_baseIiSaIiEE12_Vector_implC2ERKS0_+46>:	callq  0x555555556170 <_ZNSt12_Vector_baseIiSaIiEE17_Vector_impl_dataC2Ev>

0x555555556170: => 0x555555556170 <_ZNSt12_Vector_baseIiSaIiEE17_Vector_impl_dataC2Ev>:	endbr64 

0x555555556174: => 0x555555556174 <_ZNSt12_Vector_baseIiSaIiEE17_Vector_impl_dataC2Ev+4>:	push   %rbp

0x555555556175: => 0x555555556175 <_ZNSt12_Vector_baseIiSaIiEE17_Vector_impl_dataC2Ev+5>:	mov    %rsp,%rbp

0x555555556178: => 0x555555556178 <_ZNSt12_Vector_baseIiSaIiEE17_Vector_impl_dataC2Ev+8>:	mov    %rdi,-0x8(%rbp)

0x55555555617c: => 0x55555555617c <_ZNSt12_Vector_baseIiSaIiEE17_Vector_impl_dataC2Ev+12>:	mov    -0x8(%rbp),%rax

0x555555556180: => 0x555555556180 <_ZNSt12_Vector_baseIiSaIiEE17_Vector_impl_dataC2Ev+16>:	movq   $0x0,(%rax)

0x555555556187: => 0x555555556187 <_ZNSt12_Vector_baseIiSaIiEE17_Vector_impl_dataC2Ev+23>:	mov    -0x8(%rbp),%rax

0x55555555618b: => 0x55555555618b <_ZNSt12_Vector_baseIiSaIiEE17_Vector_impl_dataC2Ev+27>:	movq   $0x0,0x8(%rax)

0x555555556193: => 0x555555556193 <_ZNSt12_Vector_baseIiSaIiEE17_Vector_impl_dataC2Ev+35>:	mov    -0x8(%rbp),%rax

0x555555556197: => 0x555555556197 <_ZNSt12_Vector_baseIiSaIiEE17_Vector_impl_dataC2Ev+39>:	movq   $0x0,0x10(%rax)

0x55555555619f: => 0x55555555619f <_ZNSt12_Vector_baseIiSaIiEE17_Vector_impl_dataC2Ev+47>:	nop

0x5555555561a0: => 0x5555555561a0 <_ZNSt12_Vector_baseIiSaIiEE17_Vector_impl_dataC2Ev+48>:	pop    %rbp

0x5555555561a1: => 0x5555555561a1 <_ZNSt12_Vector_baseIiSaIiEE17_Vector_impl_dataC2Ev+49>:	retq   

0x555555555f47: => 0x555555555f47 <_ZNSt12_Vector_baseIiSaIiEE12_Vector_implC2ERKS0_+51>:	nop

0x555555555f48: => 0x555555555f48 <_ZNSt12_Vector_baseIiSaIiEE12_Vector_implC2ERKS0_+52>:	leaveq 

0x555555555f49: => 0x555555555f49 <_ZNSt12_Vector_baseIiSaIiEE12_Vector_implC2ERKS0_+53>:	retq   

0x555555555d45: => 0x555555555d45 <_ZNSt12_Vector_baseIiSaIiEEC2ERKS0_+39>:	nop

0x555555555d46: => 0x555555555d46 <_ZNSt12_Vector_baseIiSaIiEEC2ERKS0_+40>:	leaveq 

0x555555555d47: => 0x555555555d47 <_ZNSt12_Vector_baseIiSaIiEEC2ERKS0_+41>:	retq   

0x55555555599c: => 0x55555555599c <_ZNSt6vectorIiSaIiEEC2ESt16initializer_listIiERKS0_+72>:	lea    -0x40(%rbp),%rax

0x5555555559a0: => 0x5555555559a0 <_ZNSt6vectorIiSaIiEEC2ESt16initializer_listIiERKS0_+76>:	mov    %rax,%rdi

0x5555555559a3: => 0x5555555559a3 <_ZNSt6vectorIiSaIiEEC2ESt16initializer_listIiERKS0_+79>:	callq  0x555555555d5e <_ZNKSt16initializer_listIiE3endEv>

0x555555555d5e: => 0x555555555d5e <_ZNKSt16initializer_listIiE3endEv>:	endbr64 

0x555555555d62: => 0x555555555d62 <_ZNKSt16initializer_listIiE3endEv+4>:	push   %rbp

0x555555555d63: => 0x555555555d63 <_ZNKSt16initializer_listIiE3endEv+5>:	mov    %rsp,%rbp

0x555555555d66: => 0x555555555d66 <_ZNKSt16initializer_listIiE3endEv+8>:	push   %rbx

0x555555555d67: => 0x555555555d67 <_ZNKSt16initializer_listIiE3endEv+9>:	sub    $0x18,%rsp

0x555555555d6b: => 0x555555555d6b <_ZNKSt16initializer_listIiE3endEv+13>:	mov    %rdi,-0x18(%rbp)

0x555555555d6f: => 0x555555555d6f <_ZNKSt16initializer_listIiE3endEv+17>:	mov    -0x18(%rbp),%rax

0x555555555d73: => 0x555555555d73 <_ZNKSt16initializer_listIiE3endEv+21>:	mov    %rax,%rdi

0x555555555d76: => 0x555555555d76 <_ZNKSt16initializer_listIiE3endEv+24>:	callq  0x555555555d48 <_ZNKSt16initializer_listIiE5beginEv>

0x555555555d48: => 0x555555555d48 <_ZNKSt16initializer_listIiE5beginEv>:	endbr64 

0x555555555d4c: => 0x555555555d4c <_ZNKSt16initializer_listIiE5beginEv+4>:	push   %rbp

0x555555555d4d: => 0x555555555d4d <_ZNKSt16initializer_listIiE5beginEv+5>:	mov    %rsp,%rbp

0x555555555d50: => 0x555555555d50 <_ZNKSt16initializer_listIiE5beginEv+8>:	mov    %rdi,-0x8(%rbp)

0x555555555d54: => 0x555555555d54 <_ZNKSt16initializer_listIiE5beginEv+12>:	mov    -0x8(%rbp),%rax

0x555555555d58: => 0x555555555d58 <_ZNKSt16initializer_listIiE5beginEv+16>:	mov    (%rax),%rax

0x555555555d5b: => 0x555555555d5b <_ZNKSt16initializer_listIiE5beginEv+19>:	pop    %rbp

0x555555555d5c: => 0x555555555d5c <_ZNKSt16initializer_listIiE5beginEv+20>:	retq   

0x555555555d7b: => 0x555555555d7b <_ZNKSt16initializer_listIiE3endEv+29>:	mov    %rax,%rbx

0x555555555d7e: => 0x555555555d7e <_ZNKSt16initializer_listIiE3endEv+32>:	mov    -0x18(%rbp),%rax

0x555555555d82: => 0x555555555d82 <_ZNKSt16initializer_listIiE3endEv+36>:	mov    %rax,%rdi

0x555555555d85: => 0x555555555d85 <_ZNKSt16initializer_listIiE3endEv+39>:	callq  0x555555556034 <_ZNKSt16initializer_listIiE4sizeEv>

0x555555556034: => 0x555555556034 <_ZNKSt16initializer_listIiE4sizeEv>:	endbr64 

0x555555556038: => 0x555555556038 <_ZNKSt16initializer_listIiE4sizeEv+4>:	push   %rbp

0x555555556039: => 0x555555556039 <_ZNKSt16initializer_listIiE4sizeEv+5>:	mov    %rsp,%rbp

0x55555555603c: => 0x55555555603c <_ZNKSt16initializer_listIiE4sizeEv+8>:	mov    %rdi,-0x8(%rbp)

0x555555556040: => 0x555555556040 <_ZNKSt16initializer_listIiE4sizeEv+12>:	mov    -0x8(%rbp),%rax

0x555555556044: => 0x555555556044 <_ZNKSt16initializer_listIiE4sizeEv+16>:	mov    0x8(%rax),%rax

0x555555556048: => 0x555555556048 <_ZNKSt16initializer_listIiE4sizeEv+20>:	pop    %rbp

0x555555556049: => 0x555555556049 <_ZNKSt16initializer_listIiE4sizeEv+21>:	retq   

0x555555555d8a: => 0x555555555d8a <_ZNKSt16initializer_listIiE3endEv+44>:	shl    $0x2,%rax

0x555555555d8e: => 0x555555555d8e <_ZNKSt16initializer_listIiE3endEv+48>:	add    %rbx,%rax

0x555555555d91: => 0x555555555d91 <_ZNKSt16initializer_listIiE3endEv+51>:	add    $0x18,%rsp

0x555555555d95: => 0x555555555d95 <_ZNKSt16initializer_listIiE3endEv+55>:	pop    %rbx

0x555555555d96: => 0x555555555d96 <_ZNKSt16initializer_listIiE3endEv+56>:	pop    %rbp

0x555555555d97: => 0x555555555d97 <_ZNKSt16initializer_listIiE3endEv+57>:	retq   

0x5555555559a8: => 0x5555555559a8 <_ZNSt6vectorIiSaIiEEC2ESt16initializer_listIiERKS0_+84>:	mov    %rax,%rbx

0x5555555559ab: => 0x5555555559ab <_ZNSt6vectorIiSaIiEEC2ESt16initializer_listIiERKS0_+87>:	lea    -0x40(%rbp),%rax

0x5555555559af: => 0x5555555559af <_ZNSt6vectorIiSaIiEEC2ESt16initializer_listIiERKS0_+91>:	mov    %rax,%rdi

0x5555555559b2: => 0x5555555559b2 <_ZNSt6vectorIiSaIiEEC2ESt16initializer_listIiERKS0_+94>:	callq  0x555555555d48 <_ZNKSt16initializer_listIiE5beginEv>

0x555555555d48: => 0x555555555d48 <_ZNKSt16initializer_listIiE5beginEv>:	endbr64 

0x555555555d4c: => 0x555555555d4c <_ZNKSt16initializer_listIiE5beginEv+4>:	push   %rbp

0x555555555d4d: => 0x555555555d4d <_ZNKSt16initializer_listIiE5beginEv+5>:	mov    %rsp,%rbp

0x555555555d50: => 0x555555555d50 <_ZNKSt16initializer_listIiE5beginEv+8>:	mov    %rdi,-0x8(%rbp)

0x555555555d54: => 0x555555555d54 <_ZNKSt16initializer_listIiE5beginEv+12>:	mov    -0x8(%rbp),%rax

0x555555555d58: => 0x555555555d58 <_ZNKSt16initializer_listIiE5beginEv+16>:	mov    (%rax),%rax

0x555555555d5b: => 0x555555555d5b <_ZNKSt16initializer_listIiE5beginEv+19>:	pop    %rbp

0x555555555d5c: => 0x555555555d5c <_ZNKSt16initializer_listIiE5beginEv+20>:	retq   

0x5555555559b7: => 0x5555555559b7 <_ZNSt6vectorIiSaIiEEC2ESt16initializer_listIiERKS0_+99>:	mov    %rax,%rcx

0x5555555559ba: => 0x5555555559ba <_ZNSt6vectorIiSaIiEEC2ESt16initializer_listIiERKS0_+102>:	mov    -0x28(%rbp),%rax

0x5555555559be: => 0x5555555559be <_ZNSt6vectorIiSaIiEEC2ESt16initializer_listIiERKS0_+106>:	mov    %rbx,%rdx

0x5555555559c1: => 0x5555555559c1 <_ZNSt6vectorIiSaIiEEC2ESt16initializer_listIiERKS0_+109>:	mov    %rcx,%rsi

0x5555555559c4: => 0x5555555559c4 <_ZNSt6vectorIiSaIiEEC2ESt16initializer_listIiERKS0_+112>:	mov    %rax,%rdi

0x5555555559c7: => 0x5555555559c7 <_ZNSt6vectorIiSaIiEEC2ESt16initializer_listIiERKS0_+115>:	callq  0x555555555d98 <_ZNSt6vectorIiSaIiEE19_M_range_initializeIPKiEEvT_S5_St20forward_iterator_tag>

0x555555555d98: => 0x555555555d98 <_ZNSt6vectorIiSaIiEE19_M_range_initializeIPKiEEvT_S5_St20forward_iterator_tag>:	endbr64 

0x555555555d9c: => 0x555555555d9c <_ZNSt6vectorIiSaIiEE19_M_range_initializeIPKiEEvT_S5_St20forward_iterator_tag+4>:	push   %rbp

0x555555555d9d: => 0x555555555d9d <_ZNSt6vectorIiSaIiEE19_M_range_initializeIPKiEEvT_S5_St20forward_iterator_tag+5>:	mov    %rsp,%rbp

0x555555555da0: => 0x555555555da0 <_ZNSt6vectorIiSaIiEE19_M_range_initializeIPKiEEvT_S5_St20forward_iterator_tag+8>:	push   %rbx

0x555555555da1: => 0x555555555da1 <_ZNSt6vectorIiSaIiEE19_M_range_initializeIPKiEEvT_S5_St20forward_iterator_tag+9>:	sub    $0x38,%rsp

0x555555555da5: => 0x555555555da5 <_ZNSt6vectorIiSaIiEE19_M_range_initializeIPKiEEvT_S5_St20forward_iterator_tag+13>:	mov    %rdi,-0x28(%rbp)

0x555555555da9: => 0x555555555da9 <_ZNSt6vectorIiSaIiEE19_M_range_initializeIPKiEEvT_S5_St20forward_iterator_tag+17>:	mov    %rsi,-0x30(%rbp)

0x555555555dad: => 0x555555555dad <_ZNSt6vectorIiSaIiEE19_M_range_initializeIPKiEEvT_S5_St20forward_iterator_tag+21>:	mov    %rdx,-0x38(%rbp)

0x555555555db1: => 0x555555555db1 <_ZNSt6vectorIiSaIiEE19_M_range_initializeIPKiEEvT_S5_St20forward_iterator_tag+25>:	mov    -0x38(%rbp),%rdx

0x555555555db5: => 0x555555555db5 <_ZNSt6vectorIiSaIiEE19_M_range_initializeIPKiEEvT_S5_St20forward_iterator_tag+29>:	mov    -0x30(%rbp),%rax

0x555555555db9: => 0x555555555db9 <_ZNSt6vectorIiSaIiEE19_M_range_initializeIPKiEEvT_S5_St20forward_iterator_tag+33>:	mov    %rdx,%rsi

0x555555555dbc: => 0x555555555dbc <_ZNSt6vectorIiSaIiEE19_M_range_initializeIPKiEEvT_S5_St20forward_iterator_tag+36>:	mov    %rax,%rdi

0x555555555dbf: => 0x555555555dbf <_ZNSt6vectorIiSaIiEE19_M_range_initializeIPKiEEvT_S5_St20forward_iterator_tag+39>:	callq  0x55555555604a <_ZSt8distanceIPKiENSt15iterator_traitsIT_E15difference_typeES3_S3_>

0x55555555604a: => 0x55555555604a <_ZSt8distanceIPKiENSt15iterator_traitsIT_E15difference_typeES3_S3_>:	endbr64 

0x55555555604e: => 0x55555555604e <_ZSt8distanceIPKiENSt15iterator_traitsIT_E15difference_typeES3_S3_+4>:	push   %rbp

0x55555555604f: => 0x55555555604f <_ZSt8distanceIPKiENSt15iterator_traitsIT_E15difference_typeES3_S3_+5>:	mov    %rsp,%rbp

0x555555556052: => 0x555555556052 <_ZSt8distanceIPKiENSt15iterator_traitsIT_E15difference_typeES3_S3_+8>:	sub    $0x20,%rsp

0x555555556056: => 0x555555556056 <_ZSt8distanceIPKiENSt15iterator_traitsIT_E15difference_typeES3_S3_+12>:	mov    %rdi,-0x18(%rbp)

0x55555555605a: => 0x55555555605a <_ZSt8distanceIPKiENSt15iterator_traitsIT_E15difference_typeES3_S3_+16>:	mov    %rsi,-0x20(%rbp)

0x55555555605e: => 0x55555555605e <_ZSt8distanceIPKiENSt15iterator_traitsIT_E15difference_typeES3_S3_+20>:	mov    %fs:0x28,%rax

0x555555556067: => 0x555555556067 <_ZSt8distanceIPKiENSt15iterator_traitsIT_E15difference_typeES3_S3_+29>:	mov    %rax,-0x8(%rbp)

0x55555555606b: => 0x55555555606b <_ZSt8distanceIPKiENSt15iterator_traitsIT_E15difference_typeES3_S3_+33>:	xor    %eax,%eax

0x55555555606d: => 0x55555555606d <_ZSt8distanceIPKiENSt15iterator_traitsIT_E15difference_typeES3_S3_+35>:	lea    -0x18(%rbp),%rax

0x555555556071: => 0x555555556071 <_ZSt8distanceIPKiENSt15iterator_traitsIT_E15difference_typeES3_S3_+39>:	mov    %rax,%rdi

0x555555556074: => 0x555555556074 <_ZSt8distanceIPKiENSt15iterator_traitsIT_E15difference_typeES3_S3_+42>:	callq  0x555555556214 <_ZSt19__iterator_categoryIPKiENSt15iterator_traitsIT_E17iterator_categoryERKS3_>

0x555555556214: => 0x555555556214 <_ZSt19__iterator_categoryIPKiENSt15iterator_traitsIT_E17iterator_categoryERKS3_>:	endbr64 

0x555555556218: => 0x555555556218 <_ZSt19__iterator_categoryIPKiENSt15iterator_traitsIT_E17iterator_categoryERKS3_+4>:	push   %rbp

0x555555556219: => 0x555555556219 <_ZSt19__iterator_categoryIPKiENSt15iterator_traitsIT_E17iterator_categoryERKS3_+5>:	mov    %rsp,%rbp

0x55555555621c: => 0x55555555621c <_ZSt19__iterator_categoryIPKiENSt15iterator_traitsIT_E17iterator_categoryERKS3_+8>:	mov    %rdi,-0x8(%rbp)

0x555555556220: => 0x555555556220 <_ZSt19__iterator_categoryIPKiENSt15iterator_traitsIT_E17iterator_categoryERKS3_+12>:	pop    %rbp

0x555555556221: => 0x555555556221 <_ZSt19__iterator_categoryIPKiENSt15iterator_traitsIT_E17iterator_categoryERKS3_+13>:	retq   

0x555555556079: => 0x555555556079 <_ZSt8distanceIPKiENSt15iterator_traitsIT_E15difference_typeES3_S3_+47>:	mov    -0x18(%rbp),%rax

0x55555555607d: => 0x55555555607d <_ZSt8distanceIPKiENSt15iterator_traitsIT_E15difference_typeES3_S3_+51>:	mov    -0x20(%rbp),%rdx

0x555555556081: => 0x555555556081 <_ZSt8distanceIPKiENSt15iterator_traitsIT_E15difference_typeES3_S3_+55>:	mov    %rdx,%rsi

0x555555556084: => 0x555555556084 <_ZSt8distanceIPKiENSt15iterator_traitsIT_E15difference_typeES3_S3_+58>:	mov    %rax,%rdi

0x555555556087: => 0x555555556087 <_ZSt8distanceIPKiENSt15iterator_traitsIT_E15difference_typeES3_S3_+61>:	callq  0x555555556222 <_ZSt10__distanceIPKiENSt15iterator_traitsIT_E15difference_typeES3_S3_St26random_access_iterator_tag>

0x555555556222: => 0x555555556222 <_ZSt10__distanceIPKiENSt15iterator_traitsIT_E15difference_typeES3_S3_St26random_access_iterator_tag>:	endbr64 

0x555555556226: => 0x555555556226 <_ZSt10__distanceIPKiENSt15iterator_traitsIT_E15difference_typeES3_S3_St26random_access_iterator_tag+4>:	push   %rbp

0x555555556227: => 0x555555556227 <_ZSt10__distanceIPKiENSt15iterator_traitsIT_E15difference_typeES3_S3_St26random_access_iterator_tag+5>:	mov    %rsp,%rbp

0x55555555622a: => 0x55555555622a <_ZSt10__distanceIPKiENSt15iterator_traitsIT_E15difference_typeES3_S3_St26random_access_iterator_tag+8>:	mov    %rdi,-0x8(%rbp)

0x55555555622e: => 0x55555555622e <_ZSt10__distanceIPKiENSt15iterator_traitsIT_E15difference_typeES3_S3_St26random_access_iterator_tag+12>:	mov    %rsi,-0x10(%rbp)

0x555555556232: => 0x555555556232 <_ZSt10__distanceIPKiENSt15iterator_traitsIT_E15difference_typeES3_S3_St26random_access_iterator_tag+16>:	mov    -0x10(%rbp),%rax

0x555555556236: => 0x555555556236 <_ZSt10__distanceIPKiENSt15iterator_traitsIT_E15difference_typeES3_S3_St26random_access_iterator_tag+20>:	sub    -0x8(%rbp),%rax

0x55555555623a: => 0x55555555623a <_ZSt10__distanceIPKiENSt15iterator_traitsIT_E15difference_typeES3_S3_St26random_access_iterator_tag+24>:	sar    $0x2,%rax

0x55555555623e: => 0x55555555623e <_ZSt10__distanceIPKiENSt15iterator_traitsIT_E15difference_typeES3_S3_St26random_access_iterator_tag+28>:	pop    %rbp

0x55555555623f: => 0x55555555623f <_ZSt10__distanceIPKiENSt15iterator_traitsIT_E15difference_typeES3_S3_St26random_access_iterator_tag+29>:	retq   

0x55555555608c: => 0x55555555608c <_ZSt8distanceIPKiENSt15iterator_traitsIT_E15difference_typeES3_S3_+66>:	mov    -0x8(%rbp),%rcx

0x555555556090: => 0x555555556090 <_ZSt8distanceIPKiENSt15iterator_traitsIT_E15difference_typeES3_S3_+70>:	xor    %fs:0x28,%rcx

0x555555556099: => 0x555555556099 <_ZSt8distanceIPKiENSt15iterator_traitsIT_E15difference_typeES3_S3_+79>:	je     0x5555555560a0 <_ZSt8distanceIPKiENSt15iterator_traitsIT_E15difference_typeES3_S3_+86>

0x5555555560a0: => 0x5555555560a0 <_ZSt8distanceIPKiENSt15iterator_traitsIT_E15difference_typeES3_S3_+86>:	leaveq 

0x5555555560a1: => 0x5555555560a1 <_ZSt8distanceIPKiENSt15iterator_traitsIT_E15difference_typeES3_S3_+87>:	retq   

0x555555555dc4: => 0x555555555dc4 <_ZNSt6vectorIiSaIiEE19_M_range_initializeIPKiEEvT_S5_St20forward_iterator_tag+44>:	mov    %rax,-0x18(%rbp)

0x555555555dc8: => 0x555555555dc8 <_ZNSt6vectorIiSaIiEE19_M_range_initializeIPKiEEvT_S5_St20forward_iterator_tag+48>:	mov    -0x28(%rbp),%rbx

0x555555555dcc: => 0x555555555dcc <_ZNSt6vectorIiSaIiEE19_M_range_initializeIPKiEEvT_S5_St20forward_iterator_tag+52>:	mov    -0x28(%rbp),%rax

0x555555555dd0: => 0x555555555dd0 <_ZNSt6vectorIiSaIiEE19_M_range_initializeIPKiEEvT_S5_St20forward_iterator_tag+56>:	mov    %rax,%rdi

0x555555555dd3: => 0x555555555dd3 <_ZNSt6vectorIiSaIiEE19_M_range_initializeIPKiEEvT_S5_St20forward_iterator_tag+59>:	callq  0x555555555cde <_ZNSt12_Vector_baseIiSaIiEE19_M_get_Tp_allocatorEv>

0x555555555cde: => 0x555555555cde <_ZNSt12_Vector_baseIiSaIiEE19_M_get_Tp_allocatorEv>:	endbr64 

0x555555555ce2: => 0x555555555ce2 <_ZNSt12_Vector_baseIiSaIiEE19_M_get_Tp_allocatorEv+4>:	push   %rbp

0x555555555ce3: => 0x555555555ce3 <_ZNSt12_Vector_baseIiSaIiEE19_M_get_Tp_allocatorEv+5>:	mov    %rsp,%rbp

0x555555555ce6: => 0x555555555ce6 <_ZNSt12_Vector_baseIiSaIiEE19_M_get_Tp_allocatorEv+8>:	mov    %rdi,-0x8(%rbp)

0x555555555cea: => 0x555555555cea <_ZNSt12_Vector_baseIiSaIiEE19_M_get_Tp_allocatorEv+12>:	mov    -0x8(%rbp),%rax

0x555555555cee: => 0x555555555cee <_ZNSt12_Vector_baseIiSaIiEE19_M_get_Tp_allocatorEv+16>:	pop    %rbp

0x555555555cef: => 0x555555555cef <_ZNSt12_Vector_baseIiSaIiEE19_M_get_Tp_allocatorEv+17>:	retq   

0x555555555dd8: => 0x555555555dd8 <_ZNSt6vectorIiSaIiEE19_M_range_initializeIPKiEEvT_S5_St20forward_iterator_tag+64>:	mov    %rax,%rdx

0x555555555ddb: => 0x555555555ddb <_ZNSt6vectorIiSaIiEE19_M_range_initializeIPKiEEvT_S5_St20forward_iterator_tag+67>:	mov    -0x18(%rbp),%rax

0x555555555ddf: => 0x555555555ddf <_ZNSt6vectorIiSaIiEE19_M_range_initializeIPKiEEvT_S5_St20forward_iterator_tag+71>:	mov    %rdx,%rsi

0x555555555de2: => 0x555555555de2 <_ZNSt6vectorIiSaIiEE19_M_range_initializeIPKiEEvT_S5_St20forward_iterator_tag+74>:	mov    %rax,%rdi

0x555555555de5: => 0x555555555de5 <_ZNSt6vectorIiSaIiEE19_M_range_initializeIPKiEEvT_S5_St20forward_iterator_tag+77>:	callq  0x555555555b3d <_ZNSt6vectorIiSaIiEE17_S_check_init_lenEmRKS0_>

0x555555555b3d: => 0x555555555b3d <_ZNSt6vectorIiSaIiEE17_S_check_init_lenEmRKS0_>:	endbr64 

0x555555555b41: => 0x555555555b41 <_ZNSt6vectorIiSaIiEE17_S_check_init_lenEmRKS0_+4>:	push   %rbp

0x555555555b42: => 0x555555555b42 <_ZNSt6vectorIiSaIiEE17_S_check_init_lenEmRKS0_+5>:	mov    %rsp,%rbp

0x555555555b45: => 0x555555555b45 <_ZNSt6vectorIiSaIiEE17_S_check_init_lenEmRKS0_+8>:	push   %rbx

0x555555555b46: => 0x555555555b46 <_ZNSt6vectorIiSaIiEE17_S_check_init_lenEmRKS0_+9>:	sub    $0x28,%rsp

0x555555555b4a: => 0x555555555b4a <_ZNSt6vectorIiSaIiEE17_S_check_init_lenEmRKS0_+13>:	mov    %rdi,-0x28(%rbp)

0x555555555b4e: => 0x555555555b4e <_ZNSt6vectorIiSaIiEE17_S_check_init_lenEmRKS0_+17>:	mov    %rsi,-0x30(%rbp)

0x555555555b52: => 0x555555555b52 <_ZNSt6vectorIiSaIiEE17_S_check_init_lenEmRKS0_+21>:	mov    %fs:0x28,%rax

0x555555555b5b: => 0x555555555b5b <_ZNSt6vectorIiSaIiEE17_S_check_init_lenEmRKS0_+30>:	mov    %rax,-0x18(%rbp)

0x555555555b5f: => 0x555555555b5f <_ZNSt6vectorIiSaIiEE17_S_check_init_lenEmRKS0_+34>:	xor    %eax,%eax

0x555555555b61: => 0x555555555b61 <_ZNSt6vectorIiSaIiEE17_S_check_init_lenEmRKS0_+36>:	mov    -0x30(%rbp),%rdx

0x555555555b65: => 0x555555555b65 <_ZNSt6vectorIiSaIiEE17_S_check_init_lenEmRKS0_+40>:	lea    -0x19(%rbp),%rax

0x555555555b69: => 0x555555555b69 <_ZNSt6vectorIiSaIiEE17_S_check_init_lenEmRKS0_+44>:	mov    %rdx,%rsi

0x555555555b6c: => 0x555555555b6c <_ZNSt6vectorIiSaIiEE17_S_check_init_lenEmRKS0_+47>:	mov    %rax,%rdi

0x555555555b6f: => 0x555555555b6f <_ZNSt6vectorIiSaIiEE17_S_check_init_lenEmRKS0_+50>:	callq  0x555555555eea <_ZNSaIiEC2ERKS_>

0x555555555eea: => 0x555555555eea <_ZNSaIiEC2ERKS_>:	endbr64 

0x555555555eee: => 0x555555555eee <_ZNSaIiEC2ERKS_+4>:	push   %rbp

0x555555555eef: => 0x555555555eef <_ZNSaIiEC2ERKS_+5>:	mov    %rsp,%rbp

0x555555555ef2: => 0x555555555ef2 <_ZNSaIiEC2ERKS_+8>:	sub    $0x10,%rsp

0x555555555ef6: => 0x555555555ef6 <_ZNSaIiEC2ERKS_+12>:	mov    %rdi,-0x8(%rbp)

0x555555555efa: => 0x555555555efa <_ZNSaIiEC2ERKS_+16>:	mov    %rsi,-0x10(%rbp)

0x555555555efe: => 0x555555555efe <_ZNSaIiEC2ERKS_+20>:	mov    -0x10(%rbp),%rdx

0x555555555f02: => 0x555555555f02 <_ZNSaIiEC2ERKS_+24>:	mov    -0x8(%rbp),%rax

0x555555555f06: => 0x555555555f06 <_ZNSaIiEC2ERKS_+28>:	mov    %rdx,%rsi

0x555555555f09: => 0x555555555f09 <_ZNSaIiEC2ERKS_+31>:	mov    %rax,%rdi

0x555555555f0c: => 0x555555555f0c <_ZNSaIiEC2ERKS_+34>:	callq  0x55555555615c <_ZN9__gnu_cxx13new_allocatorIiEC2ERKS1_>

0x55555555615c: => 0x55555555615c <_ZN9__gnu_cxx13new_allocatorIiEC2ERKS1_>:	endbr64 

0x555555556160: => 0x555555556160 <_ZN9__gnu_cxx13new_allocatorIiEC2ERKS1_+4>:	push   %rbp

0x555555556161: => 0x555555556161 <_ZN9__gnu_cxx13new_allocatorIiEC2ERKS1_+5>:	mov    %rsp,%rbp

0x555555556164: => 0x555555556164 <_ZN9__gnu_cxx13new_allocatorIiEC2ERKS1_+8>:	mov    %rdi,-0x8(%rbp)

0x555555556168: => 0x555555556168 <_ZN9__gnu_cxx13new_allocatorIiEC2ERKS1_+12>:	mov    %rsi,-0x10(%rbp)

0x55555555616c: => 0x55555555616c <_ZN9__gnu_cxx13new_allocatorIiEC2ERKS1_+16>:	nop

0x55555555616d: => 0x55555555616d <_ZN9__gnu_cxx13new_allocatorIiEC2ERKS1_+17>:	pop    %rbp

0x55555555616e: => 0x55555555616e <_ZN9__gnu_cxx13new_allocatorIiEC2ERKS1_+18>:	retq   

0x555555555f11: => 0x555555555f11 <_ZNSaIiEC2ERKS_+39>:	nop

0x555555555f12: => 0x555555555f12 <_ZNSaIiEC2ERKS_+40>:	leaveq 

0x555555555f13: => 0x555555555f13 <_ZNSaIiEC2ERKS_+41>:	retq   

0x555555555b74: => 0x555555555b74 <_ZNSt6vectorIiSaIiEE17_S_check_init_lenEmRKS0_+55>:	lea    -0x19(%rbp),%rax

0x555555555b78: => 0x555555555b78 <_ZNSt6vectorIiSaIiEE17_S_check_init_lenEmRKS0_+59>:	mov    %rax,%rdi

0x555555555b7b: => 0x555555555b7b <_ZNSt6vectorIiSaIiEE17_S_check_init_lenEmRKS0_+62>:	callq  0x555555555e80 <_ZNSt6vectorIiSaIiEE11_S_max_sizeERKS0_>

0x555555555e80: => 0x555555555e80 <_ZNSt6vectorIiSaIiEE11_S_max_sizeERKS0_>:	endbr64 

0x555555555e84: => 0x555555555e84 <_ZNSt6vectorIiSaIiEE11_S_max_sizeERKS0_+4>:	push   %rbp

0x555555555e85: => 0x555555555e85 <_ZNSt6vectorIiSaIiEE11_S_max_sizeERKS0_+5>:	mov    %rsp,%rbp

0x555555555e88: => 0x555555555e88 <_ZNSt6vectorIiSaIiEE11_S_max_sizeERKS0_+8>:	sub    $0x30,%rsp

0x555555555e8c: => 0x555555555e8c <_ZNSt6vectorIiSaIiEE11_S_max_sizeERKS0_+12>:	mov    %rdi,-0x28(%rbp)

0x555555555e90: => 0x555555555e90 <_ZNSt6vectorIiSaIiEE11_S_max_sizeERKS0_+16>:	mov    %fs:0x28,%rax

0x555555555e99: => 0x555555555e99 <_ZNSt6vectorIiSaIiEE11_S_max_sizeERKS0_+25>:	mov    %rax,-0x8(%rbp)

0x555555555e9d: => 0x555555555e9d <_ZNSt6vectorIiSaIiEE11_S_max_sizeERKS0_+29>:	xor    %eax,%eax

0x555555555e9f: => 0x555555555e9f <_ZNSt6vectorIiSaIiEE11_S_max_sizeERKS0_+31>:	movabs $0x1fffffffffffffff,%rax

0x555555555ea9: => 0x555555555ea9 <_ZNSt6vectorIiSaIiEE11_S_max_sizeERKS0_+41>:	mov    %rax,-0x18(%rbp)

0x555555555ead: => 0x555555555ead <_ZNSt6vectorIiSaIiEE11_S_max_sizeERKS0_+45>:	mov    -0x28(%rbp),%rax

0x555555555eb1: => 0x555555555eb1 <_ZNSt6vectorIiSaIiEE11_S_max_sizeERKS0_+49>:	mov    %rax,%rdi

0x555555555eb4: => 0x555555555eb4 <_ZNSt6vectorIiSaIiEE11_S_max_sizeERKS0_+52>:	callq  0x55555555610e <_ZNSt16allocator_traitsISaIiEE8max_sizeERKS0_>

0x55555555610e: => 0x55555555610e <_ZNSt16allocator_traitsISaIiEE8max_sizeERKS0_>:	endbr64 

0x555555556112: => 0x555555556112 <_ZNSt16allocator_traitsISaIiEE8max_sizeERKS0_+4>:	push   %rbp

0x555555556113: => 0x555555556113 <_ZNSt16allocator_traitsISaIiEE8max_sizeERKS0_+5>:	mov    %rsp,%rbp

0x555555556116: => 0x555555556116 <_ZNSt16allocator_traitsISaIiEE8max_sizeERKS0_+8>:	sub    $0x10,%rsp

0x55555555611a: => 0x55555555611a <_ZNSt16allocator_traitsISaIiEE8max_sizeERKS0_+12>:	mov    %rdi,-0x8(%rbp)

0x55555555611e: => 0x55555555611e <_ZNSt16allocator_traitsISaIiEE8max_sizeERKS0_+16>:	mov    -0x8(%rbp),%rax

0x555555556122: => 0x555555556122 <_ZNSt16allocator_traitsISaIiEE8max_sizeERKS0_+20>:	mov    %rax,%rdi

0x555555556125: => 0x555555556125 <_ZNSt16allocator_traitsISaIiEE8max_sizeERKS0_+23>:	callq  0x5555555562a4 <_ZNK9__gnu_cxx13new_allocatorIiE8max_sizeEv>

0x5555555562a4: => 0x5555555562a4 <_ZNK9__gnu_cxx13new_allocatorIiE8max_sizeEv>:	endbr64 

0x5555555562a8: => 0x5555555562a8 <_ZNK9__gnu_cxx13new_allocatorIiE8max_sizeEv+4>:	push   %rbp

0x5555555562a9: => 0x5555555562a9 <_ZNK9__gnu_cxx13new_allocatorIiE8max_sizeEv+5>:	mov    %rsp,%rbp

0x5555555562ac: => 0x5555555562ac <_ZNK9__gnu_cxx13new_allocatorIiE8max_sizeEv+8>:	mov    %rdi,-0x8(%rbp)

0x5555555562b0: => 0x5555555562b0 <_ZNK9__gnu_cxx13new_allocatorIiE8max_sizeEv+12>:	movabs $0x1fffffffffffffff,%rax

0x5555555562ba: => 0x5555555562ba <_ZNK9__gnu_cxx13new_allocatorIiE8max_sizeEv+22>:	pop    %rbp

0x5555555562bb: => 0x5555555562bb <_ZNK9__gnu_cxx13new_allocatorIiE8max_sizeEv+23>:	retq   

0x55555555612a: => 0x55555555612a <_ZNSt16allocator_traitsISaIiEE8max_sizeERKS0_+28>:	leaveq 

0x55555555612b: => 0x55555555612b <_ZNSt16allocator_traitsISaIiEE8max_sizeERKS0_+29>:	retq   

0x555555555eb9: => 0x555555555eb9 <_ZNSt6vectorIiSaIiEE11_S_max_sizeERKS0_+57>:	mov    %rax,-0x10(%rbp)

0x555555555ebd: => 0x555555555ebd <_ZNSt6vectorIiSaIiEE11_S_max_sizeERKS0_+61>:	lea    -0x10(%rbp),%rdx

0x555555555ec1: => 0x555555555ec1 <_ZNSt6vectorIiSaIiEE11_S_max_sizeERKS0_+65>:	lea    -0x18(%rbp),%rax

0x555555555ec5: => 0x555555555ec5 <_ZNSt6vectorIiSaIiEE11_S_max_sizeERKS0_+69>:	mov    %rdx,%rsi

0x555555555ec8: => 0x555555555ec8 <_ZNSt6vectorIiSaIiEE11_S_max_sizeERKS0_+72>:	mov    %rax,%rdi

0x555555555ecb: => 0x555555555ecb <_ZNSt6vectorIiSaIiEE11_S_max_sizeERKS0_+75>:	callq  0x55555555612c <_ZSt3minImERKT_S2_S2_>

0x55555555612c: => 0x55555555612c <_ZSt3minImERKT_S2_S2_>:	endbr64 

0x555555556130: => 0x555555556130 <_ZSt3minImERKT_S2_S2_+4>:	push   %rbp

0x555555556131: => 0x555555556131 <_ZSt3minImERKT_S2_S2_+5>:	mov    %rsp,%rbp

0x555555556134: => 0x555555556134 <_ZSt3minImERKT_S2_S2_+8>:	mov    %rdi,-0x8(%rbp)

0x555555556138: => 0x555555556138 <_ZSt3minImERKT_S2_S2_+12>:	mov    %rsi,-0x10(%rbp)

0x55555555613c: => 0x55555555613c <_ZSt3minImERKT_S2_S2_+16>:	mov    -0x10(%rbp),%rax

0x555555556140: => 0x555555556140 <_ZSt3minImERKT_S2_S2_+20>:	mov    (%rax),%rdx

0x555555556143: => 0x555555556143 <_ZSt3minImERKT_S2_S2_+23>:	mov    -0x8(%rbp),%rax

0x555555556147: => 0x555555556147 <_ZSt3minImERKT_S2_S2_+27>:	mov    (%rax),%rax

0x55555555614a: => 0x55555555614a <_ZSt3minImERKT_S2_S2_+30>:	cmp    %rax,%rdx

0x55555555614d: => 0x55555555614d <_ZSt3minImERKT_S2_S2_+33>:	jae    0x555555556155 <_ZSt3minImERKT_S2_S2_+41>

0x555555556155: => 0x555555556155 <_ZSt3minImERKT_S2_S2_+41>:	mov    -0x8(%rbp),%rax

0x555555556159: => 0x555555556159 <_ZSt3minImERKT_S2_S2_+45>:	pop    %rbp

0x55555555615a: => 0x55555555615a <_ZSt3minImERKT_S2_S2_+46>:	retq   

0x555555555ed0: => 0x555555555ed0 <_ZNSt6vectorIiSaIiEE11_S_max_sizeERKS0_+80>:	mov    (%rax),%rax

0x555555555ed3: => 0x555555555ed3 <_ZNSt6vectorIiSaIiEE11_S_max_sizeERKS0_+83>:	mov    -0x8(%rbp),%rcx

0x555555555ed7: => 0x555555555ed7 <_ZNSt6vectorIiSaIiEE11_S_max_sizeERKS0_+87>:	xor    %fs:0x28,%rcx

0x555555555ee0: => 0x555555555ee0 <_ZNSt6vectorIiSaIiEE11_S_max_sizeERKS0_+96>:	je     0x555555555ee7 <_ZNSt6vectorIiSaIiEE11_S_max_sizeERKS0_+103>

0x555555555ee7: => 0x555555555ee7 <_ZNSt6vectorIiSaIiEE11_S_max_sizeERKS0_+103>:	leaveq 

0x555555555ee8: => 0x555555555ee8 <_ZNSt6vectorIiSaIiEE11_S_max_sizeERKS0_+104>:	retq   

0x555555555b80: => 0x555555555b80 <_ZNSt6vectorIiSaIiEE17_S_check_init_lenEmRKS0_+67>:	cmp    %rax,-0x28(%rbp)

0x555555555b84: => 0x555555555b84 <_ZNSt6vectorIiSaIiEE17_S_check_init_lenEmRKS0_+71>:	seta   %bl

0x555555555b87: => 0x555555555b87 <_ZNSt6vectorIiSaIiEE17_S_check_init_lenEmRKS0_+74>:	lea    -0x19(%rbp),%rax

0x555555555b8b: => 0x555555555b8b <_ZNSt6vectorIiSaIiEE17_S_check_init_lenEmRKS0_+78>:	mov    %rax,%rdi

0x555555555b8e: => 0x555555555b8e <_ZNSt6vectorIiSaIiEE17_S_check_init_lenEmRKS0_+81>:	callq  0x55555555586c <_ZNSaIiED2Ev>

0x55555555586c: => 0x55555555586c <_ZNSaIiED2Ev>:	endbr64 

0x555555555870: => 0x555555555870 <_ZNSaIiED2Ev+4>:	push   %rbp

0x555555555871: => 0x555555555871 <_ZNSaIiED2Ev+5>:	mov    %rsp,%rbp

0x555555555874: => 0x555555555874 <_ZNSaIiED2Ev+8>:	sub    $0x10,%rsp

0x555555555878: => 0x555555555878 <_ZNSaIiED2Ev+12>:	mov    %rdi,-0x8(%rbp)

0x55555555587c: => 0x55555555587c <_ZNSaIiED2Ev+16>:	mov    -0x8(%rbp),%rax

0x555555555880: => 0x555555555880 <_ZNSaIiED2Ev+20>:	mov    %rax,%rdi

0x555555555883: => 0x555555555883 <_ZNSaIiED2Ev+23>:	callq  0x555555555b2e <_ZN9__gnu_cxx13new_allocatorIiED2Ev>

0x555555555b2e: => 0x555555555b2e <_ZN9__gnu_cxx13new_allocatorIiED2Ev>:	endbr64 

0x555555555b32: => 0x555555555b32 <_ZN9__gnu_cxx13new_allocatorIiED2Ev+4>:	push   %rbp

0x555555555b33: => 0x555555555b33 <_ZN9__gnu_cxx13new_allocatorIiED2Ev+5>:	mov    %rsp,%rbp

0x555555555b36: => 0x555555555b36 <_ZN9__gnu_cxx13new_allocatorIiED2Ev+8>:	mov    %rdi,-0x8(%rbp)

0x555555555b3a: => 0x555555555b3a <_ZN9__gnu_cxx13new_allocatorIiED2Ev+12>:	nop

0x555555555b3b: => 0x555555555b3b <_ZN9__gnu_cxx13new_allocatorIiED2Ev+13>:	pop    %rbp

0x555555555b3c: => 0x555555555b3c <_ZN9__gnu_cxx13new_allocatorIiED2Ev+14>:	retq   

0x555555555888: => 0x555555555888 <_ZNSaIiED2Ev+28>:	nop

0x555555555889: => 0x555555555889 <_ZNSaIiED2Ev+29>:	leaveq 

0x55555555588a: => 0x55555555588a <_ZNSaIiED2Ev+30>:	retq   

0x555555555b93: => 0x555555555b93 <_ZNSt6vectorIiSaIiEE17_S_check_init_lenEmRKS0_+86>:	test   %bl,%bl

0x555555555b95: => 0x555555555b95 <_ZNSt6vectorIiSaIiEE17_S_check_init_lenEmRKS0_+88>:	je     0x555555555ba3 <_ZNSt6vectorIiSaIiEE17_S_check_init_lenEmRKS0_+102>

0x555555555ba3: => 0x555555555ba3 <_ZNSt6vectorIiSaIiEE17_S_check_init_lenEmRKS0_+102>:	mov    -0x28(%rbp),%rax

0x555555555ba7: => 0x555555555ba7 <_ZNSt6vectorIiSaIiEE17_S_check_init_lenEmRKS0_+106>:	mov    -0x18(%rbp),%rcx

0x555555555bab: => 0x555555555bab <_ZNSt6vectorIiSaIiEE17_S_check_init_lenEmRKS0_+110>:	xor    %fs:0x28,%rcx

0x555555555bb4: => 0x555555555bb4 <_ZNSt6vectorIiSaIiEE17_S_check_init_lenEmRKS0_+119>:	je     0x555555555bbb <_ZNSt6vectorIiSaIiEE17_S_check_init_lenEmRKS0_+126>

0x555555555bbb: => 0x555555555bbb <_ZNSt6vectorIiSaIiEE17_S_check_init_lenEmRKS0_+126>:	add    $0x28,%rsp

0x555555555bbf: => 0x555555555bbf <_ZNSt6vectorIiSaIiEE17_S_check_init_lenEmRKS0_+130>:	pop    %rbx

0x555555555bc0: => 0x555555555bc0 <_ZNSt6vectorIiSaIiEE17_S_check_init_lenEmRKS0_+131>:	pop    %rbp

0x555555555bc1: => 0x555555555bc1 <_ZNSt6vectorIiSaIiEE17_S_check_init_lenEmRKS0_+132>:	retq   

0x555555555dea: => 0x555555555dea <_ZNSt6vectorIiSaIiEE19_M_range_initializeIPKiEEvT_S5_St20forward_iterator_tag+82>:	mov    %rax,%rsi

0x555555555ded: => 0x555555555ded <_ZNSt6vectorIiSaIiEE19_M_range_initializeIPKiEEvT_S5_St20forward_iterator_tag+85>:	mov    %rbx,%rdi

0x555555555df0: => 0x555555555df0 <_ZNSt6vectorIiSaIiEE19_M_range_initializeIPKiEEvT_S5_St20forward_iterator_tag+88>:	callq  0x5555555560a2 <_ZNSt12_Vector_baseIiSaIiEE11_M_allocateEm>

0x5555555560a2: => 0x5555555560a2 <_ZNSt12_Vector_baseIiSaIiEE11_M_allocateEm>:	endbr64 

0x5555555560a6: => 0x5555555560a6 <_ZNSt12_Vector_baseIiSaIiEE11_M_allocateEm+4>:	push   %rbp

0x5555555560a7: => 0x5555555560a7 <_ZNSt12_Vector_baseIiSaIiEE11_M_allocateEm+5>:	mov    %rsp,%rbp

0x5555555560aa: => 0x5555555560aa <_ZNSt12_Vector_baseIiSaIiEE11_M_allocateEm+8>:	sub    $0x10,%rsp

0x5555555560ae: => 0x5555555560ae <_ZNSt12_Vector_baseIiSaIiEE11_M_allocateEm+12>:	mov    %rdi,-0x8(%rbp)

0x5555555560b2: => 0x5555555560b2 <_ZNSt12_Vector_baseIiSaIiEE11_M_allocateEm+16>:	mov    %rsi,-0x10(%rbp)

0x5555555560b6: => 0x5555555560b6 <_ZNSt12_Vector_baseIiSaIiEE11_M_allocateEm+20>:	cmpq   $0x0,-0x10(%rbp)

0x5555555560bb: => 0x5555555560bb <_ZNSt12_Vector_baseIiSaIiEE11_M_allocateEm+25>:	je     0x5555555560d2 <_ZNSt12_Vector_baseIiSaIiEE11_M_allocateEm+48>

0x5555555560bd: => 0x5555555560bd <_ZNSt12_Vector_baseIiSaIiEE11_M_allocateEm+27>:	mov    -0x8(%rbp),%rax

0x5555555560c1: => 0x5555555560c1 <_ZNSt12_Vector_baseIiSaIiEE11_M_allocateEm+31>:	mov    -0x10(%rbp),%rdx

0x5555555560c5: => 0x5555555560c5 <_ZNSt12_Vector_baseIiSaIiEE11_M_allocateEm+35>:	mov    %rdx,%rsi

0x5555555560c8: => 0x5555555560c8 <_ZNSt12_Vector_baseIiSaIiEE11_M_allocateEm+38>:	mov    %rax,%rdi

0x5555555560cb: => 0x5555555560cb <_ZNSt12_Vector_baseIiSaIiEE11_M_allocateEm+41>:	callq  0x555555556240 <_ZNSt16allocator_traitsISaIiEE8allocateERS0_m>

0x555555556240: => 0x555555556240 <_ZNSt16allocator_traitsISaIiEE8allocateERS0_m>:	endbr64 

0x555555556244: => 0x555555556244 <_ZNSt16allocator_traitsISaIiEE8allocateERS0_m+4>:	push   %rbp

0x555555556245: => 0x555555556245 <_ZNSt16allocator_traitsISaIiEE8allocateERS0_m+5>:	mov    %rsp,%rbp

0x555555556248: => 0x555555556248 <_ZNSt16allocator_traitsISaIiEE8allocateERS0_m+8>:	sub    $0x10,%rsp

0x55555555624c: => 0x55555555624c <_ZNSt16allocator_traitsISaIiEE8allocateERS0_m+12>:	mov    %rdi,-0x8(%rbp)

0x555555556250: => 0x555555556250 <_ZNSt16allocator_traitsISaIiEE8allocateERS0_m+16>:	mov    %rsi,-0x10(%rbp)

0x555555556254: => 0x555555556254 <_ZNSt16allocator_traitsISaIiEE8allocateERS0_m+20>:	mov    -0x10(%rbp),%rcx

0x555555556258: => 0x555555556258 <_ZNSt16allocator_traitsISaIiEE8allocateERS0_m+24>:	mov    -0x8(%rbp),%rax

0x55555555625c: => 0x55555555625c <_ZNSt16allocator_traitsISaIiEE8allocateERS0_m+28>:	mov    $0x0,%edx

0x555555556261: => 0x555555556261 <_ZNSt16allocator_traitsISaIiEE8allocateERS0_m+33>:	mov    %rcx,%rsi

0x555555556264: => 0x555555556264 <_ZNSt16allocator_traitsISaIiEE8allocateERS0_m+36>:	mov    %rax,%rdi

0x555555556267: => 0x555555556267 <_ZNSt16allocator_traitsISaIiEE8allocateERS0_m+39>:	callq  0x55555555633a <_ZN9__gnu_cxx13new_allocatorIiE8allocateEmPKv>

0x55555555633a: => 0x55555555633a <_ZN9__gnu_cxx13new_allocatorIiE8allocateEmPKv>:	endbr64 

0x55555555633e: => 0x55555555633e <_ZN9__gnu_cxx13new_allocatorIiE8allocateEmPKv+4>:	push   %rbp

0x55555555633f: => 0x55555555633f <_ZN9__gnu_cxx13new_allocatorIiE8allocateEmPKv+5>:	mov    %rsp,%rbp

0x555555556342: => 0x555555556342 <_ZN9__gnu_cxx13new_allocatorIiE8allocateEmPKv+8>:	sub    $0x20,%rsp

0x555555556346: => 0x555555556346 <_ZN9__gnu_cxx13new_allocatorIiE8allocateEmPKv+12>:	mov    %rdi,-0x8(%rbp)

0x55555555634a: => 0x55555555634a <_ZN9__gnu_cxx13new_allocatorIiE8allocateEmPKv+16>:	mov    %rsi,-0x10(%rbp)

0x55555555634e: => 0x55555555634e <_ZN9__gnu_cxx13new_allocatorIiE8allocateEmPKv+20>:	mov    %rdx,-0x18(%rbp)

0x555555556352: => 0x555555556352 <_ZN9__gnu_cxx13new_allocatorIiE8allocateEmPKv+24>:	mov    -0x8(%rbp),%rax

0x555555556356: => 0x555555556356 <_ZN9__gnu_cxx13new_allocatorIiE8allocateEmPKv+28>:	mov    %rax,%rdi

0x555555556359: => 0x555555556359 <_ZN9__gnu_cxx13new_allocatorIiE8allocateEmPKv+31>:	callq  0x5555555562a4 <_ZNK9__gnu_cxx13new_allocatorIiE8max_sizeEv>

0x5555555562a4: => 0x5555555562a4 <_ZNK9__gnu_cxx13new_allocatorIiE8max_sizeEv>:	endbr64 

0x5555555562a8: => 0x5555555562a8 <_ZNK9__gnu_cxx13new_allocatorIiE8max_sizeEv+4>:	push   %rbp

0x5555555562a9: => 0x5555555562a9 <_ZNK9__gnu_cxx13new_allocatorIiE8max_sizeEv+5>:	mov    %rsp,%rbp

0x5555555562ac: => 0x5555555562ac <_ZNK9__gnu_cxx13new_allocatorIiE8max_sizeEv+8>:	mov    %rdi,-0x8(%rbp)

0x5555555562b0: => 0x5555555562b0 <_ZNK9__gnu_cxx13new_allocatorIiE8max_sizeEv+12>:	movabs $0x1fffffffffffffff,%rax

0x5555555562ba: => 0x5555555562ba <_ZNK9__gnu_cxx13new_allocatorIiE8max_sizeEv+22>:	pop    %rbp

0x5555555562bb: => 0x5555555562bb <_ZNK9__gnu_cxx13new_allocatorIiE8max_sizeEv+23>:	retq   

0x55555555635e: => 0x55555555635e <_ZN9__gnu_cxx13new_allocatorIiE8allocateEmPKv+36>:	cmp    %rax,-0x10(%rbp)

0x555555556362: => 0x555555556362 <_ZN9__gnu_cxx13new_allocatorIiE8allocateEmPKv+40>:	seta   %al

0x555555556365: => 0x555555556365 <_ZN9__gnu_cxx13new_allocatorIiE8allocateEmPKv+43>:	test   %al,%al

0x555555556367: => 0x555555556367 <_ZN9__gnu_cxx13new_allocatorIiE8allocateEmPKv+45>:	je     0x55555555636e <_ZN9__gnu_cxx13new_allocatorIiE8allocateEmPKv+52>

0x55555555636e: => 0x55555555636e <_ZN9__gnu_cxx13new_allocatorIiE8allocateEmPKv+52>:	mov    -0x10(%rbp),%rax

0x555555556372: => 0x555555556372 <_ZN9__gnu_cxx13new_allocatorIiE8allocateEmPKv+56>:	shl    $0x2,%rax

0x555555556376: => 0x555555556376 <_ZN9__gnu_cxx13new_allocatorIiE8allocateEmPKv+60>:	mov    %rax,%rdi

0x555555556379: => 0x555555556379 <_ZN9__gnu_cxx13new_allocatorIiE8allocateEmPKv+63>:	callq  0x555555555150 <_Znwm@plt>

0x555555555150: => 0x555555555150 <_Znwm@plt>:	endbr64 

0x555555555154: => 0x555555555154 <_Znwm@plt+4>:	bnd jmpq *0x3e35(%rip)        # 0x555555558f90 <_Znwm@got.plt>

0x7ffff7e85b10: => 0x7ffff7e85b10 <_Znwm>:	endbr64 

0x7ffff7e85b14: => 0x7ffff7e85b14 <_Znwm+4>:	push   %rbx

0x7ffff7e85b15: => 0x7ffff7e85b15 <_Znwm+5>:	test   %rdi,%rdi

0x7ffff7e85b18: => 0x7ffff7e85b18 <_Znwm+8>:	mov    $0x1,%ebx

0x7ffff7e85b1d: => 0x7ffff7e85b1d <_Znwm+13>:	cmovne %rdi,%rbx

0x7ffff7e85b21: => 0x7ffff7e85b21 <_Znwm+17>:	mov    %rbx,%rdi

0x7ffff7e85b24: => 0x7ffff7e85b24 <_Znwm+20>:	callq  0x7ffff7e75ef0 <malloc@plt>

0x7ffff7e75ef0: => 0x7ffff7e75ef0 <malloc@plt>:	endbr64 

0x7ffff7e75ef4: => 0x7ffff7e75ef4 <malloc@plt+4>:	bnd jmpq *0x1417dd(%rip)        # 0x7ffff7fb76d8 <malloc@got.plt>

0x7ffff7c680e0: => 0x7ffff7c680e0 <__GI___libc_malloc>:	endbr64 

0x7ffff7c680e4: => 0x7ffff7c680e4 <__GI___libc_malloc+4>:	mov    0x151e05(%rip),%rax        # 0x7ffff7db9ef0

0x7ffff7c680eb: => 0x7ffff7c680eb <__GI___libc_malloc+11>:	push   %r12

0x7ffff7c680ed: => 0x7ffff7c680ed <__GI___libc_malloc+13>:	push   %rbp

0x7ffff7c680ee: => 0x7ffff7c680ee <__GI___libc_malloc+14>:	mov    %rdi,%rbp

0x7ffff7c680f1: => 0x7ffff7c680f1 <__GI___libc_malloc+17>:	push   %rbx

0x7ffff7c680f2: => 0x7ffff7c680f2 <__GI___libc_malloc+18>:	mov    (%rax),%rax

0x7ffff7c680f5: => 0x7ffff7c680f5 <__GI___libc_malloc+21>:	test   %rax,%rax

0x7ffff7c680f8: => 0x7ffff7c680f8 <__GI___libc_malloc+24>:	jne    0x7ffff7c68250 <__GI___libc_malloc+368>

0x7ffff7c680fe: => 0x7ffff7c680fe <__GI___libc_malloc+30>:	test   %rdi,%rdi

0x7ffff7c68101: => 0x7ffff7c68101 <__GI___libc_malloc+33>:	js     0x7ffff7c68230 <__GI___libc_malloc+336>

0x7ffff7c68107: => 0x7ffff7c68107 <__GI___libc_malloc+39>:	lea    0x17(%rdi),%rax

0x7ffff7c6810b: => 0x7ffff7c6810b <__GI___libc_malloc+43>:	xor    %ebx,%ebx

0x7ffff7c6810d: => 0x7ffff7c6810d <__GI___libc_malloc+45>:	cmp    $0x1f,%rax

0x7ffff7c68111: => 0x7ffff7c68111 <__GI___libc_malloc+49>:	ja     0x7ffff7c68190 <__GI___libc_malloc+176>

0x7ffff7c68190: => 0x7ffff7c68190 <__GI___libc_malloc+176>:	and    $0xfffffffffffffff0,%rax

0x7ffff7c68194: => 0x7ffff7c68194 <__GI___libc_malloc+180>:	lea    -0x11(%rax),%rbx

0x7ffff7c68198: => 0x7ffff7c68198 <__GI___libc_malloc+184>:	shr    $0x4,%rbx

0x7ffff7c6819c: => 0x7ffff7c6819c <__GI___libc_malloc+188>:	jmpq   0x7ffff7c68113 <__GI___libc_malloc+51>

0x7ffff7c68113: => 0x7ffff7c68113 <__GI___libc_malloc+51>:	mov    0x151c5e(%rip),%r12        # 0x7ffff7db9d78

0x7ffff7c6811a: => 0x7ffff7c6811a <__GI___libc_malloc+58>:	mov    %fs:(%r12),%rax

0x7ffff7c6811f: => 0x7ffff7c6811f <__GI___libc_malloc+63>:	test   %rax,%rax

0x7ffff7c68122: => 0x7ffff7c68122 <__GI___libc_malloc+66>:	je     0x7ffff7c681a8 <__GI___libc_malloc+200>

0x7ffff7c68128: => 0x7ffff7c68128 <__GI___libc_malloc+72>:	cmp    0x1521a1(%rip),%rbx        # 0x7ffff7dba2d0 <mp_+80>

0x7ffff7c6812f: => 0x7ffff7c6812f <__GI___libc_malloc+79>:	jb     0x7ffff7c681e0 <__GI___libc_malloc+256>

0x7ffff7c681e0: => 0x7ffff7c681e0 <__GI___libc_malloc+256>:	lea    (%rax,%rbx,2),%rcx

0x7ffff7c681e4: => 0x7ffff7c681e4 <__GI___libc_malloc+260>:	movzwl (%rcx),%edx

0x7ffff7c681e7: => 0x7ffff7c681e7 <__GI___libc_malloc+263>:	test   %dx,%dx

0x7ffff7c681ea: => 0x7ffff7c681ea <__GI___libc_malloc+266>:	je     0x7ffff7c68135 <__GI___libc_malloc+85>

0x7ffff7c68135: => 0x7ffff7c68135 <__GI___libc_malloc+85>:	mov    %fs:0x18,%eax

0x7ffff7c6813d: => 0x7ffff7c6813d <__GI___libc_malloc+93>:	test   %eax,%eax

0x7ffff7c6813f: => 0x7ffff7c6813f <__GI___libc_malloc+95>:	jne    0x7ffff7c68260 <__GI___libc_malloc+384>

0x7ffff7c68145: => 0x7ffff7c68145 <__GI___libc_malloc+101>:	mov    %rbp,%rsi

0x7ffff7c68148: => 0x7ffff7c68148 <__GI___libc_malloc+104>:	lea    0x152a31(%rip),%rdi        # 0x7ffff7dbab80 <main_arena>

0x7ffff7c6814f: => 0x7ffff7c6814f <__GI___libc_malloc+111>:	callq  0x7ffff7c65a70 <_int_malloc>

0x7ffff7c68154: => 0x7ffff7c68154 <__GI___libc_malloc+116>:	mov    %rax,%r8

0x7ffff7c68157: => 0x7ffff7c68157 <__GI___libc_malloc+119>:	test   %rax,%rax

0x7ffff7c6815a: => 0x7ffff7c6815a <__GI___libc_malloc+122>:	je     0x7ffff7c68220 <__GI___libc_malloc+320>

0x7ffff7c68160: => 0x7ffff7c68160 <__GI___libc_malloc+128>:	mov    -0x8(%rax),%rax

0x7ffff7c68164: => 0x7ffff7c68164 <__GI___libc_malloc+132>:	test   $0x2,%al

0x7ffff7c68166: => 0x7ffff7c68166 <__GI___libc_malloc+134>:	jne    0x7ffff7c68186 <__GI___libc_malloc+166>

0x7ffff7c68168: => 0x7ffff7c68168 <__GI___libc_malloc+136>:	test   $0x4,%al

0x7ffff7c6816a: => 0x7ffff7c6816a <__GI___libc_malloc+138>:	je     0x7ffff7c68186 <__GI___libc_malloc+166>

0x7ffff7c68186: => 0x7ffff7c68186 <__GI___libc_malloc+166>:	pop    %rbx

0x7ffff7c68187: => 0x7ffff7c68187 <__GI___libc_malloc+167>:	mov    %r8,%rax

0x7ffff7c6818a: => 0x7ffff7c6818a <__GI___libc_malloc+170>:	pop    %rbp

0x7ffff7c6818b: => 0x7ffff7c6818b <__GI___libc_malloc+171>:	pop    %r12

0x7ffff7c6818d: => 0x7ffff7c6818d <__GI___libc_malloc+173>:	retq   

0x7ffff7e85b29: => 0x7ffff7e85b29 <_Znwm+25>:	test   %rax,%rax

0x7ffff7e85b2c: => 0x7ffff7e85b2c <_Znwm+28>:	je     0x7ffff7e85b30 <_Znwm+32>

0x7ffff7e85b2e: => 0x7ffff7e85b2e <_Znwm+30>:	pop    %rbx

0x7ffff7e85b2f: => 0x7ffff7e85b2f <_Znwm+31>:	retq   

0x55555555637e: => 0x55555555637e <_ZN9__gnu_cxx13new_allocatorIiE8allocateEmPKv+68>:	leaveq 

0x55555555637f: => 0x55555555637f <_ZN9__gnu_cxx13new_allocatorIiE8allocateEmPKv+69>:	retq   

0x55555555626c: => 0x55555555626c <_ZNSt16allocator_traitsISaIiEE8allocateERS0_m+44>:	leaveq 

0x55555555626d: => 0x55555555626d <_ZNSt16allocator_traitsISaIiEE8allocateERS0_m+45>:	retq   

0x5555555560d0: => 0x5555555560d0 <_ZNSt12_Vector_baseIiSaIiEE11_M_allocateEm+46>:	jmp    0x5555555560d7 <_ZNSt12_Vector_baseIiSaIiEE11_M_allocateEm+53>

0x5555555560d7: => 0x5555555560d7 <_ZNSt12_Vector_baseIiSaIiEE11_M_allocateEm+53>:	leaveq 

0x5555555560d8: => 0x5555555560d8 <_ZNSt12_Vector_baseIiSaIiEE11_M_allocateEm+54>:	retq   

0x555555555df5: => 0x555555555df5 <_ZNSt6vectorIiSaIiEE19_M_range_initializeIPKiEEvT_S5_St20forward_iterator_tag+93>:	mov    -0x28(%rbp),%rdx

0x555555555df9: => 0x555555555df9 <_ZNSt6vectorIiSaIiEE19_M_range_initializeIPKiEEvT_S5_St20forward_iterator_tag+97>:	mov    %rax,(%rdx)

0x555555555dfc: => 0x555555555dfc <_ZNSt6vectorIiSaIiEE19_M_range_initializeIPKiEEvT_S5_St20forward_iterator_tag+100>:	mov    -0x28(%rbp),%rax

0x555555555e00: => 0x555555555e00 <_ZNSt6vectorIiSaIiEE19_M_range_initializeIPKiEEvT_S5_St20forward_iterator_tag+104>:	mov    (%rax),%rax

0x555555555e03: => 0x555555555e03 <_ZNSt6vectorIiSaIiEE19_M_range_initializeIPKiEEvT_S5_St20forward_iterator_tag+107>:	mov    -0x18(%rbp),%rdx

0x555555555e07: => 0x555555555e07 <_ZNSt6vectorIiSaIiEE19_M_range_initializeIPKiEEvT_S5_St20forward_iterator_tag+111>:	shl    $0x2,%rdx

0x555555555e0b: => 0x555555555e0b <_ZNSt6vectorIiSaIiEE19_M_range_initializeIPKiEEvT_S5_St20forward_iterator_tag+115>:	add    %rax,%rdx

0x555555555e0e: => 0x555555555e0e <_ZNSt6vectorIiSaIiEE19_M_range_initializeIPKiEEvT_S5_St20forward_iterator_tag+118>:	mov    -0x28(%rbp),%rax

0x555555555e12: => 0x555555555e12 <_ZNSt6vectorIiSaIiEE19_M_range_initializeIPKiEEvT_S5_St20forward_iterator_tag+122>:	mov    %rdx,0x10(%rax)

0x555555555e16: => 0x555555555e16 <_ZNSt6vectorIiSaIiEE19_M_range_initializeIPKiEEvT_S5_St20forward_iterator_tag+126>:	mov    -0x28(%rbp),%rax

0x555555555e1a: => 0x555555555e1a <_ZNSt6vectorIiSaIiEE19_M_range_initializeIPKiEEvT_S5_St20forward_iterator_tag+130>:	mov    %rax,%rdi

0x555555555e1d: => 0x555555555e1d <_ZNSt6vectorIiSaIiEE19_M_range_initializeIPKiEEvT_S5_St20forward_iterator_tag+133>:	callq  0x555555555cde <_ZNSt12_Vector_baseIiSaIiEE19_M_get_Tp_allocatorEv>

0x555555555e22: => 0x555555555e22 <_ZNSt6vectorIiSaIiEE19_M_range_initializeIPKiEEvT_S5_St20forward_iterator_tag+138>:	mov    %rax,%rcx

0x555555555e25: => 0x555555555e25 <_ZNSt6vectorIiSaIiEE19_M_range_initializeIPKiEEvT_S5_St20forward_iterator_tag+141>:	mov    -0x28(%rbp),%rax

0x555555555e29: => 0x555555555e29 <_ZNSt6vectorIiSaIiEE19_M_range_initializeIPKiEEvT_S5_St20forward_iterator_tag+145>:	mov    (%rax),%rdx

0x555555555e2c: => 0x555555555e2c <_ZNSt6vectorIiSaIiEE19_M_range_initializeIPKiEEvT_S5_St20forward_iterator_tag+148>:	mov    -0x38(%rbp),%rsi

0x555555555e30: => 0x555555555e30 <_ZNSt6vectorIiSaIiEE19_M_range_initializeIPKiEEvT_S5_St20forward_iterator_tag+152>:	mov    -0x30(%rbp),%rax

0x555555555e34: => 0x555555555e34 <_ZNSt6vectorIiSaIiEE19_M_range_initializeIPKiEEvT_S5_St20forward_iterator_tag+156>:	mov    %rax,%rdi

0x555555555e37: => 0x555555555e37 <_ZNSt6vectorIiSaIiEE19_M_range_initializeIPKiEEvT_S5_St20forward_iterator_tag+159>:	callq  0x5555555560d9 <_ZSt22__uninitialized_copy_aIPKiPiiET0_T_S4_S3_RSaIT1_E>

0x555555555e3c: => 0x555555555e3c <_ZNSt6vectorIiSaIiEE19_M_range_initializeIPKiEEvT_S5_St20forward_iterator_tag+164>:	mov    -0x28(%rbp),%rdx

0x555555555e40: => 0x555555555e40 <_ZNSt6vectorIiSaIiEE19_M_range_initializeIPKiEEvT_S5_St20forward_iterator_tag+168>:	mov    %rax,0x8(%rdx)

0x555555555e44: => 0x555555555e44 <_ZNSt6vectorIiSaIiEE19_M_range_initializeIPKiEEvT_S5_St20forward_iterator_tag+172>:	nop

0x555555555e45: => 0x555555555e45 <_ZNSt6vectorIiSaIiEE19_M_range_initializeIPKiEEvT_S5_St20forward_iterator_tag+173>:	add    $0x38,%rsp

0x555555555e49: => 0x555555555e49 <_ZNSt6vectorIiSaIiEE19_M_range_initializeIPKiEEvT_S5_St20forward_iterator_tag+177>:	pop    %rbx

0x555555555e4a: => 0x555555555e4a <_ZNSt6vectorIiSaIiEE19_M_range_initializeIPKiEEvT_S5_St20forward_iterator_tag+178>:	pop    %rbp

0x555555555e4b: => 0x555555555e4b <_ZNSt6vectorIiSaIiEE19_M_range_initializeIPKiEEvT_S5_St20forward_iterator_tag+179>:	retq   

0x5555555559cc: => 0x5555555559cc <_ZNSt6vectorIiSaIiEEC2ESt16initializer_listIiERKS0_+120>:	jmp    0x5555555559ec <_ZNSt6vectorIiSaIiEEC2ESt16initializer_listIiERKS0_+152>

0x5555555559ec: => 0x5555555559ec <_ZNSt6vectorIiSaIiEEC2ESt16initializer_listIiERKS0_+152>:	mov    -0x18(%rbp),%rax

0x5555555559f0: => 0x5555555559f0 <_ZNSt6vectorIiSaIiEEC2ESt16initializer_listIiERKS0_+156>:	xor    %fs:0x28,%rax

0x5555555559f9: => 0x5555555559f9 <_ZNSt6vectorIiSaIiEEC2ESt16initializer_listIiERKS0_+165>:	je     0x555555555a00 <_ZNSt6vectorIiSaIiEEC2ESt16initializer_listIiERKS0_+172>

0x555555555a00: => 0x555555555a00 <_ZNSt6vectorIiSaIiEEC2ESt16initializer_listIiERKS0_+172>:	add    $0x38,%rsp

0x555555555a04: => 0x555555555a04 <_ZNSt6vectorIiSaIiEEC2ESt16initializer_listIiERKS0_+176>:	pop    %rbx

0x555555555a05: => 0x555555555a05 <_ZNSt6vectorIiSaIiEEC2ESt16initializer_listIiERKS0_+177>:	pop    %rbp

0x555555555a06: => 0x555555555a06 <_ZNSt6vectorIiSaIiEEC2ESt16initializer_listIiERKS0_+178>:	retq   

0x55555555567e: => 0x55555555567e <main+129>:	lea    -0x70(%rbp),%rax

0x555555555682: => 0x555555555682 <main+133>:	mov    %rax,%rdi

0x555555555685: => 0x555555555685 <main+136>:	callq  0x55555555586c <_ZNSaIiED2Ev>

0x55555555568a: => 0x55555555568a <main+141>:	lea    -0x60(%rbp),%rax

0x55555555568e: => 0x55555555568e <main+145>:	mov    %rax,%rdi

0x555555555691: => 0x555555555691 <main+148>:	callq  0x55555555551a <_Z10merge_sortRSt6vectorIiSaIiEE>

0x555555555696: => 0x555555555696 <main+153>:	lea    -0x60(%rbp),%rax

0x55555555569a: => 0x55555555569a <main+157>:	mov    %rax,-0x68(%rbp)

0x55555555569e: => 0x55555555569e <main+161>:	mov    -0x68(%rbp),%rax

0x5555555556a2: => 0x5555555556a2 <main+165>:	mov    %rax,%rdi

0x5555555556a5: => 0x5555555556a5 <main+168>:	callq  0x555555555a08 <_ZNSt6vectorIiSaIiEE5beginEv>

0x5555555556aa: => 0x5555555556aa <main+173>:	mov    %rax,-0x78(%rbp)

0x5555555556ae: => 0x5555555556ae <main+177>:	mov    -0x68(%rbp),%rax

0x5555555556b2: => 0x5555555556b2 <main+181>:	mov    %rax,%rdi

0x5555555556b5: => 0x5555555556b5 <main+184>:	callq  0x555555555a54 <_ZNSt6vectorIiSaIiEE3endEv>

0x5555555556ba: => 0x5555555556ba <main+189>:	mov    %rax,-0x70(%rbp)

0x5555555556be: => 0x5555555556be <main+193>:	lea    -0x70(%rbp),%rdx

0x5555555556c2: => 0x5555555556c2 <main+197>:	lea    -0x78(%rbp),%rax

0x5555555556c6: => 0x5555555556c6 <main+201>:	mov    %rdx,%rsi

0x5555555556c9: => 0x5555555556c9 <main+204>:	mov    %rax,%rdi

0x5555555556cc: => 0x5555555556cc <main+207>:	callq  0x555555555aa4 <_ZN9__gnu_cxxneIPiSt6vectorIiSaIiEEEEbRKNS_17__normal_iteratorIT_T0_EESA_>

0x5555555556d1: => 0x5555555556d1 <main+212>:	test   %al,%al

0x5555555556d3: => 0x5555555556d3 <main+214>:	je     0x555555555714 <main+279>

0x5555555556d5: => 0x5555555556d5 <main+216>:	lea    -0x78(%rbp),%rax

0x5555555556d9: => 0x5555555556d9 <main+220>:	mov    %rax,%rdi

0x5555555556dc: => 0x5555555556dc <main+223>:	callq  0x555555555b08 <_ZNK9__gnu_cxx17__normal_iteratorIPiSt6vectorIiSaIiEEEdeEv>

0x5555555556e1: => 0x5555555556e1 <main+228>:	mov    (%rax),%eax

0x5555555556e3: => 0x5555555556e3 <main+230>:	mov    %eax,-0x7c(%rbp)

0x5555555556e6: => 0x5555555556e6 <main+233>:	mov    -0x7c(%rbp),%eax

0x5555555556e9: => 0x5555555556e9 <main+236>:	mov    %eax,%esi

0x5555555556eb: => 0x5555555556eb <main+238>:	lea    0x394e(%rip),%rdi        # 0x555555559040 <_ZSt4cout@@GLIBCXX_3.4>

0x5555555556f2: => 0x5555555556f2 <main+245>:	callq  0x5555555551a0 <_ZNSolsEi@plt>

0x5555555556f7: => 0x5555555556f7 <main+250>:	lea    0x190b(%rip),%rsi        # 0x555555557009

0x5555555556fe: => 0x5555555556fe <main+257>:	mov    %rax,%rdi

0x555555555701: => 0x555555555701 <main+260>:	callq  0x555555555140 <_ZStlsISt11char_traitsIcEERSt13basic_ostreamIcT_ES5_PKc@plt>

0x555555555706: => 0x555555555706 <main+265>:	lea    -0x78(%rbp),%rax

0x55555555570a: => 0x55555555570a <main+269>:	mov    %rax,%rdi

0x55555555570d: => 0x55555555570d <main+272>:	callq  0x555555555ae4 <_ZN9__gnu_cxx17__normal_iteratorIPiSt6vectorIiSaIiEEEppEv>

0x555555555712: => 0x555555555712 <main+277>:	jmp    0x5555555556be <main+193>

0x5555555556be: => 0x5555555556be <main+193>:	lea    -0x70(%rbp),%rdx

0x5555555556c2: => 0x5555555556c2 <main+197>:	lea    -0x78(%rbp),%rax

0x5555555556c6: => 0x5555555556c6 <main+201>:	mov    %rdx,%rsi

0x5555555556c9: => 0x5555555556c9 <main+204>:	mov    %rax,%rdi

0x5555555556cc: => 0x5555555556cc <main+207>:	callq  0x555555555aa4 <_ZN9__gnu_cxxneIPiSt6vectorIiSaIiEEEEbRKNS_17__normal_iteratorIT_T0_EESA_>

0x5555555556d1: => 0x5555555556d1 <main+212>:	test   %al,%al

0x5555555556d3: => 0x5555555556d3 <main+214>:	je     0x555555555714 <main+279>

0x5555555556d5: => 0x5555555556d5 <main+216>:	lea    -0x78(%rbp),%rax

0x5555555556d9: => 0x5555555556d9 <main+220>:	mov    %rax,%rdi

0x5555555556dc: => 0x5555555556dc <main+223>:	callq  0x555555555b08 <_ZNK9__gnu_cxx17__normal_iteratorIPiSt6vectorIiSaIiEEEdeEv>

0x5555555556e1: => 0x5555555556e1 <main+228>:	mov    (%rax),%eax

0x5555555556e3: => 0x5555555556e3 <main+230>:	mov    %eax,-0x7c(%rbp)

0x5555555556e6: => 0x5555555556e6 <main+233>:	mov    -0x7c(%rbp),%eax

0x5555555556e9: => 0x5555555556e9 <main+236>:	mov    %eax,%esi

0x5555555556eb: => 0x5555555556eb <main+238>:	lea    0x394e(%rip),%rdi        # 0x555555559040 <_ZSt4cout@@GLIBCXX_3.4>

0x5555555556f2: => 0x5555555556f2 <main+245>:	callq  0x5555555551a0 <_ZNSolsEi@plt>

0x5555555556f7: => 0x5555555556f7 <main+250>:	lea    0x190b(%rip),%rsi        # 0x555555557009

0x5555555556fe: => 0x5555555556fe <main+257>:	mov    %rax,%rdi

0x555555555701: => 0x555555555701 <main+260>:	callq  0x555555555140 <_ZStlsISt11char_traitsIcEERSt13basic_ostreamIcT_ES5_PKc@plt>

0x555555555706: => 0x555555555706 <main+265>:	lea    -0x78(%rbp),%rax

0x55555555570a: => 0x55555555570a <main+269>:	mov    %rax,%rdi

0x55555555570d: => 0x55555555570d <main+272>:	callq  0x555555555ae4 <_ZN9__gnu_cxx17__normal_iteratorIPiSt6vectorIiSaIiEEEppEv>

0x555555555712: => 0x555555555712 <main+277>:	jmp    0x5555555556be <main+193>

0x5555555556be: => 0x5555555556be <main+193>:	lea    -0x70(%rbp),%rdx

0x5555555556c2: => 0x5555555556c2 <main+197>:	lea    -0x78(%rbp),%rax

0x5555555556c6: => 0x5555555556c6 <main+201>:	mov    %rdx,%rsi

0x5555555556c9: => 0x5555555556c9 <main+204>:	mov    %rax,%rdi

0x5555555556cc: => 0x5555555556cc <main+207>:	callq  0x555555555aa4 <_ZN9__gnu_cxxneIPiSt6vectorIiSaIiEEEEbRKNS_17__normal_iteratorIT_T0_EESA_>

0x5555555556d1: => 0x5555555556d1 <main+212>:	test   %al,%al

0x5555555556d3: => 0x5555555556d3 <main+214>:	je     0x555555555714 <main+279>

0x5555555556d5: => 0x5555555556d5 <main+216>:	lea    -0x78(%rbp),%rax

0x5555555556d9: => 0x5555555556d9 <main+220>:	mov    %rax,%rdi

0x5555555556dc: => 0x5555555556dc <main+223>:	callq  0x555555555b08 <_ZNK9__gnu_cxx17__normal_iteratorIPiSt6vectorIiSaIiEEEdeEv>

0x5555555556e1: => 0x5555555556e1 <main+228>:	mov    (%rax),%eax

0x5555555556e3: => 0x5555555556e3 <main+230>:	mov    %eax,-0x7c(%rbp)

0x5555555556e6: => 0x5555555556e6 <main+233>:	mov    -0x7c(%rbp),%eax

0x5555555556e9: => 0x5555555556e9 <main+236>:	mov    %eax,%esi

0x5555555556eb: => 0x5555555556eb <main+238>:	lea    0x394e(%rip),%rdi        # 0x555555559040 <_ZSt4cout@@GLIBCXX_3.4>

0x5555555556f2: => 0x5555555556f2 <main+245>:	callq  0x5555555551a0 <_ZNSolsEi@plt>

0x5555555556f7: => 0x5555555556f7 <main+250>:	lea    0x190b(%rip),%rsi        # 0x555555557009

0x5555555556fe: => 0x5555555556fe <main+257>:	mov    %rax,%rdi

0x555555555701: => 0x555555555701 <main+260>:	callq  0x555555555140 <_ZStlsISt11char_traitsIcEERSt13basic_ostreamIcT_ES5_PKc@plt>

0x555555555706: => 0x555555555706 <main+265>:	lea    -0x78(%rbp),%rax

0x55555555570a: => 0x55555555570a <main+269>:	mov    %rax,%rdi

0x55555555570d: => 0x55555555570d <main+272>:	callq  0x555555555ae4 <_ZN9__gnu_cxx17__normal_iteratorIPiSt6vectorIiSaIiEEEppEv>

0x555555555712: => 0x555555555712 <main+277>:	jmp    0x5555555556be <main+193>

0x5555555556be: => 0x5555555556be <main+193>:	lea    -0x70(%rbp),%rdx

0x5555555556c2: => 0x5555555556c2 <main+197>:	lea    -0x78(%rbp),%rax

0x5555555556c6: => 0x5555555556c6 <main+201>:	mov    %rdx,%rsi

0x5555555556c9: => 0x5555555556c9 <main+204>:	mov    %rax,%rdi

0x5555555556cc: => 0x5555555556cc <main+207>:	callq  0x555555555aa4 <_ZN9__gnu_cxxneIPiSt6vectorIiSaIiEEEEbRKNS_17__normal_iteratorIT_T0_EESA_>

0x5555555556d1: => 0x5555555556d1 <main+212>:	test   %al,%al

0x5555555556d3: => 0x5555555556d3 <main+214>:	je     0x555555555714 <main+279>

0x5555555556d5: => 0x5555555556d5 <main+216>:	lea    -0x78(%rbp),%rax

0x5555555556d9: => 0x5555555556d9 <main+220>:	mov    %rax,%rdi

0x5555555556dc: => 0x5555555556dc <main+223>:	callq  0x555555555b08 <_ZNK9__gnu_cxx17__normal_iteratorIPiSt6vectorIiSaIiEEEdeEv>

0x5555555556e1: => 0x5555555556e1 <main+228>:	mov    (%rax),%eax

0x5555555556e3: => 0x5555555556e3 <main+230>:	mov    %eax,-0x7c(%rbp)

0x5555555556e6: => 0x5555555556e6 <main+233>:	mov    -0x7c(%rbp),%eax

0x5555555556e9: => 0x5555555556e9 <main+236>:	mov    %eax,%esi

0x5555555556eb: => 0x5555555556eb <main+238>:	lea    0x394e(%rip),%rdi        # 0x555555559040 <_ZSt4cout@@GLIBCXX_3.4>

0x5555555556f2: => 0x5555555556f2 <main+245>:	callq  0x5555555551a0 <_ZNSolsEi@plt>

0x5555555556f7: => 0x5555555556f7 <main+250>:	lea    0x190b(%rip),%rsi        # 0x555555557009

0x5555555556fe: => 0x5555555556fe <main+257>:	mov    %rax,%rdi

0x555555555701: => 0x555555555701 <main+260>:	callq  0x555555555140 <_ZStlsISt11char_traitsIcEERSt13basic_ostreamIcT_ES5_PKc@plt>

0x555555555706: => 0x555555555706 <main+265>:	lea    -0x78(%rbp),%rax

0x55555555570a: => 0x55555555570a <main+269>:	mov    %rax,%rdi

0x55555555570d: => 0x55555555570d <main+272>:	callq  0x555555555ae4 <_ZN9__gnu_cxx17__normal_iteratorIPiSt6vectorIiSaIiEEEppEv>

0x555555555712: => 0x555555555712 <main+277>:	jmp    0x5555555556be <main+193>

0x5555555556be: => 0x5555555556be <main+193>:	lea    -0x70(%rbp),%rdx

0x5555555556c2: => 0x5555555556c2 <main+197>:	lea    -0x78(%rbp),%rax

0x5555555556c6: => 0x5555555556c6 <main+201>:	mov    %rdx,%rsi

0x5555555556c9: => 0x5555555556c9 <main+204>:	mov    %rax,%rdi

0x5555555556cc: => 0x5555555556cc <main+207>:	callq  0x555555555aa4 <_ZN9__gnu_cxxneIPiSt6vectorIiSaIiEEEEbRKNS_17__normal_iteratorIT_T0_EESA_>

0x5555555556d1: => 0x5555555556d1 <main+212>:	test   %al,%al

0x5555555556d3: => 0x5555555556d3 <main+214>:	je     0x555555555714 <main+279>

0x5555555556d5: => 0x5555555556d5 <main+216>:	lea    -0x78(%rbp),%rax

0x5555555556d9: => 0x5555555556d9 <main+220>:	mov    %rax,%rdi

0x5555555556dc: => 0x5555555556dc <main+223>:	callq  0x555555555b08 <_ZNK9__gnu_cxx17__normal_iteratorIPiSt6vectorIiSaIiEEEdeEv>

0x5555555556e1: => 0x5555555556e1 <main+228>:	mov    (%rax),%eax

0x5555555556e3: => 0x5555555556e3 <main+230>:	mov    %eax,-0x7c(%rbp)

0x5555555556e6: => 0x5555555556e6 <main+233>:	mov    -0x7c(%rbp),%eax

0x5555555556e9: => 0x5555555556e9 <main+236>:	mov    %eax,%esi

0x5555555556eb: => 0x5555555556eb <main+238>:	lea    0x394e(%rip),%rdi        # 0x555555559040 <_ZSt4cout@@GLIBCXX_3.4>

0x5555555556f2: => 0x5555555556f2 <main+245>:	callq  0x5555555551a0 <_ZNSolsEi@plt>

0x5555555556f7: => 0x5555555556f7 <main+250>:	lea    0x190b(%rip),%rsi        # 0x555555557009

0x5555555556fe: => 0x5555555556fe <main+257>:	mov    %rax,%rdi

0x555555555701: => 0x555555555701 <main+260>:	callq  0x555555555140 <_ZStlsISt11char_traitsIcEERSt13basic_ostreamIcT_ES5_PKc@plt>

0x555555555706: => 0x555555555706 <main+265>:	lea    -0x78(%rbp),%rax

0x55555555570a: => 0x55555555570a <main+269>:	mov    %rax,%rdi

0x55555555570d: => 0x55555555570d <main+272>:	callq  0x555555555ae4 <_ZN9__gnu_cxx17__normal_iteratorIPiSt6vectorIiSaIiEEEppEv>

0x555555555712: => 0x555555555712 <main+277>:	jmp    0x5555555556be <main+193>

0x5555555556be: => 0x5555555556be <main+193>:	lea    -0x70(%rbp),%rdx

0x5555555556c2: => 0x5555555556c2 <main+197>:	lea    -0x78(%rbp),%rax

0x5555555556c6: => 0x5555555556c6 <main+201>:	mov    %rdx,%rsi

0x5555555556c9: => 0x5555555556c9 <main+204>:	mov    %rax,%rdi

0x5555555556cc: => 0x5555555556cc <main+207>:	callq  0x555555555aa4 <_ZN9__gnu_cxxneIPiSt6vectorIiSaIiEEEEbRKNS_17__normal_iteratorIT_T0_EESA_>

0x5555555556d1: => 0x5555555556d1 <main+212>:	test   %al,%al

0x5555555556d3: => 0x5555555556d3 <main+214>:	je     0x555555555714 <main+279>

0x555555555714: => 0x555555555714 <main+279>:	mov    0x38b5(%rip),%rax        # 0x555555558fd0

0x55555555571b: => 0x55555555571b <main+286>:	mov    %rax,%rsi

0x55555555571e: => 0x55555555571e <main+289>:	lea    0x391b(%rip),%rdi        # 0x555555559040 <_ZSt4cout@@GLIBCXX_3.4>

0x555555555725: => 0x555555555725 <main+296>:	callq  0x555555555160 <_ZNSolsEPFRSoS_E@plt>

0x55555555572a: => 0x55555555572a <main+301>:	mov    $0x0,%ebx

0x55555555572f: => 0x55555555572f <main+306>:	lea    -0x60(%rbp),%rax

0x555555555733: => 0x555555555733 <main+310>:	mov    %rax,%rdi

0x555555555736: => 0x555555555736 <main+313>:	callq  0x55555555590c <_ZNSt6vectorIiSaIiEED2Ev>

0x55555555573b: => 0x55555555573b <main+318>:	mov    %ebx,%eax

0x55555555573d: => 0x55555555573d <main+320>:	mov    -0x28(%rbp),%rcx

0x555555555741: => 0x555555555741 <main+324>:	xor    %fs:0x28,%rcx

0x55555555574a: => 0x55555555574a <main+333>:	je     0x55555555578f <main+402>

0x55555555578f: => 0x55555555578f <main+402>:	add    $0x68,%rsp

0x555555555793: => 0x555555555793 <main+406>:	pop    %rbx

0x555555555794: => 0x555555555794 <main+407>:	pop    %r12

0x555555555796: => 0x555555555796 <main+409>:	pop    %r13

0x555555555798: => 0x555555555798 <main+411>:	pop    %rbp

0x555555555799: => 0x555555555799 <main+412>:	retq   

0x7ffff7bf2083: => 0x7ffff7bf2083 <__libc_start_main+243>:	mov    %eax,%edi

0x7ffff7bf2085: => 0x7ffff7bf2085 <__libc_start_main+245>:	callq  0x7ffff7c14a40 <__GI_exit>

